{"C:\\Users\\ACER\\Documents\\final\\backend\\src\\app.js": {"path":"C:\\Users\\ACER\\Documents\\final\\backend\\src\\app.js","statementMap":{"0":{"start":{"line":1,"column":16},"end":{"line":1,"column":34}},"1":{"start":{"line":2,"column":13},"end":{"line":2,"column":28}},"2":{"start":{"line":3,"column":15},"end":{"line":3,"column":32}},"3":{"start":{"line":4,"column":15},"end":{"line":4,"column":32}},"4":{"start":{"line":5,"column":18},"end":{"line":5,"column":47}},"5":{"start":{"line":6,"column":13},"end":{"line":6,"column":28}},"6":{"start":{"line":7,"column":21},"end":{"line":7,"column":57}},"7":{"start":{"line":9,"column":19},"end":{"line":9,"column":49}},"8":{"start":{"line":10,"column":22},"end":{"line":10,"column":55}},"9":{"start":{"line":11,"column":26},"end":{"line":11,"column":63}},"10":{"start":{"line":12,"column":32},"end":{"line":12,"column":75}},"11":{"start":{"line":13,"column":27},"end":{"line":13,"column":65}},"12":{"start":{"line":14,"column":19},"end":{"line":14,"column":49}},"13":{"start":{"line":15,"column":27},"end":{"line":15,"column":65}},"14":{"start":{"line":16,"column":19},"end":{"line":16,"column":49}},"15":{"start":{"line":17,"column":24},"end":{"line":17,"column":59}},"16":{"start":{"line":18,"column":18},"end":{"line":18,"column":47}},"17":{"start":{"line":19,"column":26},"end":{"line":19,"column":63}},"18":{"start":{"line":20,"column":20},"end":{"line":20,"column":51}},"19":{"start":{"line":21,"column":21},"end":{"line":21,"column":53}},"20":{"start":{"line":22,"column":21},"end":{"line":22,"column":53}},"21":{"start":{"line":23,"column":25},"end":{"line":23,"column":61}},"22":{"start":{"line":24,"column":21},"end":{"line":24,"column":53}},"23":{"start":{"line":25,"column":28},"end":{"line":25,"column":67}},"24":{"start":{"line":26,"column":26},"end":{"line":26,"column":63}},"25":{"start":{"line":27,"column":24},"end":{"line":27,"column":59}},"26":{"start":{"line":29,"column":12},"end":{"line":29,"column":21}},"27":{"start":{"line":32,"column":0},"end":{"line":42,"column":4}},"28":{"start":{"line":45,"column":20},"end":{"line":65,"column":1}},"29":{"start":{"line":48,"column":4},"end":{"line":48,"column":45}},"30":{"start":{"line":48,"column":17},"end":{"line":48,"column":45}},"31":{"start":{"line":51,"column":27},"end":{"line":53,"column":58}},"32":{"start":{"line":55,"column":4},"end":{"line":59,"column":5}},"33":{"start":{"line":56,"column":6},"end":{"line":56,"column":27}},"34":{"start":{"line":58,"column":6},"end":{"line":58,"column":49}},"35":{"start":{"line":66,"column":0},"end":{"line":66,"column":27}},"36":{"start":{"line":69,"column":0},"end":{"line":69,"column":60}},"37":{"start":{"line":70,"column":0},"end":{"line":70,"column":41}},"38":{"start":{"line":71,"column":0},"end":{"line":71,"column":63}},"39":{"start":{"line":74,"column":26},"end":{"line":74,"column":59}},"40":{"start":{"line":75,"column":0},"end":{"line":75,"column":23}},"41":{"start":{"line":78,"column":16},"end":{"line":84,"column":2}},"42":{"start":{"line":85,"column":0},"end":{"line":85,"column":17}},"43":{"start":{"line":88,"column":0},"end":{"line":88,"column":72}},"44":{"start":{"line":91,"column":0},"end":{"line":99,"column":1}},"45":{"start":{"line":92,"column":20},"end":{"line":92,"column":49}},"46":{"start":{"line":93,"column":22},"end":{"line":93,"column":49}},"47":{"start":{"line":95,"column":2},"end":{"line":98,"column":6}},"48":{"start":{"line":102,"column":0},"end":{"line":102,"column":33}},"49":{"start":{"line":103,"column":0},"end":{"line":103,"column":40}},"50":{"start":{"line":104,"column":0},"end":{"line":104,"column":48}},"51":{"start":{"line":105,"column":0},"end":{"line":105,"column":61}},"52":{"start":{"line":106,"column":0},"end":{"line":106,"column":50}},"53":{"start":{"line":107,"column":0},"end":{"line":107,"column":34}},"54":{"start":{"line":108,"column":0},"end":{"line":108,"column":43}},"55":{"start":{"line":109,"column":0},"end":{"line":109,"column":33}},"56":{"start":{"line":110,"column":0},"end":{"line":110,"column":43}},"57":{"start":{"line":111,"column":0},"end":{"line":111,"column":32}},"58":{"start":{"line":112,"column":0},"end":{"line":112,"column":48}},"59":{"start":{"line":113,"column":0},"end":{"line":113,"column":35}},"60":{"start":{"line":114,"column":0},"end":{"line":114,"column":38}},"61":{"start":{"line":115,"column":0},"end":{"line":115,"column":38}},"62":{"start":{"line":116,"column":0},"end":{"line":116,"column":46}},"63":{"start":{"line":117,"column":0},"end":{"line":117,"column":37}},"64":{"start":{"line":118,"column":0},"end":{"line":118,"column":52}},"65":{"start":{"line":119,"column":0},"end":{"line":119,"column":49}},"66":{"start":{"line":120,"column":0},"end":{"line":120,"column":43}},"67":{"start":{"line":122,"column":0},"end":{"line":122,"column":61}},"68":{"start":{"line":122,"column":33},"end":{"line":122,"column":59}},"69":{"start":{"line":125,"column":0},"end":{"line":127,"column":3}},"70":{"start":{"line":126,"column":2},"end":{"line":126,"column":53}},"71":{"start":{"line":130,"column":0},"end":{"line":130,"column":22}},"72":{"start":{"line":132,"column":0},"end":{"line":132,"column":21}}},"fnMap":{"0":{"name":"(anonymous_0)","decl":{"start":{"line":46,"column":10},"end":{"line":46,"column":11}},"loc":{"start":{"line":46,"column":38},"end":{"line":60,"column":3}},"line":46},"1":{"name":"(anonymous_1)","decl":{"start":{"line":122,"column":19},"end":{"line":122,"column":20}},"loc":{"start":{"line":122,"column":33},"end":{"line":122,"column":59}},"line":122},"2":{"name":"(anonymous_2)","decl":{"start":{"line":125,"column":8},"end":{"line":125,"column":9}},"loc":{"start":{"line":125,"column":22},"end":{"line":127,"column":1}},"line":125}},"branchMap":{"0":{"loc":{"start":{"line":48,"column":4},"end":{"line":48,"column":45}},"type":"if","locations":[{"start":{"line":48,"column":4},"end":{"line":48,"column":45}},{"start":{},"end":{}}],"line":48},"1":{"loc":{"start":{"line":51,"column":27},"end":{"line":53,"column":58}},"type":"cond-expr","locations":[{"start":{"line":52,"column":8},"end":{"line":52,"column":46}},{"start":{"line":53,"column":8},"end":{"line":53,"column":58}}],"line":51},"2":{"loc":{"start":{"line":55,"column":4},"end":{"line":59,"column":5}},"type":"if","locations":[{"start":{"line":55,"column":4},"end":{"line":59,"column":5}},{"start":{"line":57,"column":11},"end":{"line":59,"column":5}}],"line":55},"3":{"loc":{"start":{"line":55,"column":8},"end":{"line":55,"column":87}},"type":"binary-expr","locations":[{"start":{"line":55,"column":8},"end":{"line":55,"column":45}},{"start":{"line":55,"column":49},"end":{"line":55,"column":87}}],"line":55},"4":{"loc":{"start":{"line":91,"column":0},"end":{"line":99,"column":1}},"type":"if","locations":[{"start":{"line":91,"column":0},"end":{"line":99,"column":1}},{"start":{},"end":{}}],"line":91}},"s":{"0":5,"1":5,"2":5,"3":5,"4":5,"5":5,"6":5,"7":5,"8":5,"9":5,"10":5,"11":5,"12":5,"13":5,"14":5,"15":5,"16":5,"17":5,"18":5,"19":5,"20":5,"21":5,"22":5,"23":5,"24":5,"25":5,"26":5,"27":5,"28":5,"29":13,"30":13,"31":0,"32":0,"33":0,"34":0,"35":5,"36":5,"37":5,"38":5,"39":5,"40":5,"41":5,"42":5,"43":5,"44":5,"45":5,"46":5,"47":5,"48":5,"49":5,"50":5,"51":5,"52":5,"53":5,"54":5,"55":5,"56":5,"57":5,"58":5,"59":5,"60":5,"61":5,"62":5,"63":5,"64":5,"65":5,"66":5,"67":5,"68":0,"69":5,"70":0,"71":5,"72":5},"f":{"0":13,"1":0,"2":0},"b":{"0":[13,0],"1":[0,0],"2":[0,0],"3":[0,0],"4":[5,0]},"_coverageSchema":"1a1c01bbd47fc00a2c39e90264f33305004495a9","hash":"0b8f006f9a474c35ac660ab53175ea4ec819882c"}
,"C:\\Users\\ACER\\Documents\\final\\backend\\src\\controllers\\abhaController.js": {"path":"C:\\Users\\ACER\\Documents\\final\\backend\\src\\controllers\\abhaController.js","statementMap":{"0":{"start":{"line":3,"column":21},"end":{"line":3,"column":30}},"1":{"start":{"line":6,"column":22},"end":{"line":6,"column":30}},"2":{"start":{"line":7,"column":2},"end":{"line":7,"column":78}},"3":{"start":{"line":7,"column":16},"end":{"line":7,"column":78}},"4":{"start":{"line":8,"column":2},"end":{"line":8,"column":94}},"5":{"start":{"line":12,"column":24},"end":{"line":12,"column":32}},"6":{"start":{"line":13,"column":2},"end":{"line":13,"column":79}},"7":{"start":{"line":13,"column":18},"end":{"line":13,"column":79}},"8":{"start":{"line":14,"column":2},"end":{"line":14,"column":40}},"9":{"start":{"line":15,"column":2},"end":{"line":15,"column":47}},"10":{"start":{"line":19,"column":24},"end":{"line":19,"column":32}},"11":{"start":{"line":20,"column":2},"end":{"line":20,"column":79}},"12":{"start":{"line":20,"column":18},"end":{"line":20,"column":79}},"13":{"start":{"line":21,"column":2},"end":{"line":21,"column":43}},"14":{"start":{"line":22,"column":2},"end":{"line":22,"column":48}},"15":{"start":{"line":26,"column":24},"end":{"line":26,"column":34}},"16":{"start":{"line":27,"column":2},"end":{"line":27,"column":79}},"17":{"start":{"line":27,"column":18},"end":{"line":27,"column":79}},"18":{"start":{"line":28,"column":2},"end":{"line":28,"column":69}},"19":{"start":{"line":31,"column":0},"end":{"line":31,"column":50}}},"fnMap":{"0":{"name":"enroll","decl":{"start":{"line":5,"column":15},"end":{"line":5,"column":21}},"loc":{"start":{"line":5,"column":32},"end":{"line":9,"column":1}},"line":5},"1":{"name":"link","decl":{"start":{"line":11,"column":15},"end":{"line":11,"column":19}},"loc":{"start":{"line":11,"column":30},"end":{"line":16,"column":1}},"line":11},"2":{"name":"unlink","decl":{"start":{"line":18,"column":15},"end":{"line":18,"column":21}},"loc":{"start":{"line":18,"column":32},"end":{"line":23,"column":1}},"line":18},"3":{"name":"status","decl":{"start":{"line":25,"column":15},"end":{"line":25,"column":21}},"loc":{"start":{"line":25,"column":32},"end":{"line":29,"column":1}},"line":25}},"branchMap":{"0":{"loc":{"start":{"line":7,"column":2},"end":{"line":7,"column":78}},"type":"if","locations":[{"start":{"line":7,"column":2},"end":{"line":7,"column":78}},{"start":{},"end":{}}],"line":7},"1":{"loc":{"start":{"line":13,"column":2},"end":{"line":13,"column":79}},"type":"if","locations":[{"start":{"line":13,"column":2},"end":{"line":13,"column":79}},{"start":{},"end":{}}],"line":13},"2":{"loc":{"start":{"line":20,"column":2},"end":{"line":20,"column":79}},"type":"if","locations":[{"start":{"line":20,"column":2},"end":{"line":20,"column":79}},{"start":{},"end":{}}],"line":20},"3":{"loc":{"start":{"line":27,"column":2},"end":{"line":27,"column":79}},"type":"if","locations":[{"start":{"line":27,"column":2},"end":{"line":27,"column":79}},{"start":{},"end":{}}],"line":27}},"s":{"0":5,"1":0,"2":0,"3":0,"4":0,"5":0,"6":0,"7":0,"8":0,"9":0,"10":0,"11":0,"12":0,"13":0,"14":0,"15":0,"16":0,"17":0,"18":0,"19":5},"f":{"0":0,"1":0,"2":0,"3":0},"b":{"0":[0,0],"1":[0,0],"2":[0,0],"3":[0,0]},"_coverageSchema":"1a1c01bbd47fc00a2c39e90264f33305004495a9","hash":"e80e54f9ce4ebfb8d3bf70e02abeb571ba4b6cd2"}
,"C:\\Users\\ACER\\Documents\\final\\backend\\src\\controllers\\analyticsController.js": {"path":"C:\\Users\\ACER\\Documents\\final\\backend\\src\\controllers\\analyticsController.js","statementMap":{"0":{"start":{"line":1,"column":18},"end":{"line":1,"column":41}},"1":{"start":{"line":4,"column":2},"end":{"line":47,"column":3}},"2":{"start":{"line":5,"column":94},"end":{"line":5,"column":103}},"3":{"start":{"line":6,"column":15},"end":{"line":6,"column":22}},"4":{"start":{"line":7,"column":16},"end":{"line":9,"column":27}},"5":{"start":{"line":10,"column":19},"end":{"line":10,"column":21}},"6":{"start":{"line":12,"column":4},"end":{"line":17,"column":5}},"7":{"start":{"line":13,"column":6},"end":{"line":13,"column":35}},"8":{"start":{"line":14,"column":6},"end":{"line":14,"column":32}},"9":{"start":{"line":16,"column":6},"end":{"line":16,"column":47}},"10":{"start":{"line":19,"column":4},"end":{"line":22,"column":5}},"11":{"start":{"line":20,"column":6},"end":{"line":20,"column":46}},"12":{"start":{"line":21,"column":6},"end":{"line":21,"column":29}},"13":{"start":{"line":23,"column":4},"end":{"line":26,"column":5}},"14":{"start":{"line":24,"column":6},"end":{"line":24,"column":46}},"15":{"start":{"line":25,"column":6},"end":{"line":25,"column":27}},"16":{"start":{"line":27,"column":4},"end":{"line":30,"column":5}},"17":{"start":{"line":28,"column":6},"end":{"line":28,"column":48}},"18":{"start":{"line":29,"column":6},"end":{"line":29,"column":40}},"19":{"start":{"line":31,"column":4},"end":{"line":34,"column":5}},"20":{"start":{"line":32,"column":6},"end":{"line":32,"column":38}},"21":{"start":{"line":33,"column":6},"end":{"line":33,"column":29}},"22":{"start":{"line":35,"column":4},"end":{"line":38,"column":5}},"23":{"start":{"line":36,"column":6},"end":{"line":36,"column":38}},"24":{"start":{"line":37,"column":6},"end":{"line":37,"column":29}},"25":{"start":{"line":40,"column":4},"end":{"line":40,"column":78}},"26":{"start":{"line":42,"column":19},"end":{"line":42,"column":50}},"27":{"start":{"line":43,"column":4},"end":{"line":43,"column":29}},"28":{"start":{"line":45,"column":4},"end":{"line":45,"column":55}},"29":{"start":{"line":46,"column":4},"end":{"line":46,"column":75}},"30":{"start":{"line":51,"column":2},"end":{"line":73,"column":3}},"31":{"start":{"line":52,"column":40},"end":{"line":52,"column":49}},"32":{"start":{"line":53,"column":15},"end":{"line":53,"column":22}},"33":{"start":{"line":54,"column":16},"end":{"line":57,"column":42}},"34":{"start":{"line":58,"column":19},"end":{"line":58,"column":21}},"35":{"start":{"line":60,"column":4},"end":{"line":63,"column":5}},"36":{"start":{"line":61,"column":6},"end":{"line":61,"column":46}},"37":{"start":{"line":62,"column":6},"end":{"line":62,"column":33}},"38":{"start":{"line":65,"column":4},"end":{"line":65,"column":70}},"39":{"start":{"line":66,"column":4},"end":{"line":66,"column":33}},"40":{"start":{"line":68,"column":19},"end":{"line":68,"column":50}},"41":{"start":{"line":69,"column":4},"end":{"line":69,"column":29}},"42":{"start":{"line":71,"column":4},"end":{"line":71,"column":50}},"43":{"start":{"line":72,"column":4},"end":{"line":72,"column":70}},"44":{"start":{"line":77,"column":2},"end":{"line":114,"column":3}},"45":{"start":{"line":78,"column":58},"end":{"line":78,"column":67}},"46":{"start":{"line":79,"column":15},"end":{"line":79,"column":22}},"47":{"start":{"line":80,"column":16},"end":{"line":90,"column":81}},"48":{"start":{"line":91,"column":19},"end":{"line":91,"column":21}},"49":{"start":{"line":93,"column":4},"end":{"line":96,"column":5}},"50":{"start":{"line":94,"column":6},"end":{"line":94,"column":48}},"51":{"start":{"line":95,"column":6},"end":{"line":95,"column":36}},"52":{"start":{"line":97,"column":4},"end":{"line":100,"column":5}},"53":{"start":{"line":98,"column":6},"end":{"line":98,"column":46}},"54":{"start":{"line":99,"column":6},"end":{"line":99,"column":29}},"55":{"start":{"line":101,"column":4},"end":{"line":104,"column":5}},"56":{"start":{"line":102,"column":6},"end":{"line":102,"column":46}},"57":{"start":{"line":103,"column":6},"end":{"line":103,"column":27}},"58":{"start":{"line":106,"column":4},"end":{"line":106,"column":57}},"59":{"start":{"line":107,"column":4},"end":{"line":107,"column":33}},"60":{"start":{"line":109,"column":19},"end":{"line":109,"column":50}},"61":{"start":{"line":110,"column":4},"end":{"line":110,"column":29}},"62":{"start":{"line":112,"column":4},"end":{"line":112,"column":54}},"63":{"start":{"line":113,"column":4},"end":{"line":113,"column":74}},"64":{"start":{"line":118,"column":2},"end":{"line":169,"column":3}},"65":{"start":{"line":119,"column":79},"end":{"line":119,"column":88}},"66":{"start":{"line":120,"column":15},"end":{"line":120,"column":22}},"67":{"start":{"line":121,"column":16},"end":{"line":123,"column":27}},"68":{"start":{"line":124,"column":19},"end":{"line":124,"column":21}},"69":{"start":{"line":126,"column":4},"end":{"line":129,"column":5}},"70":{"start":{"line":127,"column":6},"end":{"line":127,"column":44}},"71":{"start":{"line":128,"column":6},"end":{"line":128,"column":29}},"72":{"start":{"line":130,"column":4},"end":{"line":133,"column":5}},"73":{"start":{"line":131,"column":6},"end":{"line":131,"column":44}},"74":{"start":{"line":132,"column":6},"end":{"line":132,"column":27}},"75":{"start":{"line":134,"column":4},"end":{"line":137,"column":5}},"76":{"start":{"line":135,"column":6},"end":{"line":135,"column":33}},"77":{"start":{"line":136,"column":6},"end":{"line":136,"column":32}},"78":{"start":{"line":138,"column":4},"end":{"line":141,"column":5}},"79":{"start":{"line":139,"column":6},"end":{"line":139,"column":36}},"80":{"start":{"line":140,"column":6},"end":{"line":140,"column":29}},"81":{"start":{"line":142,"column":4},"end":{"line":145,"column":5}},"82":{"start":{"line":143,"column":6},"end":{"line":143,"column":36}},"83":{"start":{"line":144,"column":6},"end":{"line":144,"column":29}},"84":{"start":{"line":147,"column":4},"end":{"line":147,"column":52}},"85":{"start":{"line":149,"column":19},"end":{"line":149,"column":50}},"86":{"start":{"line":152,"column":25},"end":{"line":158,"column":5}},"87":{"start":{"line":160,"column":17},"end":{"line":163,"column":7}},"88":{"start":{"line":160,"column":34},"end":{"line":163,"column":5}},"89":{"start":{"line":165,"column":4},"end":{"line":165,"column":23}},"90":{"start":{"line":167,"column":4},"end":{"line":167,"column":52}},"91":{"start":{"line":168,"column":4},"end":{"line":168,"column":72}},"92":{"start":{"line":173,"column":2},"end":{"line":195,"column":3}},"93":{"start":{"line":174,"column":40},"end":{"line":174,"column":49}},"94":{"start":{"line":175,"column":15},"end":{"line":175,"column":22}},"95":{"start":{"line":176,"column":16},"end":{"line":179,"column":81}},"96":{"start":{"line":180,"column":19},"end":{"line":180,"column":21}},"97":{"start":{"line":182,"column":4},"end":{"line":185,"column":5}},"98":{"start":{"line":183,"column":6},"end":{"line":183,"column":47}},"99":{"start":{"line":184,"column":6},"end":{"line":184,"column":33}},"100":{"start":{"line":187,"column":4},"end":{"line":187,"column":71}},"101":{"start":{"line":188,"column":4},"end":{"line":188,"column":33}},"102":{"start":{"line":190,"column":19},"end":{"line":190,"column":50}},"103":{"start":{"line":191,"column":4},"end":{"line":191,"column":29}},"104":{"start":{"line":193,"column":4},"end":{"line":193,"column":51}},"105":{"start":{"line":194,"column":4},"end":{"line":194,"column":71}},"106":{"start":{"line":199,"column":2},"end":{"line":237,"column":3}},"107":{"start":{"line":200,"column":59},"end":{"line":200,"column":68}},"108":{"start":{"line":201,"column":15},"end":{"line":201,"column":22}},"109":{"start":{"line":202,"column":16},"end":{"line":213,"column":27}},"110":{"start":{"line":214,"column":19},"end":{"line":214,"column":21}},"111":{"start":{"line":216,"column":4},"end":{"line":219,"column":5}},"112":{"start":{"line":217,"column":6},"end":{"line":217,"column":47}},"113":{"start":{"line":218,"column":6},"end":{"line":218,"column":37}},"114":{"start":{"line":220,"column":4},"end":{"line":223,"column":5}},"115":{"start":{"line":221,"column":6},"end":{"line":221,"column":47}},"116":{"start":{"line":222,"column":6},"end":{"line":222,"column":29}},"117":{"start":{"line":224,"column":4},"end":{"line":227,"column":5}},"118":{"start":{"line":225,"column":6},"end":{"line":225,"column":47}},"119":{"start":{"line":226,"column":6},"end":{"line":226,"column":27}},"120":{"start":{"line":229,"column":4},"end":{"line":229,"column":58}},"121":{"start":{"line":230,"column":4},"end":{"line":230,"column":33}},"122":{"start":{"line":232,"column":19},"end":{"line":232,"column":50}},"123":{"start":{"line":233,"column":4},"end":{"line":233,"column":29}},"124":{"start":{"line":235,"column":4},"end":{"line":235,"column":55}},"125":{"start":{"line":236,"column":4},"end":{"line":236,"column":75}},"126":{"start":{"line":241,"column":2},"end":{"line":276,"column":3}},"127":{"start":{"line":242,"column":43},"end":{"line":242,"column":52}},"128":{"start":{"line":243,"column":15},"end":{"line":243,"column":22}},"129":{"start":{"line":244,"column":16},"end":{"line":249,"column":17}},"130":{"start":{"line":250,"column":19},"end":{"line":250,"column":21}},"131":{"start":{"line":252,"column":4},"end":{"line":257,"column":5}},"132":{"start":{"line":253,"column":6},"end":{"line":253,"column":44}},"133":{"start":{"line":254,"column":6},"end":{"line":254,"column":29}},"134":{"start":{"line":256,"column":6},"end":{"line":256,"column":75}},"135":{"start":{"line":259,"column":4},"end":{"line":262,"column":5}},"136":{"start":{"line":260,"column":6},"end":{"line":260,"column":44}},"137":{"start":{"line":261,"column":6},"end":{"line":261,"column":27}},"138":{"start":{"line":264,"column":4},"end":{"line":267,"column":5}},"139":{"start":{"line":265,"column":6},"end":{"line":265,"column":33}},"140":{"start":{"line":266,"column":6},"end":{"line":266,"column":26}},"141":{"start":{"line":269,"column":4},"end":{"line":269,"column":49}},"142":{"start":{"line":271,"column":19},"end":{"line":271,"column":50}},"143":{"start":{"line":272,"column":4},"end":{"line":272,"column":29}},"144":{"start":{"line":274,"column":4},"end":{"line":274,"column":49}},"145":{"start":{"line":275,"column":4},"end":{"line":275,"column":69}},"146":{"start":{"line":280,"column":2},"end":{"line":296,"column":3}},"147":{"start":{"line":281,"column":27},"end":{"line":281,"column":36}},"148":{"start":{"line":282,"column":15},"end":{"line":282,"column":22}},"149":{"start":{"line":283,"column":19},"end":{"line":291,"column":5}},"150":{"start":{"line":292,"column":4},"end":{"line":292,"column":29}},"151":{"start":{"line":294,"column":4},"end":{"line":294,"column":48}},"152":{"start":{"line":295,"column":4},"end":{"line":295,"column":68}},"153":{"start":{"line":300,"column":2},"end":{"line":316,"column":3}},"154":{"start":{"line":301,"column":27},"end":{"line":301,"column":36}},"155":{"start":{"line":302,"column":15},"end":{"line":302,"column":22}},"156":{"start":{"line":303,"column":19},"end":{"line":311,"column":5}},"157":{"start":{"line":312,"column":4},"end":{"line":312,"column":29}},"158":{"start":{"line":314,"column":4},"end":{"line":314,"column":51}},"159":{"start":{"line":315,"column":4},"end":{"line":315,"column":71}},"160":{"start":{"line":320,"column":2},"end":{"line":392,"column":3}},"161":{"start":{"line":321,"column":79},"end":{"line":321,"column":88}},"162":{"start":{"line":322,"column":15},"end":{"line":322,"column":22}},"163":{"start":{"line":323,"column":16},"end":{"line":337,"column":27}},"164":{"start":{"line":338,"column":19},"end":{"line":338,"column":21}},"165":{"start":{"line":340,"column":4},"end":{"line":343,"column":5}},"166":{"start":{"line":341,"column":6},"end":{"line":341,"column":46}},"167":{"start":{"line":342,"column":6},"end":{"line":342,"column":29}},"168":{"start":{"line":344,"column":4},"end":{"line":347,"column":5}},"169":{"start":{"line":345,"column":6},"end":{"line":345,"column":46}},"170":{"start":{"line":346,"column":6},"end":{"line":346,"column":27}},"171":{"start":{"line":348,"column":4},"end":{"line":351,"column":5}},"172":{"start":{"line":349,"column":6},"end":{"line":349,"column":35}},"173":{"start":{"line":350,"column":6},"end":{"line":350,"column":32}},"174":{"start":{"line":352,"column":4},"end":{"line":355,"column":5}},"175":{"start":{"line":353,"column":6},"end":{"line":353,"column":38}},"176":{"start":{"line":354,"column":6},"end":{"line":354,"column":29}},"177":{"start":{"line":356,"column":4},"end":{"line":359,"column":5}},"178":{"start":{"line":357,"column":6},"end":{"line":357,"column":38}},"179":{"start":{"line":358,"column":6},"end":{"line":358,"column":29}},"180":{"start":{"line":361,"column":19},"end":{"line":361,"column":50}},"181":{"start":{"line":362,"column":17},"end":{"line":362,"column":30}},"182":{"start":{"line":365,"column":23},"end":{"line":368,"column":5}},"183":{"start":{"line":370,"column":21},"end":{"line":374,"column":5}},"184":{"start":{"line":376,"column":24},"end":{"line":379,"column":5}},"185":{"start":{"line":381,"column":4},"end":{"line":388,"column":7}},"186":{"start":{"line":390,"column":4},"end":{"line":390,"column":57}},"187":{"start":{"line":391,"column":4},"end":{"line":391,"column":77}},"188":{"start":{"line":396,"column":2},"end":{"line":419,"column":3}},"189":{"start":{"line":397,"column":40},"end":{"line":397,"column":49}},"190":{"start":{"line":398,"column":15},"end":{"line":398,"column":22}},"191":{"start":{"line":399,"column":16},"end":{"line":403,"column":44}},"192":{"start":{"line":404,"column":19},"end":{"line":404,"column":21}},"193":{"start":{"line":406,"column":4},"end":{"line":409,"column":5}},"194":{"start":{"line":407,"column":6},"end":{"line":407,"column":42}},"195":{"start":{"line":408,"column":6},"end":{"line":408,"column":33}},"196":{"start":{"line":411,"column":4},"end":{"line":411,"column":66}},"197":{"start":{"line":412,"column":4},"end":{"line":412,"column":33}},"198":{"start":{"line":414,"column":19},"end":{"line":414,"column":50}},"199":{"start":{"line":415,"column":4},"end":{"line":415,"column":29}},"200":{"start":{"line":417,"column":4},"end":{"line":417,"column":49}},"201":{"start":{"line":418,"column":4},"end":{"line":418,"column":69}},"202":{"start":{"line":423,"column":2},"end":{"line":462,"column":3}},"203":{"start":{"line":424,"column":53},"end":{"line":424,"column":62}},"204":{"start":{"line":425,"column":15},"end":{"line":425,"column":22}},"205":{"start":{"line":426,"column":16},"end":{"line":438,"column":69}},"206":{"start":{"line":439,"column":19},"end":{"line":439,"column":21}},"207":{"start":{"line":441,"column":4},"end":{"line":444,"column":5}},"208":{"start":{"line":442,"column":6},"end":{"line":442,"column":42}},"209":{"start":{"line":443,"column":6},"end":{"line":443,"column":31}},"210":{"start":{"line":445,"column":4},"end":{"line":448,"column":5}},"211":{"start":{"line":446,"column":6},"end":{"line":446,"column":40}},"212":{"start":{"line":447,"column":6},"end":{"line":447,"column":29}},"213":{"start":{"line":449,"column":4},"end":{"line":452,"column":5}},"214":{"start":{"line":450,"column":6},"end":{"line":450,"column":40}},"215":{"start":{"line":451,"column":6},"end":{"line":451,"column":27}},"216":{"start":{"line":454,"column":4},"end":{"line":454,"column":51}},"217":{"start":{"line":455,"column":4},"end":{"line":455,"column":33}},"218":{"start":{"line":457,"column":19},"end":{"line":457,"column":50}},"219":{"start":{"line":458,"column":4},"end":{"line":458,"column":29}},"220":{"start":{"line":460,"column":4},"end":{"line":460,"column":53}},"221":{"start":{"line":461,"column":4},"end":{"line":461,"column":73}},"222":{"start":{"line":464,"column":16},"end":{"line":519,"column":1}},"223":{"start":{"line":465,"column":2},"end":{"line":518,"column":3}},"224":{"start":{"line":466,"column":35},"end":{"line":466,"column":44}},"225":{"start":{"line":467,"column":15},"end":{"line":467,"column":22}},"226":{"start":{"line":468,"column":22},"end":{"line":468,"column":33}},"227":{"start":{"line":469,"column":19},"end":{"line":469,"column":21}},"228":{"start":{"line":471,"column":4},"end":{"line":474,"column":5}},"229":{"start":{"line":472,"column":6},"end":{"line":472,"column":50}},"230":{"start":{"line":473,"column":6},"end":{"line":473,"column":29}},"231":{"start":{"line":475,"column":4},"end":{"line":478,"column":5}},"232":{"start":{"line":476,"column":6},"end":{"line":476,"column":50}},"233":{"start":{"line":477,"column":6},"end":{"line":477,"column":27}},"234":{"start":{"line":481,"column":26},"end":{"line":481,"column":111}},"235":{"start":{"line":482,"column":30},"end":{"line":482,"column":56}},"236":{"start":{"line":485,"column":29},"end":{"line":485,"column":132}},"237":{"start":{"line":486,"column":26},"end":{"line":486,"column":55}},"238":{"start":{"line":489,"column":28},"end":{"line":494,"column":14}},"239":{"start":{"line":495,"column":23},"end":{"line":495,"column":57}},"240":{"start":{"line":498,"column":31},"end":{"line":504,"column":6}},"241":{"start":{"line":505,"column":26},"end":{"line":505,"column":66}},"242":{"start":{"line":507,"column":4},"end":{"line":514,"column":7}},"243":{"start":{"line":516,"column":4},"end":{"line":516,"column":53}},"244":{"start":{"line":517,"column":4},"end":{"line":517,"column":73}},"245":{"start":{"line":521,"column":0},"end":{"line":535,"column":2}}},"fnMap":{"0":{"name":"diagnosis","decl":{"start":{"line":3,"column":15},"end":{"line":3,"column":24}},"loc":{"start":{"line":3,"column":35},"end":{"line":48,"column":1}},"line":3},"1":{"name":"diagnosisList","decl":{"start":{"line":50,"column":15},"end":{"line":50,"column":28}},"loc":{"start":{"line":50,"column":39},"end":{"line":74,"column":1}},"line":50},"2":{"name":"diagnosisPatients","decl":{"start":{"line":76,"column":15},"end":{"line":76,"column":32}},"loc":{"start":{"line":76,"column":43},"end":{"line":115,"column":1}},"line":76},"3":{"name":"status","decl":{"start":{"line":117,"column":15},"end":{"line":117,"column":21}},"loc":{"start":{"line":117,"column":32},"end":{"line":170,"column":1}},"line":117},"4":{"name":"(anonymous_4)","decl":{"start":{"line":160,"column":26},"end":{"line":160,"column":27}},"loc":{"start":{"line":160,"column":34},"end":{"line":163,"column":5}},"line":160},"5":{"name":"medicationList","decl":{"start":{"line":172,"column":15},"end":{"line":172,"column":29}},"loc":{"start":{"line":172,"column":40},"end":{"line":196,"column":1}},"line":172},"6":{"name":"medicationPatients","decl":{"start":{"line":198,"column":15},"end":{"line":198,"column":33}},"loc":{"start":{"line":198,"column":44},"end":{"line":238,"column":1}},"line":198},"7":{"name":"wow","decl":{"start":{"line":240,"column":15},"end":{"line":240,"column":18}},"loc":{"start":{"line":240,"column":29},"end":{"line":277,"column":1}},"line":240},"8":{"name":"topSymptoms","decl":{"start":{"line":279,"column":15},"end":{"line":279,"column":26}},"loc":{"start":{"line":279,"column":37},"end":{"line":297,"column":1}},"line":279},"9":{"name":"topMedications","decl":{"start":{"line":299,"column":15},"end":{"line":299,"column":29}},"loc":{"start":{"line":299,"column":40},"end":{"line":317,"column":1}},"line":299},"10":{"name":"appointmentBreakdown","decl":{"start":{"line":319,"column":15},"end":{"line":319,"column":35}},"loc":{"start":{"line":319,"column":46},"end":{"line":393,"column":1}},"line":319},"11":{"name":"labTestList","decl":{"start":{"line":395,"column":15},"end":{"line":395,"column":26}},"loc":{"start":{"line":395,"column":37},"end":{"line":420,"column":1}},"line":395},"12":{"name":"labTestPatients","decl":{"start":{"line":422,"column":15},"end":{"line":422,"column":30}},"loc":{"start":{"line":422,"column":41},"end":{"line":463,"column":1}},"line":422},"13":{"name":"(anonymous_13)","decl":{"start":{"line":464,"column":16},"end":{"line":464,"column":17}},"loc":{"start":{"line":464,"column":36},"end":{"line":519,"column":1}},"line":464}},"branchMap":{"0":{"loc":{"start":{"line":12,"column":4},"end":{"line":17,"column":5}},"type":"if","locations":[{"start":{"line":12,"column":4},"end":{"line":17,"column":5}},{"start":{"line":15,"column":11},"end":{"line":17,"column":5}}],"line":12},"1":{"loc":{"start":{"line":19,"column":4},"end":{"line":22,"column":5}},"type":"if","locations":[{"start":{"line":19,"column":4},"end":{"line":22,"column":5}},{"start":{},"end":{}}],"line":19},"2":{"loc":{"start":{"line":23,"column":4},"end":{"line":26,"column":5}},"type":"if","locations":[{"start":{"line":23,"column":4},"end":{"line":26,"column":5}},{"start":{},"end":{}}],"line":23},"3":{"loc":{"start":{"line":27,"column":4},"end":{"line":30,"column":5}},"type":"if","locations":[{"start":{"line":27,"column":4},"end":{"line":30,"column":5}},{"start":{},"end":{}}],"line":27},"4":{"loc":{"start":{"line":31,"column":4},"end":{"line":34,"column":5}},"type":"if","locations":[{"start":{"line":31,"column":4},"end":{"line":34,"column":5}},{"start":{},"end":{}}],"line":31},"5":{"loc":{"start":{"line":35,"column":4},"end":{"line":38,"column":5}},"type":"if","locations":[{"start":{"line":35,"column":4},"end":{"line":38,"column":5}},{"start":{},"end":{}}],"line":35},"6":{"loc":{"start":{"line":52,"column":12},"end":{"line":52,"column":23}},"type":"default-arg","locations":[{"start":{"line":52,"column":21},"end":{"line":52,"column":23}}],"line":52},"7":{"loc":{"start":{"line":52,"column":25},"end":{"line":52,"column":35}},"type":"default-arg","locations":[{"start":{"line":52,"column":33},"end":{"line":52,"column":35}}],"line":52},"8":{"loc":{"start":{"line":60,"column":4},"end":{"line":63,"column":5}},"type":"if","locations":[{"start":{"line":60,"column":4},"end":{"line":63,"column":5}},{"start":{},"end":{}}],"line":60},"9":{"loc":{"start":{"line":78,"column":43},"end":{"line":78,"column":53}},"type":"default-arg","locations":[{"start":{"line":78,"column":51},"end":{"line":78,"column":53}}],"line":78},"10":{"loc":{"start":{"line":93,"column":4},"end":{"line":96,"column":5}},"type":"if","locations":[{"start":{"line":93,"column":4},"end":{"line":96,"column":5}},{"start":{},"end":{}}],"line":93},"11":{"loc":{"start":{"line":97,"column":4},"end":{"line":100,"column":5}},"type":"if","locations":[{"start":{"line":97,"column":4},"end":{"line":100,"column":5}},{"start":{},"end":{}}],"line":97},"12":{"loc":{"start":{"line":101,"column":4},"end":{"line":104,"column":5}},"type":"if","locations":[{"start":{"line":101,"column":4},"end":{"line":104,"column":5}},{"start":{},"end":{}}],"line":101},"13":{"loc":{"start":{"line":126,"column":4},"end":{"line":129,"column":5}},"type":"if","locations":[{"start":{"line":126,"column":4},"end":{"line":129,"column":5}},{"start":{},"end":{}}],"line":126},"14":{"loc":{"start":{"line":130,"column":4},"end":{"line":133,"column":5}},"type":"if","locations":[{"start":{"line":130,"column":4},"end":{"line":133,"column":5}},{"start":{},"end":{}}],"line":130},"15":{"loc":{"start":{"line":134,"column":4},"end":{"line":137,"column":5}},"type":"if","locations":[{"start":{"line":134,"column":4},"end":{"line":137,"column":5}},{"start":{},"end":{}}],"line":134},"16":{"loc":{"start":{"line":138,"column":4},"end":{"line":141,"column":5}},"type":"if","locations":[{"start":{"line":138,"column":4},"end":{"line":141,"column":5}},{"start":{},"end":{}}],"line":138},"17":{"loc":{"start":{"line":142,"column":4},"end":{"line":145,"column":5}},"type":"if","locations":[{"start":{"line":142,"column":4},"end":{"line":145,"column":5}},{"start":{},"end":{}}],"line":142},"18":{"loc":{"start":{"line":162,"column":13},"end":{"line":162,"column":50}},"type":"binary-expr","locations":[{"start":{"line":162,"column":13},"end":{"line":162,"column":37}},{"start":{"line":162,"column":41},"end":{"line":162,"column":50}}],"line":162},"19":{"loc":{"start":{"line":174,"column":12},"end":{"line":174,"column":23}},"type":"default-arg","locations":[{"start":{"line":174,"column":21},"end":{"line":174,"column":23}}],"line":174},"20":{"loc":{"start":{"line":174,"column":25},"end":{"line":174,"column":35}},"type":"default-arg","locations":[{"start":{"line":174,"column":33},"end":{"line":174,"column":35}}],"line":174},"21":{"loc":{"start":{"line":182,"column":4},"end":{"line":185,"column":5}},"type":"if","locations":[{"start":{"line":182,"column":4},"end":{"line":185,"column":5}},{"start":{},"end":{}}],"line":182},"22":{"loc":{"start":{"line":200,"column":44},"end":{"line":200,"column":54}},"type":"default-arg","locations":[{"start":{"line":200,"column":52},"end":{"line":200,"column":54}}],"line":200},"23":{"loc":{"start":{"line":216,"column":4},"end":{"line":219,"column":5}},"type":"if","locations":[{"start":{"line":216,"column":4},"end":{"line":219,"column":5}},{"start":{},"end":{}}],"line":216},"24":{"loc":{"start":{"line":220,"column":4},"end":{"line":223,"column":5}},"type":"if","locations":[{"start":{"line":220,"column":4},"end":{"line":223,"column":5}},{"start":{},"end":{}}],"line":220},"25":{"loc":{"start":{"line":224,"column":4},"end":{"line":227,"column":5}},"type":"if","locations":[{"start":{"line":224,"column":4},"end":{"line":227,"column":5}},{"start":{},"end":{}}],"line":224},"26":{"loc":{"start":{"line":252,"column":4},"end":{"line":257,"column":5}},"type":"if","locations":[{"start":{"line":252,"column":4},"end":{"line":257,"column":5}},{"start":{"line":255,"column":11},"end":{"line":257,"column":5}}],"line":252},"27":{"loc":{"start":{"line":259,"column":4},"end":{"line":262,"column":5}},"type":"if","locations":[{"start":{"line":259,"column":4},"end":{"line":262,"column":5}},{"start":{},"end":{}}],"line":259},"28":{"loc":{"start":{"line":264,"column":4},"end":{"line":267,"column":5}},"type":"if","locations":[{"start":{"line":264,"column":4},"end":{"line":267,"column":5}},{"start":{},"end":{}}],"line":264},"29":{"loc":{"start":{"line":281,"column":12},"end":{"line":281,"column":22}},"type":"default-arg","locations":[{"start":{"line":281,"column":20},"end":{"line":281,"column":22}}],"line":281},"30":{"loc":{"start":{"line":301,"column":12},"end":{"line":301,"column":22}},"type":"default-arg","locations":[{"start":{"line":301,"column":20},"end":{"line":301,"column":22}}],"line":301},"31":{"loc":{"start":{"line":340,"column":4},"end":{"line":343,"column":5}},"type":"if","locations":[{"start":{"line":340,"column":4},"end":{"line":343,"column":5}},{"start":{},"end":{}}],"line":340},"32":{"loc":{"start":{"line":344,"column":4},"end":{"line":347,"column":5}},"type":"if","locations":[{"start":{"line":344,"column":4},"end":{"line":347,"column":5}},{"start":{},"end":{}}],"line":344},"33":{"loc":{"start":{"line":348,"column":4},"end":{"line":351,"column":5}},"type":"if","locations":[{"start":{"line":348,"column":4},"end":{"line":351,"column":5}},{"start":{},"end":{}}],"line":348},"34":{"loc":{"start":{"line":352,"column":4},"end":{"line":355,"column":5}},"type":"if","locations":[{"start":{"line":352,"column":4},"end":{"line":355,"column":5}},{"start":{},"end":{}}],"line":352},"35":{"loc":{"start":{"line":356,"column":4},"end":{"line":359,"column":5}},"type":"if","locations":[{"start":{"line":356,"column":4},"end":{"line":359,"column":5}},{"start":{},"end":{}}],"line":356},"36":{"loc":{"start":{"line":362,"column":17},"end":{"line":362,"column":30}},"type":"binary-expr","locations":[{"start":{"line":362,"column":17},"end":{"line":362,"column":24}},{"start":{"line":362,"column":28},"end":{"line":362,"column":30}}],"line":362},"37":{"loc":{"start":{"line":366,"column":29},"end":{"line":366,"column":43}},"type":"binary-expr","locations":[{"start":{"line":366,"column":29},"end":{"line":366,"column":38}},{"start":{"line":366,"column":42},"end":{"line":366,"column":43}}],"line":366},"38":{"loc":{"start":{"line":367,"column":31},"end":{"line":367,"column":47}},"type":"binary-expr","locations":[{"start":{"line":367,"column":31},"end":{"line":367,"column":42}},{"start":{"line":367,"column":46},"end":{"line":367,"column":47}}],"line":367},"39":{"loc":{"start":{"line":371,"column":37},"end":{"line":371,"column":59}},"type":"binary-expr","locations":[{"start":{"line":371,"column":37},"end":{"line":371,"column":54}},{"start":{"line":371,"column":58},"end":{"line":371,"column":59}}],"line":371},"40":{"loc":{"start":{"line":372,"column":34},"end":{"line":372,"column":52}},"type":"binary-expr","locations":[{"start":{"line":372,"column":34},"end":{"line":372,"column":47}},{"start":{"line":372,"column":51},"end":{"line":372,"column":52}}],"line":372},"41":{"loc":{"start":{"line":373,"column":34},"end":{"line":373,"column":53}},"type":"binary-expr","locations":[{"start":{"line":373,"column":34},"end":{"line":373,"column":48}},{"start":{"line":373,"column":52},"end":{"line":373,"column":53}}],"line":373},"42":{"loc":{"start":{"line":377,"column":31},"end":{"line":377,"column":47}},"type":"binary-expr","locations":[{"start":{"line":377,"column":31},"end":{"line":377,"column":42}},{"start":{"line":377,"column":46},"end":{"line":377,"column":47}}],"line":377},"43":{"loc":{"start":{"line":378,"column":32},"end":{"line":378,"column":48}},"type":"binary-expr","locations":[{"start":{"line":378,"column":32},"end":{"line":378,"column":43}},{"start":{"line":378,"column":47},"end":{"line":378,"column":48}}],"line":378},"44":{"loc":{"start":{"line":397,"column":12},"end":{"line":397,"column":23}},"type":"default-arg","locations":[{"start":{"line":397,"column":21},"end":{"line":397,"column":23}}],"line":397},"45":{"loc":{"start":{"line":397,"column":25},"end":{"line":397,"column":35}},"type":"default-arg","locations":[{"start":{"line":397,"column":33},"end":{"line":397,"column":35}}],"line":397},"46":{"loc":{"start":{"line":406,"column":4},"end":{"line":409,"column":5}},"type":"if","locations":[{"start":{"line":406,"column":4},"end":{"line":409,"column":5}},{"start":{},"end":{}}],"line":406},"47":{"loc":{"start":{"line":424,"column":38},"end":{"line":424,"column":48}},"type":"default-arg","locations":[{"start":{"line":424,"column":46},"end":{"line":424,"column":48}}],"line":424},"48":{"loc":{"start":{"line":441,"column":4},"end":{"line":444,"column":5}},"type":"if","locations":[{"start":{"line":441,"column":4},"end":{"line":444,"column":5}},{"start":{},"end":{}}],"line":441},"49":{"loc":{"start":{"line":445,"column":4},"end":{"line":448,"column":5}},"type":"if","locations":[{"start":{"line":445,"column":4},"end":{"line":448,"column":5}},{"start":{},"end":{}}],"line":445},"50":{"loc":{"start":{"line":449,"column":4},"end":{"line":452,"column":5}},"type":"if","locations":[{"start":{"line":449,"column":4},"end":{"line":452,"column":5}},{"start":{},"end":{}}],"line":449},"51":{"loc":{"start":{"line":471,"column":4},"end":{"line":474,"column":5}},"type":"if","locations":[{"start":{"line":471,"column":4},"end":{"line":474,"column":5}},{"start":{},"end":{}}],"line":471},"52":{"loc":{"start":{"line":475,"column":4},"end":{"line":478,"column":5}},"type":"if","locations":[{"start":{"line":475,"column":4},"end":{"line":478,"column":5}},{"start":{},"end":{}}],"line":475},"53":{"loc":{"start":{"line":482,"column":30},"end":{"line":482,"column":56}},"type":"binary-expr","locations":[{"start":{"line":482,"column":30},"end":{"line":482,"column":51}},{"start":{"line":482,"column":55},"end":{"line":482,"column":56}}],"line":482},"54":{"loc":{"start":{"line":486,"column":26},"end":{"line":486,"column":55}},"type":"binary-expr","locations":[{"start":{"line":486,"column":26},"end":{"line":486,"column":50}},{"start":{"line":486,"column":54},"end":{"line":486,"column":55}}],"line":486},"55":{"loc":{"start":{"line":495,"column":23},"end":{"line":495,"column":57}},"type":"binary-expr","locations":[{"start":{"line":495,"column":23},"end":{"line":495,"column":48}},{"start":{"line":495,"column":52},"end":{"line":495,"column":57}}],"line":495},"56":{"loc":{"start":{"line":505,"column":26},"end":{"line":505,"column":66}},"type":"binary-expr","locations":[{"start":{"line":505,"column":26},"end":{"line":505,"column":57}},{"start":{"line":505,"column":61},"end":{"line":505,"column":66}}],"line":505}},"s":{"0":5,"1":0,"2":0,"3":0,"4":0,"5":0,"6":0,"7":0,"8":0,"9":0,"10":0,"11":0,"12":0,"13":0,"14":0,"15":0,"16":0,"17":0,"18":0,"19":0,"20":0,"21":0,"22":0,"23":0,"24":0,"25":0,"26":0,"27":0,"28":0,"29":0,"30":0,"31":0,"32":0,"33":0,"34":0,"35":0,"36":0,"37":0,"38":0,"39":0,"40":0,"41":0,"42":0,"43":0,"44":0,"45":0,"46":0,"47":0,"48":0,"49":0,"50":0,"51":0,"52":0,"53":0,"54":0,"55":0,"56":0,"57":0,"58":0,"59":0,"60":0,"61":0,"62":0,"63":0,"64":0,"65":0,"66":0,"67":0,"68":0,"69":0,"70":0,"71":0,"72":0,"73":0,"74":0,"75":0,"76":0,"77":0,"78":0,"79":0,"80":0,"81":0,"82":0,"83":0,"84":0,"85":0,"86":0,"87":0,"88":0,"89":0,"90":0,"91":0,"92":0,"93":0,"94":0,"95":0,"96":0,"97":0,"98":0,"99":0,"100":0,"101":0,"102":0,"103":0,"104":0,"105":0,"106":0,"107":0,"108":0,"109":0,"110":0,"111":0,"112":0,"113":0,"114":0,"115":0,"116":0,"117":0,"118":0,"119":0,"120":0,"121":0,"122":0,"123":0,"124":0,"125":0,"126":0,"127":0,"128":0,"129":0,"130":0,"131":0,"132":0,"133":0,"134":0,"135":0,"136":0,"137":0,"138":0,"139":0,"140":0,"141":0,"142":0,"143":0,"144":0,"145":0,"146":0,"147":0,"148":0,"149":0,"150":0,"151":0,"152":0,"153":0,"154":0,"155":0,"156":0,"157":0,"158":0,"159":0,"160":0,"161":0,"162":0,"163":0,"164":0,"165":0,"166":0,"167":0,"168":0,"169":0,"170":0,"171":0,"172":0,"173":0,"174":0,"175":0,"176":0,"177":0,"178":0,"179":0,"180":0,"181":0,"182":0,"183":0,"184":0,"185":0,"186":0,"187":0,"188":0,"189":0,"190":0,"191":0,"192":0,"193":0,"194":0,"195":0,"196":0,"197":0,"198":0,"199":0,"200":0,"201":0,"202":0,"203":0,"204":0,"205":0,"206":0,"207":0,"208":0,"209":0,"210":0,"211":0,"212":0,"213":0,"214":0,"215":0,"216":0,"217":0,"218":0,"219":0,"220":0,"221":0,"222":5,"223":0,"224":0,"225":0,"226":0,"227":0,"228":0,"229":0,"230":0,"231":0,"232":0,"233":0,"234":0,"235":0,"236":0,"237":0,"238":0,"239":0,"240":0,"241":0,"242":0,"243":0,"244":0,"245":5},"f":{"0":0,"1":0,"2":0,"3":0,"4":0,"5":0,"6":0,"7":0,"8":0,"9":0,"10":0,"11":0,"12":0,"13":0},"b":{"0":[0,0],"1":[0,0],"2":[0,0],"3":[0,0],"4":[0,0],"5":[0,0],"6":[0],"7":[0],"8":[0,0],"9":[0],"10":[0,0],"11":[0,0],"12":[0,0],"13":[0,0],"14":[0,0],"15":[0,0],"16":[0,0],"17":[0,0],"18":[0,0],"19":[0],"20":[0],"21":[0,0],"22":[0],"23":[0,0],"24":[0,0],"25":[0,0],"26":[0,0],"27":[0,0],"28":[0,0],"29":[0],"30":[0],"31":[0,0],"32":[0,0],"33":[0,0],"34":[0,0],"35":[0,0],"36":[0,0],"37":[0,0],"38":[0,0],"39":[0,0],"40":[0,0],"41":[0,0],"42":[0,0],"43":[0,0],"44":[0],"45":[0],"46":[0,0],"47":[0],"48":[0,0],"49":[0,0],"50":[0,0],"51":[0,0],"52":[0,0],"53":[0,0],"54":[0,0],"55":[0,0],"56":[0,0]},"_coverageSchema":"1a1c01bbd47fc00a2c39e90264f33305004495a9","hash":"5ab311400d6ccd9b52a21f398d21e5b6620a68fd"}
,"C:\\Users\\ACER\\Documents\\final\\backend\\src\\controllers\\appointmentController.js": {"path":"C:\\Users\\ACER\\Documents\\final\\backend\\src\\controllers\\appointmentController.js","statementMap":{"0":{"start":{"line":1,"column":18},"end":{"line":1,"column":41}},"1":{"start":{"line":4,"column":27},"end":{"line":4,"column":36}},"2":{"start":{"line":6,"column":14},"end":{"line":18,"column":5}},"3":{"start":{"line":19,"column":17},"end":{"line":19,"column":19}},"4":{"start":{"line":21,"column":2},"end":{"line":24,"column":3}},"5":{"start":{"line":22,"column":4},"end":{"line":22,"column":43}},"6":{"start":{"line":23,"column":4},"end":{"line":23,"column":22}},"7":{"start":{"line":26,"column":2},"end":{"line":29,"column":3}},"8":{"start":{"line":27,"column":4},"end":{"line":27,"column":33}},"9":{"start":{"line":28,"column":4},"end":{"line":28,"column":24}},"10":{"start":{"line":31,"column":2},"end":{"line":31,"column":76}},"11":{"start":{"line":33,"column":13},"end":{"line":33,"column":20}},"12":{"start":{"line":34,"column":25},"end":{"line":34,"column":56}},"13":{"start":{"line":37,"column":2},"end":{"line":51,"column":3}},"14":{"start":{"line":38,"column":24},"end":{"line":42,"column":32}},"15":{"start":{"line":44,"column":4},"end":{"line":50,"column":5}},"16":{"start":{"line":46,"column":30},"end":{"line":46,"column":60}},"17":{"start":{"line":47,"column":27},"end":{"line":47,"column":52}},"18":{"start":{"line":48,"column":6},"end":{"line":48,"column":56}},"19":{"start":{"line":49,"column":6},"end":{"line":49,"column":68}},"20":{"start":{"line":53,"column":2},"end":{"line":53,"column":29}},"21":{"start":{"line":65,"column":6},"end":{"line":65,"column":14}},"22":{"start":{"line":67,"column":13},"end":{"line":67,"column":20}},"23":{"start":{"line":68,"column":19},"end":{"line":74,"column":3}},"24":{"start":{"line":77,"column":2},"end":{"line":82,"column":3}},"25":{"start":{"line":78,"column":44},"end":{"line":78,"column":79}},"26":{"start":{"line":79,"column":4},"end":{"line":79,"column":55}},"27":{"start":{"line":81,"column":4},"end":{"line":81,"column":68}},"28":{"start":{"line":84,"column":2},"end":{"line":87,"column":5}},"29":{"start":{"line":90,"column":0},"end":{"line":90,"column":54}}},"fnMap":{"0":{"name":"listAppointments","decl":{"start":{"line":3,"column":15},"end":{"line":3,"column":31}},"loc":{"start":{"line":3,"column":42},"end":{"line":54,"column":1}},"line":3},"1":{"name":"addAppointment","decl":{"start":{"line":56,"column":15},"end":{"line":56,"column":29}},"loc":{"start":{"line":56,"column":40},"end":{"line":88,"column":1}},"line":56}},"branchMap":{"0":{"loc":{"start":{"line":21,"column":2},"end":{"line":24,"column":3}},"type":"if","locations":[{"start":{"line":21,"column":2},"end":{"line":24,"column":3}},{"start":{},"end":{}}],"line":21},"1":{"loc":{"start":{"line":26,"column":2},"end":{"line":29,"column":3}},"type":"if","locations":[{"start":{"line":26,"column":2},"end":{"line":29,"column":3}},{"start":{},"end":{}}],"line":26},"2":{"loc":{"start":{"line":44,"column":4},"end":{"line":50,"column":5}},"type":"if","locations":[{"start":{"line":44,"column":4},"end":{"line":50,"column":5}},{"start":{},"end":{}}],"line":44}},"s":{"0":5,"1":0,"2":0,"3":0,"4":0,"5":0,"6":0,"7":0,"8":0,"9":0,"10":0,"11":0,"12":0,"13":0,"14":0,"15":0,"16":0,"17":0,"18":0,"19":0,"20":0,"21":0,"22":0,"23":0,"24":0,"25":0,"26":0,"27":0,"28":0,"29":5},"f":{"0":0,"1":0},"b":{"0":[0,0],"1":[0,0],"2":[0,0]},"_coverageSchema":"1a1c01bbd47fc00a2c39e90264f33305004495a9","hash":"34ba94518e7c863395502fd38102636f69c63ce3"}
,"C:\\Users\\ACER\\Documents\\final\\backend\\src\\controllers\\appointmentIntentController.js": {"path":"C:\\Users\\ACER\\Documents\\final\\backend\\src\\controllers\\appointmentIntentController.js","statementMap":{"0":{"start":{"line":1,"column":18},"end":{"line":1,"column":41}},"1":{"start":{"line":4,"column":2},"end":{"line":25,"column":3}},"2":{"start":{"line":5,"column":70},"end":{"line":5,"column":78}},"3":{"start":{"line":7,"column":4},"end":{"line":9,"column":5}},"4":{"start":{"line":8,"column":6},"end":{"line":8,"column":81}},"5":{"start":{"line":11,"column":15},"end":{"line":11,"column":22}},"6":{"start":{"line":12,"column":21},"end":{"line":16,"column":5}},"7":{"start":{"line":18,"column":4},"end":{"line":21,"column":7}},"8":{"start":{"line":23,"column":4},"end":{"line":23,"column":58}},"9":{"start":{"line":24,"column":4},"end":{"line":24,"column":76}},"10":{"start":{"line":29,"column":2},"end":{"line":49,"column":3}},"11":{"start":{"line":30,"column":47},"end":{"line":30,"column":56}},"12":{"start":{"line":31,"column":15},"end":{"line":31,"column":22}},"13":{"start":{"line":33,"column":16},"end":{"line":33,"column":61}},"14":{"start":{"line":34,"column":19},"end":{"line":34,"column":21}},"15":{"start":{"line":36,"column":4},"end":{"line":39,"column":5}},"16":{"start":{"line":37,"column":6},"end":{"line":37,"column":33}},"17":{"start":{"line":38,"column":6},"end":{"line":38,"column":26}},"18":{"start":{"line":41,"column":4},"end":{"line":41,"column":58}},"19":{"start":{"line":42,"column":4},"end":{"line":42,"column":51}},"20":{"start":{"line":44,"column":22},"end":{"line":44,"column":53}},"21":{"start":{"line":45,"column":4},"end":{"line":45,"column":26}},"22":{"start":{"line":47,"column":4},"end":{"line":47,"column":60}},"23":{"start":{"line":48,"column":4},"end":{"line":48,"column":75}},"24":{"start":{"line":53,"column":2},"end":{"line":70,"column":3}},"25":{"start":{"line":54,"column":19},"end":{"line":54,"column":29}},"26":{"start":{"line":55,"column":15},"end":{"line":55,"column":22}},"27":{"start":{"line":57,"column":22},"end":{"line":60,"column":5}},"28":{"start":{"line":62,"column":4},"end":{"line":64,"column":5}},"29":{"start":{"line":63,"column":6},"end":{"line":63,"column":77}},"30":{"start":{"line":66,"column":4},"end":{"line":66,"column":37}},"31":{"start":{"line":68,"column":4},"end":{"line":68,"column":58}},"32":{"start":{"line":69,"column":4},"end":{"line":69,"column":74}},"33":{"start":{"line":74,"column":2},"end":{"line":101,"column":3}},"34":{"start":{"line":75,"column":19},"end":{"line":75,"column":29}},"35":{"start":{"line":76,"column":30},"end":{"line":76,"column":38}},"36":{"start":{"line":77,"column":15},"end":{"line":77,"column":22}},"37":{"start":{"line":79,"column":26},"end":{"line":79,"column":72}},"38":{"start":{"line":80,"column":4},"end":{"line":82,"column":5}},"39":{"start":{"line":81,"column":6},"end":{"line":81,"column":63}},"40":{"start":{"line":84,"column":4},"end":{"line":87,"column":6}},"41":{"start":{"line":90,"column":4},"end":{"line":95,"column":5}},"42":{"start":{"line":91,"column":6},"end":{"line":94,"column":8}},"43":{"start":{"line":97,"column":4},"end":{"line":97,"column":76}},"44":{"start":{"line":99,"column":4},"end":{"line":99,"column":68}},"45":{"start":{"line":100,"column":4},"end":{"line":100,"column":82}},"46":{"start":{"line":105,"column":2},"end":{"line":195,"column":3}},"47":{"start":{"line":106,"column":19},"end":{"line":106,"column":29}},"48":{"start":{"line":107,"column":108},"end":{"line":107,"column":116}},"49":{"start":{"line":108,"column":15},"end":{"line":108,"column":22}},"50":{"start":{"line":111,"column":22},"end":{"line":114,"column":5}},"51":{"start":{"line":116,"column":4},"end":{"line":118,"column":5}},"52":{"start":{"line":117,"column":6},"end":{"line":117,"column":77}},"53":{"start":{"line":120,"column":19},"end":{"line":120,"column":29}},"54":{"start":{"line":121,"column":25},"end":{"line":121,"column":35}},"55":{"start":{"line":124,"column":4},"end":{"line":145,"column":5}},"56":{"start":{"line":126,"column":33},"end":{"line":126,"column":91}},"57":{"start":{"line":127,"column":24},"end":{"line":127,"column":86}},"58":{"start":{"line":130,"column":30},"end":{"line":134,"column":7}},"59":{"start":{"line":136,"column":6},"end":{"line":136,"column":46}},"60":{"start":{"line":139,"column":6},"end":{"line":144,"column":7}},"61":{"start":{"line":140,"column":8},"end":{"line":143,"column":10}},"62":{"start":{"line":147,"column":4},"end":{"line":149,"column":5}},"63":{"start":{"line":148,"column":6},"end":{"line":148,"column":99}},"64":{"start":{"line":152,"column":21},"end":{"line":156,"column":5}},"65":{"start":{"line":159,"column":4},"end":{"line":162,"column":6}},"66":{"start":{"line":165,"column":4},"end":{"line":177,"column":5}},"67":{"start":{"line":166,"column":40},"end":{"line":166,"column":75}},"68":{"start":{"line":167,"column":25},"end":{"line":167,"column":108}},"69":{"start":{"line":168,"column":24},"end":{"line":168,"column":133}},"70":{"start":{"line":170,"column":6},"end":{"line":174,"column":7}},"71":{"start":{"line":173,"column":8},"end":{"line":173,"column":88}},"72":{"start":{"line":176,"column":6},"end":{"line":176,"column":70}},"73":{"start":{"line":180,"column":4},"end":{"line":185,"column":5}},"74":{"start":{"line":181,"column":6},"end":{"line":184,"column":8}},"75":{"start":{"line":187,"column":4},"end":{"line":191,"column":7}},"76":{"start":{"line":193,"column":4},"end":{"line":193,"column":58}},"77":{"start":{"line":194,"column":4},"end":{"line":194,"column":103}},"78":{"start":{"line":199,"column":2},"end":{"line":217,"column":3}},"79":{"start":{"line":200,"column":19},"end":{"line":200,"column":29}},"80":{"start":{"line":201,"column":15},"end":{"line":201,"column":22}},"81":{"start":{"line":203,"column":4},"end":{"line":203,"column":75}},"82":{"start":{"line":206,"column":4},"end":{"line":211,"column":5}},"83":{"start":{"line":207,"column":6},"end":{"line":210,"column":8}},"84":{"start":{"line":213,"column":4},"end":{"line":213,"column":69}},"85":{"start":{"line":215,"column":4},"end":{"line":215,"column":61}},"86":{"start":{"line":216,"column":4},"end":{"line":216,"column":75}},"87":{"start":{"line":220,"column":0},"end":{"line":227,"column":2}}},"fnMap":{"0":{"name":"addAppointmentIntent","decl":{"start":{"line":3,"column":15},"end":{"line":3,"column":35}},"loc":{"start":{"line":3,"column":46},"end":{"line":26,"column":1}},"line":3},"1":{"name":"listAppointmentIntents","decl":{"start":{"line":28,"column":15},"end":{"line":28,"column":37}},"loc":{"start":{"line":28,"column":48},"end":{"line":50,"column":1}},"line":28},"2":{"name":"getAppointmentIntent","decl":{"start":{"line":52,"column":15},"end":{"line":52,"column":35}},"loc":{"start":{"line":52,"column":46},"end":{"line":71,"column":1}},"line":52},"3":{"name":"updateAppointmentIntentStatus","decl":{"start":{"line":73,"column":15},"end":{"line":73,"column":44}},"loc":{"start":{"line":73,"column":55},"end":{"line":102,"column":1}},"line":73},"4":{"name":"convertToAppointment","decl":{"start":{"line":104,"column":15},"end":{"line":104,"column":35}},"loc":{"start":{"line":104,"column":46},"end":{"line":196,"column":1}},"line":104},"5":{"name":"deleteAppointmentIntent","decl":{"start":{"line":198,"column":15},"end":{"line":198,"column":38}},"loc":{"start":{"line":198,"column":49},"end":{"line":218,"column":1}},"line":198}},"branchMap":{"0":{"loc":{"start":{"line":7,"column":4},"end":{"line":9,"column":5}},"type":"if","locations":[{"start":{"line":7,"column":4},"end":{"line":9,"column":5}},{"start":{},"end":{}}],"line":7},"1":{"loc":{"start":{"line":7,"column":8},"end":{"line":7,"column":28}},"type":"binary-expr","locations":[{"start":{"line":7,"column":8},"end":{"line":7,"column":18}},{"start":{"line":7,"column":22},"end":{"line":7,"column":28}}],"line":7},"2":{"loc":{"start":{"line":15,"column":25},"end":{"line":15,"column":43}},"type":"binary-expr","locations":[{"start":{"line":15,"column":25},"end":{"line":15,"column":35}},{"start":{"line":15,"column":39},"end":{"line":15,"column":43}}],"line":15},"3":{"loc":{"start":{"line":15,"column":45},"end":{"line":15,"column":67}},"type":"binary-expr","locations":[{"start":{"line":15,"column":45},"end":{"line":15,"column":59}},{"start":{"line":15,"column":63},"end":{"line":15,"column":67}}],"line":15},"4":{"loc":{"start":{"line":15,"column":69},"end":{"line":15,"column":84}},"type":"binary-expr","locations":[{"start":{"line":15,"column":69},"end":{"line":15,"column":76}},{"start":{"line":15,"column":80},"end":{"line":15,"column":84}}],"line":15},"5":{"loc":{"start":{"line":30,"column":20},"end":{"line":30,"column":30}},"type":"default-arg","locations":[{"start":{"line":30,"column":28},"end":{"line":30,"column":30}}],"line":30},"6":{"loc":{"start":{"line":30,"column":32},"end":{"line":30,"column":42}},"type":"default-arg","locations":[{"start":{"line":30,"column":41},"end":{"line":30,"column":42}}],"line":30},"7":{"loc":{"start":{"line":36,"column":4},"end":{"line":39,"column":5}},"type":"if","locations":[{"start":{"line":36,"column":4},"end":{"line":39,"column":5}},{"start":{},"end":{}}],"line":36},"8":{"loc":{"start":{"line":62,"column":4},"end":{"line":64,"column":5}},"type":"if","locations":[{"start":{"line":62,"column":4},"end":{"line":64,"column":5}},{"start":{},"end":{}}],"line":62},"9":{"loc":{"start":{"line":80,"column":4},"end":{"line":82,"column":5}},"type":"if","locations":[{"start":{"line":80,"column":4},"end":{"line":82,"column":5}},{"start":{},"end":{}}],"line":80},"10":{"loc":{"start":{"line":90,"column":4},"end":{"line":95,"column":5}},"type":"if","locations":[{"start":{"line":90,"column":4},"end":{"line":95,"column":5}},{"start":{},"end":{}}],"line":90},"11":{"loc":{"start":{"line":116,"column":4},"end":{"line":118,"column":5}},"type":"if","locations":[{"start":{"line":116,"column":4},"end":{"line":118,"column":5}},{"start":{},"end":{}}],"line":116},"12":{"loc":{"start":{"line":124,"column":4},"end":{"line":145,"column":5}},"type":"if","locations":[{"start":{"line":124,"column":4},"end":{"line":145,"column":5}},{"start":{},"end":{}}],"line":124},"13":{"loc":{"start":{"line":124,"column":8},"end":{"line":124,"column":37}},"type":"binary-expr","locations":[{"start":{"line":124,"column":8},"end":{"line":124,"column":22}},{"start":{"line":124,"column":26},"end":{"line":124,"column":37}}],"line":124},"14":{"loc":{"start":{"line":139,"column":6},"end":{"line":144,"column":7}},"type":"if","locations":[{"start":{"line":139,"column":6},"end":{"line":144,"column":7}},{"start":{},"end":{}}],"line":139},"15":{"loc":{"start":{"line":147,"column":4},"end":{"line":149,"column":5}},"type":"if","locations":[{"start":{"line":147,"column":4},"end":{"line":149,"column":5}},{"start":{},"end":{}}],"line":147},"16":{"loc":{"start":{"line":147,"column":8},"end":{"line":147,"column":79}},"type":"binary-expr","locations":[{"start":{"line":147,"column":8},"end":{"line":147,"column":23}},{"start":{"line":147,"column":27},"end":{"line":147,"column":37}},{"start":{"line":147,"column":41},"end":{"line":147,"column":58}},{"start":{"line":147,"column":62},"end":{"line":147,"column":79}}],"line":147},"17":{"loc":{"start":{"line":155,"column":70},"end":{"line":155,"column":104}},"type":"binary-expr","locations":[{"start":{"line":155,"column":70},"end":{"line":155,"column":86}},{"start":{"line":155,"column":90},"end":{"line":155,"column":104}}],"line":155},"18":{"loc":{"start":{"line":170,"column":6},"end":{"line":174,"column":7}},"type":"if","locations":[{"start":{"line":170,"column":6},"end":{"line":174,"column":7}},{"start":{},"end":{}}],"line":170},"19":{"loc":{"start":{"line":170,"column":10},"end":{"line":170,"column":50}},"type":"binary-expr","locations":[{"start":{"line":170,"column":10},"end":{"line":170,"column":29}},{"start":{"line":170,"column":33},"end":{"line":170,"column":50}}],"line":170},"20":{"loc":{"start":{"line":180,"column":4},"end":{"line":185,"column":5}},"type":"if","locations":[{"start":{"line":180,"column":4},"end":{"line":185,"column":5}},{"start":{},"end":{}}],"line":180},"21":{"loc":{"start":{"line":206,"column":4},"end":{"line":211,"column":5}},"type":"if","locations":[{"start":{"line":206,"column":4},"end":{"line":211,"column":5}},{"start":{},"end":{}}],"line":206}},"s":{"0":5,"1":3,"2":3,"3":3,"4":0,"5":3,"6":3,"7":3,"8":0,"9":0,"10":0,"11":0,"12":0,"13":0,"14":0,"15":0,"16":0,"17":0,"18":0,"19":0,"20":0,"21":0,"22":0,"23":0,"24":0,"25":0,"26":0,"27":0,"28":0,"29":0,"30":0,"31":0,"32":0,"33":0,"34":0,"35":0,"36":0,"37":0,"38":0,"39":0,"40":0,"41":0,"42":0,"43":0,"44":0,"45":0,"46":0,"47":0,"48":0,"49":0,"50":0,"51":0,"52":0,"53":0,"54":0,"55":0,"56":0,"57":0,"58":0,"59":0,"60":0,"61":0,"62":0,"63":0,"64":0,"65":0,"66":0,"67":0,"68":0,"69":0,"70":0,"71":0,"72":0,"73":0,"74":0,"75":0,"76":0,"77":0,"78":0,"79":0,"80":0,"81":0,"82":0,"83":0,"84":0,"85":0,"86":0,"87":5},"f":{"0":3,"1":0,"2":0,"3":0,"4":0,"5":0},"b":{"0":[0,3],"1":[3,3],"2":[3,1],"3":[3,1],"4":[3,1],"5":[0],"6":[0],"7":[0,0],"8":[0,0],"9":[0,0],"10":[0,0],"11":[0,0],"12":[0,0],"13":[0,0],"14":[0,0],"15":[0,0],"16":[0,0,0,0],"17":[0,0],"18":[0,0],"19":[0,0],"20":[0,0],"21":[0,0]},"_coverageSchema":"1a1c01bbd47fc00a2c39e90264f33305004495a9","hash":"219dcaa98bf92da591e4a70d3db041a2a1a98334"}
,"C:\\Users\\ACER\\Documents\\final\\backend\\src\\controllers\\authController.js": {"path":"C:\\Users\\ACER\\Documents\\final\\backend\\src\\controllers\\authController.js","statementMap":{"0":{"start":{"line":1,"column":15},"end":{"line":1,"column":34}},"1":{"start":{"line":2,"column":12},"end":{"line":2,"column":35}},"2":{"start":{"line":3,"column":18},"end":{"line":3,"column":41}},"3":{"start":{"line":4,"column":12},"end":{"line":4,"column":36}},"4":{"start":{"line":7,"column":30},"end":{"line":7,"column":38}},"5":{"start":{"line":8,"column":2},"end":{"line":10,"column":3}},"6":{"start":{"line":9,"column":4},"end":{"line":9,"column":78}},"7":{"start":{"line":12,"column":13},"end":{"line":12,"column":20}},"8":{"start":{"line":13,"column":18},"end":{"line":16,"column":3}},"9":{"start":{"line":18,"column":2},"end":{"line":20,"column":3}},"10":{"start":{"line":19,"column":4},"end":{"line":19,"column":66}},"11":{"start":{"line":22,"column":15},"end":{"line":22,"column":23}},"12":{"start":{"line":23,"column":26},"end":{"line":23,"column":71}},"13":{"start":{"line":25,"column":2},"end":{"line":27,"column":3}},"14":{"start":{"line":26,"column":4},"end":{"line":26,"column":66}},"15":{"start":{"line":29,"column":16},"end":{"line":33,"column":3}},"16":{"start":{"line":35,"column":2},"end":{"line":44,"column":5}},"17":{"start":{"line":47,"column":0},"end":{"line":47,"column":27}}},"fnMap":{"0":{"name":"login","decl":{"start":{"line":6,"column":15},"end":{"line":6,"column":20}},"loc":{"start":{"line":6,"column":31},"end":{"line":45,"column":1}},"line":6}},"branchMap":{"0":{"loc":{"start":{"line":8,"column":2},"end":{"line":10,"column":3}},"type":"if","locations":[{"start":{"line":8,"column":2},"end":{"line":10,"column":3}},{"start":{},"end":{}}],"line":8},"1":{"loc":{"start":{"line":8,"column":6},"end":{"line":8,"column":25}},"type":"binary-expr","locations":[{"start":{"line":8,"column":6},"end":{"line":8,"column":12}},{"start":{"line":8,"column":16},"end":{"line":8,"column":25}}],"line":8},"2":{"loc":{"start":{"line":18,"column":2},"end":{"line":20,"column":3}},"type":"if","locations":[{"start":{"line":18,"column":2},"end":{"line":20,"column":3}},{"start":{},"end":{}}],"line":18},"3":{"loc":{"start":{"line":25,"column":2},"end":{"line":27,"column":3}},"type":"if","locations":[{"start":{"line":25,"column":2},"end":{"line":27,"column":3}},{"start":{},"end":{}}],"line":25}},"s":{"0":5,"1":5,"2":5,"3":5,"4":7,"5":7,"6":1,"7":6,"8":6,"9":6,"10":0,"11":6,"12":6,"13":6,"14":6,"15":0,"16":0,"17":5},"f":{"0":7},"b":{"0":[1,6],"1":[7,7],"2":[0,6],"3":[6,0]},"_coverageSchema":"1a1c01bbd47fc00a2c39e90264f33305004495a9","hash":"e64725540fa54fc56f4ba9052fde533da869360d"}
,"C:\\Users\\ACER\\Documents\\final\\backend\\src\\controllers\\backupController.js": {"path":"C:\\Users\\ACER\\Documents\\final\\backend\\src\\controllers\\backupController.js","statementMap":{"0":{"start":{"line":1,"column":18},"end":{"line":1,"column":41}},"1":{"start":{"line":2,"column":11},"end":{"line":2,"column":33}},"2":{"start":{"line":3,"column":13},"end":{"line":3,"column":28}},"3":{"start":{"line":4,"column":17},"end":{"line":4,"column":41}},"4":{"start":{"line":5,"column":22},"end":{"line":5,"column":37}},"5":{"start":{"line":6,"column":18},"end":{"line":6,"column":33}},"6":{"start":{"line":7,"column":12},"end":{"line":7,"column":36}},"7":{"start":{"line":13,"column":2},"end":{"line":42,"column":3}},"8":{"start":{"line":14,"column":21},"end":{"line":14,"column":27}},"9":{"start":{"line":15,"column":22},"end":{"line":15,"column":68}},"10":{"start":{"line":16,"column":22},"end":{"line":16,"column":59}},"11":{"start":{"line":17,"column":23},"end":{"line":17,"column":70}},"12":{"start":{"line":20,"column":4},"end":{"line":20,"column":51}},"13":{"start":{"line":23,"column":20},"end":{"line":23,"column":133}},"14":{"start":{"line":25,"column":4},"end":{"line":31,"column":5}},"15":{"start":{"line":26,"column":6},"end":{"line":26,"column":31}},"16":{"start":{"line":29,"column":6},"end":{"line":29,"column":79}},"17":{"start":{"line":30,"column":6},"end":{"line":30,"column":54}},"18":{"start":{"line":33,"column":4},"end":{"line":38,"column":7}},"19":{"start":{"line":40,"column":4},"end":{"line":40,"column":51}},"20":{"start":{"line":41,"column":4},"end":{"line":41,"column":89}},"21":{"start":{"line":49,"column":2},"end":{"line":97,"column":3}},"22":{"start":{"line":50,"column":15},"end":{"line":50,"column":22}},"23":{"start":{"line":51,"column":21},"end":{"line":51,"column":43}},"24":{"start":{"line":52,"column":4},"end":{"line":52,"column":66}},"25":{"start":{"line":53,"column":4},"end":{"line":53,"column":52}},"26":{"start":{"line":56,"column":21},"end":{"line":56,"column":52}},"27":{"start":{"line":57,"column":25},"end":{"line":57,"column":55}},"28":{"start":{"line":59,"column":4},"end":{"line":82,"column":5}},"29":{"start":{"line":60,"column":24},"end":{"line":60,"column":43}},"30":{"start":{"line":61,"column":6},"end":{"line":61,"column":47}},"31":{"start":{"line":62,"column":6},"end":{"line":62,"column":63}},"32":{"start":{"line":65,"column":28},"end":{"line":65,"column":82}},"33":{"start":{"line":66,"column":6},"end":{"line":66,"column":61}},"34":{"start":{"line":69,"column":21},"end":{"line":69,"column":71}},"35":{"start":{"line":70,"column":6},"end":{"line":81,"column":7}},"36":{"start":{"line":71,"column":8},"end":{"line":71,"column":62}},"37":{"start":{"line":72,"column":23},"end":{"line":79,"column":10}},"38":{"start":{"line":73,"column":28},"end":{"line":77,"column":12}},"39":{"start":{"line":74,"column":12},"end":{"line":74,"column":44}},"40":{"start":{"line":74,"column":30},"end":{"line":74,"column":44}},"41":{"start":{"line":75,"column":12},"end":{"line":75,"column":79}},"42":{"start":{"line":75,"column":41},"end":{"line":75,"column":79}},"43":{"start":{"line":76,"column":12},"end":{"line":76,"column":23}},"44":{"start":{"line":78,"column":10},"end":{"line":78,"column":45}},"45":{"start":{"line":80,"column":8},"end":{"line":80,"column":51}},"46":{"start":{"line":84,"column":4},"end":{"line":84,"column":50}},"47":{"start":{"line":86,"column":4},"end":{"line":86,"column":55}},"48":{"start":{"line":88,"column":4},"end":{"line":93,"column":7}},"49":{"start":{"line":95,"column":4},"end":{"line":95,"column":49}},"50":{"start":{"line":96,"column":4},"end":{"line":96,"column":89}},"51":{"start":{"line":104,"column":2},"end":{"line":137,"column":3}},"52":{"start":{"line":105,"column":22},"end":{"line":105,"column":59}},"53":{"start":{"line":107,"column":4},"end":{"line":133,"column":5}},"54":{"start":{"line":108,"column":20},"end":{"line":108,"column":47}},"55":{"start":{"line":109,"column":26},"end":{"line":109,"column":28}},"56":{"start":{"line":111,"column":6},"end":{"line":122,"column":7}},"57":{"start":{"line":112,"column":8},"end":{"line":121,"column":9}},"58":{"start":{"line":113,"column":27},"end":{"line":113,"column":53}},"59":{"start":{"line":114,"column":24},"end":{"line":114,"column":47}},"60":{"start":{"line":115,"column":10},"end":{"line":120,"column":13}},"61":{"start":{"line":125,"column":6},"end":{"line":125,"column":56}},"62":{"start":{"line":125,"column":33},"end":{"line":125,"column":54}},"63":{"start":{"line":127,"column":6},"end":{"line":127,"column":41}},"64":{"start":{"line":129,"column":6},"end":{"line":131,"column":7}},"65":{"start":{"line":130,"column":8},"end":{"line":130,"column":41}},"66":{"start":{"line":132,"column":6},"end":{"line":132,"column":18}},"67":{"start":{"line":135,"column":4},"end":{"line":135,"column":48}},"68":{"start":{"line":136,"column":4},"end":{"line":136,"column":62}},"69":{"start":{"line":144,"column":2},"end":{"line":166,"column":3}},"70":{"start":{"line":145,"column":25},"end":{"line":145,"column":35}},"71":{"start":{"line":146,"column":22},"end":{"line":146,"column":59}},"72":{"start":{"line":147,"column":23},"end":{"line":147,"column":53}},"73":{"start":{"line":150,"column":4},"end":{"line":152,"column":5}},"74":{"start":{"line":151,"column":6},"end":{"line":151,"column":65}},"75":{"start":{"line":154,"column":4},"end":{"line":162,"column":5}},"76":{"start":{"line":155,"column":6},"end":{"line":155,"column":34}},"77":{"start":{"line":156,"column":6},"end":{"line":156,"column":41}},"78":{"start":{"line":158,"column":6},"end":{"line":160,"column":7}},"79":{"start":{"line":159,"column":8},"end":{"line":159,"column":72}},"80":{"start":{"line":161,"column":6},"end":{"line":161,"column":18}},"81":{"start":{"line":164,"column":4},"end":{"line":164,"column":51}},"82":{"start":{"line":165,"column":4},"end":{"line":165,"column":65}},"83":{"start":{"line":173,"column":2},"end":{"line":195,"column":3}},"84":{"start":{"line":174,"column":25},"end":{"line":174,"column":35}},"85":{"start":{"line":175,"column":22},"end":{"line":175,"column":59}},"86":{"start":{"line":176,"column":23},"end":{"line":176,"column":53}},"87":{"start":{"line":179,"column":4},"end":{"line":181,"column":5}},"88":{"start":{"line":180,"column":6},"end":{"line":180,"column":65}},"89":{"start":{"line":183,"column":4},"end":{"line":191,"column":5}},"90":{"start":{"line":184,"column":6},"end":{"line":184,"column":34}},"91":{"start":{"line":185,"column":6},"end":{"line":185,"column":59}},"92":{"start":{"line":187,"column":6},"end":{"line":189,"column":7}},"93":{"start":{"line":188,"column":8},"end":{"line":188,"column":72}},"94":{"start":{"line":190,"column":6},"end":{"line":190,"column":18}},"95":{"start":{"line":193,"column":4},"end":{"line":193,"column":49}},"96":{"start":{"line":194,"column":4},"end":{"line":194,"column":63}},"97":{"start":{"line":202,"column":2},"end":{"line":247,"column":3}},"98":{"start":{"line":203,"column":39},"end":{"line":203,"column":48}},"99":{"start":{"line":204,"column":15},"end":{"line":204,"column":22}},"100":{"start":{"line":206,"column":4},"end":{"line":208,"column":5}},"101":{"start":{"line":207,"column":6},"end":{"line":207,"column":71}},"102":{"start":{"line":211,"column":24},"end":{"line":211,"column":98}},"103":{"start":{"line":212,"column":4},"end":{"line":214,"column":5}},"104":{"start":{"line":213,"column":6},"end":{"line":213,"column":67}},"105":{"start":{"line":216,"column":19},"end":{"line":216,"column":65}},"106":{"start":{"line":218,"column":4},"end":{"line":243,"column":5}},"107":{"start":{"line":219,"column":6},"end":{"line":221,"column":7}},"108":{"start":{"line":220,"column":8},"end":{"line":220,"column":64}},"109":{"start":{"line":223,"column":22},"end":{"line":223,"column":42}},"110":{"start":{"line":224,"column":18},"end":{"line":232,"column":18}},"111":{"start":{"line":226,"column":27},"end":{"line":231,"column":20}},"112":{"start":{"line":227,"column":24},"end":{"line":227,"column":35}},"113":{"start":{"line":228,"column":10},"end":{"line":228,"column":40}},"114":{"start":{"line":228,"column":30},"end":{"line":228,"column":40}},"115":{"start":{"line":229,"column":10},"end":{"line":229,"column":81}},"116":{"start":{"line":229,"column":41},"end":{"line":229,"column":81}},"117":{"start":{"line":230,"column":10},"end":{"line":230,"column":23}},"118":{"start":{"line":234,"column":6},"end":{"line":234,"column":48}},"119":{"start":{"line":235,"column":6},"end":{"line":235,"column":96}},"120":{"start":{"line":236,"column":6},"end":{"line":236,"column":20}},"121":{"start":{"line":238,"column":6},"end":{"line":242,"column":9}},"122":{"start":{"line":245,"column":4},"end":{"line":245,"column":47}},"123":{"start":{"line":246,"column":4},"end":{"line":246,"column":85}},"124":{"start":{"line":250,"column":0},"end":{"line":256,"column":2}}},"fnMap":{"0":{"name":"exportDatabase","decl":{"start":{"line":12,"column":15},"end":{"line":12,"column":29}},"loc":{"start":{"line":12,"column":40},"end":{"line":43,"column":1}},"line":12},"1":{"name":"manualExport","decl":{"start":{"line":48,"column":15},"end":{"line":48,"column":27}},"loc":{"start":{"line":48,"column":50},"end":{"line":98,"column":1}},"line":48},"2":{"name":"(anonymous_2)","decl":{"start":{"line":72,"column":32},"end":{"line":72,"column":33}},"loc":{"start":{"line":72,"column":39},"end":{"line":79,"column":9}},"line":72},"3":{"name":"(anonymous_3)","decl":{"start":{"line":73,"column":51},"end":{"line":73,"column":52}},"loc":{"start":{"line":73,"column":58},"end":{"line":77,"column":11}},"line":73},"4":{"name":"listBackups","decl":{"start":{"line":103,"column":15},"end":{"line":103,"column":26}},"loc":{"start":{"line":103,"column":37},"end":{"line":138,"column":1}},"line":103},"5":{"name":"(anonymous_5)","decl":{"start":{"line":125,"column":23},"end":{"line":125,"column":24}},"loc":{"start":{"line":125,"column":33},"end":{"line":125,"column":54}},"line":125},"6":{"name":"downloadBackup","decl":{"start":{"line":143,"column":15},"end":{"line":143,"column":29}},"loc":{"start":{"line":143,"column":40},"end":{"line":167,"column":1}},"line":143},"7":{"name":"deleteBackup","decl":{"start":{"line":172,"column":15},"end":{"line":172,"column":27}},"loc":{"start":{"line":172,"column":38},"end":{"line":196,"column":1}},"line":172},"8":{"name":"exportData","decl":{"start":{"line":201,"column":15},"end":{"line":201,"column":25}},"loc":{"start":{"line":201,"column":36},"end":{"line":248,"column":1}},"line":201},"9":{"name":"(anonymous_9)","decl":{"start":{"line":226,"column":20},"end":{"line":226,"column":21}},"loc":{"start":{"line":226,"column":27},"end":{"line":231,"column":20}},"line":226},"10":{"name":"(anonymous_10)","decl":{"start":{"line":226,"column":39},"end":{"line":226,"column":40}},"loc":{"start":{"line":226,"column":49},"end":{"line":231,"column":9}},"line":226}},"branchMap":{"0":{"loc":{"start":{"line":70,"column":6},"end":{"line":81,"column":7}},"type":"if","locations":[{"start":{"line":70,"column":6},"end":{"line":81,"column":7}},{"start":{},"end":{}}],"line":70},"1":{"loc":{"start":{"line":74,"column":12},"end":{"line":74,"column":44}},"type":"if","locations":[{"start":{"line":74,"column":12},"end":{"line":74,"column":44}},{"start":{},"end":{}}],"line":74},"2":{"loc":{"start":{"line":75,"column":12},"end":{"line":75,"column":79}},"type":"if","locations":[{"start":{"line":75,"column":12},"end":{"line":75,"column":79}},{"start":{},"end":{}}],"line":75},"3":{"loc":{"start":{"line":112,"column":8},"end":{"line":121,"column":9}},"type":"if","locations":[{"start":{"line":112,"column":8},"end":{"line":121,"column":9}},{"start":{},"end":{}}],"line":112},"4":{"loc":{"start":{"line":129,"column":6},"end":{"line":131,"column":7}},"type":"if","locations":[{"start":{"line":129,"column":6},"end":{"line":131,"column":7}},{"start":{},"end":{}}],"line":129},"5":{"loc":{"start":{"line":150,"column":4},"end":{"line":152,"column":5}},"type":"if","locations":[{"start":{"line":150,"column":4},"end":{"line":152,"column":5}},{"start":{},"end":{}}],"line":150},"6":{"loc":{"start":{"line":150,"column":8},"end":{"line":150,"column":87}},"type":"binary-expr","locations":[{"start":{"line":150,"column":8},"end":{"line":150,"column":34}},{"start":{"line":150,"column":38},"end":{"line":150,"column":61}},{"start":{"line":150,"column":65},"end":{"line":150,"column":87}}],"line":150},"7":{"loc":{"start":{"line":158,"column":6},"end":{"line":160,"column":7}},"type":"if","locations":[{"start":{"line":158,"column":6},"end":{"line":160,"column":7}},{"start":{},"end":{}}],"line":158},"8":{"loc":{"start":{"line":179,"column":4},"end":{"line":181,"column":5}},"type":"if","locations":[{"start":{"line":179,"column":4},"end":{"line":181,"column":5}},{"start":{},"end":{}}],"line":179},"9":{"loc":{"start":{"line":179,"column":8},"end":{"line":179,"column":87}},"type":"binary-expr","locations":[{"start":{"line":179,"column":8},"end":{"line":179,"column":34}},{"start":{"line":179,"column":38},"end":{"line":179,"column":61}},{"start":{"line":179,"column":65},"end":{"line":179,"column":87}}],"line":179},"10":{"loc":{"start":{"line":187,"column":6},"end":{"line":189,"column":7}},"type":"if","locations":[{"start":{"line":187,"column":6},"end":{"line":189,"column":7}},{"start":{},"end":{}}],"line":187},"11":{"loc":{"start":{"line":203,"column":19},"end":{"line":203,"column":34}},"type":"default-arg","locations":[{"start":{"line":203,"column":28},"end":{"line":203,"column":34}}],"line":203},"12":{"loc":{"start":{"line":206,"column":4},"end":{"line":208,"column":5}},"type":"if","locations":[{"start":{"line":206,"column":4},"end":{"line":208,"column":5}},{"start":{},"end":{}}],"line":206},"13":{"loc":{"start":{"line":212,"column":4},"end":{"line":214,"column":5}},"type":"if","locations":[{"start":{"line":212,"column":4},"end":{"line":214,"column":5}},{"start":{},"end":{}}],"line":212},"14":{"loc":{"start":{"line":218,"column":4},"end":{"line":243,"column":5}},"type":"if","locations":[{"start":{"line":218,"column":4},"end":{"line":243,"column":5}},{"start":{"line":237,"column":11},"end":{"line":243,"column":5}}],"line":218},"15":{"loc":{"start":{"line":219,"column":6},"end":{"line":221,"column":7}},"type":"if","locations":[{"start":{"line":219,"column":6},"end":{"line":221,"column":7}},{"start":{},"end":{}}],"line":219},"16":{"loc":{"start":{"line":228,"column":10},"end":{"line":228,"column":40}},"type":"if","locations":[{"start":{"line":228,"column":10},"end":{"line":228,"column":40}},{"start":{},"end":{}}],"line":228},"17":{"loc":{"start":{"line":229,"column":10},"end":{"line":229,"column":81}},"type":"if","locations":[{"start":{"line":229,"column":10},"end":{"line":229,"column":81}},{"start":{},"e
[...]
ne":415,"column":16}},"type":"cond-expr","locations":[{"start":{"line":389,"column":87},"end":{"line":415,"column":11}},{"start":{"line":415,"column":14},"end":{"line":415,"column":16}}],"line":389},"34":{"loc":{"start":{"line":389,"column":12},"end":{"line":389,"column":84}},"type":"binary-expr","locations":[{"start":{"line":389,"column":12},"end":{"line":389,"column":41}},{"start":{"line":389,"column":45},"end":{"line":389,"column":84}}],"line":389},"35":{"loc":{"start":{"line":405,"column":26},"end":{"line":405,"column":50}},"type":"binary-expr","locations":[{"start":{"line":405,"column":26},"end":{"line":405,"column":34}},{"start":{"line":405,"column":38},"end":{"line":405,"column":50}}],"line":405},"36":{"loc":{"start":{"line":406,"column":26},"end":{"line":406,"column":43}},"type":"binary-expr","locations":[{"start":{"line":406,"column":26},"end":{"line":406,"column":36}},{"start":{"line":406,"column":40},"end":{"line":406,"column":43}}],"line":406},"37":{"loc":{"start":{"line":407,"column":26},"end":{"line":407,"column":46}},"type":"binary-expr","locations":[{"start":{"line":407,"column":26},"end":{"line":407,"column":39}},{"start":{"line":407,"column":43},"end":{"line":407,"column":46}}],"line":407},"38":{"loc":{"start":{"line":408,"column":26},"end":{"line":408,"column":45}},"type":"binary-expr","locations":[{"start":{"line":408,"column":26},"end":{"line":408,"column":38}},{"start":{"line":408,"column":42},"end":{"line":408,"column":45}}],"line":408},"39":{"loc":{"start":{"line":409,"column":26},"end":{"line":409,"column":49}},"type":"binary-expr","locations":[{"start":{"line":409,"column":26},"end":{"line":409,"column":42}},{"start":{"line":409,"column":46},"end":{"line":409,"column":49}}],"line":409},"40":{"loc":{"start":{"line":418,"column":12},"end":{"line":425,"column":16}},"type":"cond-expr","locations":[{"start":{"line":418,"column":39},"end":{"line":425,"column":11}},{"start":{"line":425,"column":14},"end":{"line":425,"column":16}}],"line":418},"41":{"loc":{"start":{"line":428,"column":12},"end":{"line":435,"column":16}},"type":"cond-expr","locations":[{"start":{"line":428,"column":42},"end":{"line":435,"column":11}},{"start":{"line":435,"column":14},"end":{"line":435,"column":16}}],"line":428},"42":{"loc":{"start":{"line":439,"column":43},"end":{"line":439,"column":77}},"type":"binary-expr","locations":[{"start":{"line":439,"column":43},"end":{"line":439,"column":59}},{"start":{"line":439,"column":63},"end":{"line":439,"column":77}}],"line":439},"43":{"loc":{"start":{"line":462,"column":24},"end":{"line":462,"column":108}},"type":"binary-expr","locations":[{"start":{"line":462,"column":24},"end":{"line":462,"column":103}},{"start":{"line":462,"column":107},"end":{"line":462,"column":108}}],"line":462},"44":{"loc":{"start":{"line":462,"column":79},"end":{"line":462,"column":98}},"type":"binary-expr","locations":[{"start":{"line":462,"column":79},"end":{"line":462,"column":93}},{"start":{"line":462,"column":97},"end":{"line":462,"column":98}}],"line":462},"45":{"loc":{"start":{"line":591,"column":39},"end":{"line":591,"column":76}},"type":"binary-expr","locations":[{"start":{"line":591,"column":39},"end":{"line":591,"column":55}},{"start":{"line":591,"column":59},"end":{"line":591,"column":76}}],"line":591},"46":{"loc":{"start":{"line":600,"column":43},"end":{"line":600,"column":82}},"type":"binary-expr","locations":[{"start":{"line":600,"column":43},"end":{"line":600,"column":70}},{"start":{"line":600,"column":74},"end":{"line":600,"column":82}}],"line":600},"47":{"loc":{"start":{"line":608,"column":43},"end":{"line":608,"column":78}},"type":"binary-expr","locations":[{"start":{"line":608,"column":43},"end":{"line":608,"column":60}},{"start":{"line":608,"column":64},"end":{"line":608,"column":78}}],"line":608},"48":{"loc":{"start":{"line":612,"column":43},"end":{"line":612,"column":82}},"type":"binary-expr","locations":[{"start":{"line":612,"column":43},"end":{"line":612,"column":66}},{"start":{"line":612,"column":70},"end":{"line":612,"column":82}}],"line":612},"49":{"loc":{"start":{"line":618,"column":43},"end":{"line":618,"column":81}},"type":"binary-expr","locations":[{"start":{"line":618,"column":43},"end":{"line":618,"column":61}},{"start":{"line":618,"column":65},"end":{"line":618,"column":81}}],"line":618},"50":{"loc":{"start":{"line":624,"column":12},"end":{"line":649,"column":16}},"type":"cond-expr","locations":[{"start":{"line":624,"column":71},"end":{"line":649,"column":11}},{"start":{"line":649,"column":14},"end":{"line":649,"column":16}}],"line":624},"51":{"loc":{"start":{"line":624,"column":12},"end":{"line":624,"column":68}},"type":"binary-expr","locations":[{"start":{"line":624,"column":12},"end":{"line":624,"column":33}},{"start":{"line":624,"column":37},"end":{"line":624,"column":68}}],"line":624},"52":{"loc":{"start":{"line":637,"column":24},"end":{"line":637,"column":55}},"type":"binary-expr","locations":[{"start":{"line":637,"column":24},"end":{"line":637,"column":36}},{"start":{"line":637,"column":40},"end":{"line":637,"column":55}}],"line":637},"53":{"loc":{"start":{"line":638,"column":24},"end":{"line":638,"column":45}},"type":"binary-expr","locations":[{"start":{"line":638,"column":24},"end":{"line":638,"column":40}},{"start":{"line":638,"column":44},"end":{"line":638,"column":45}}],"line":638},"54":{"loc":{"start":{"line":639,"column":25},"end":{"line":639,"column":55}},"type":"binary-expr","locations":[{"start":{"line":639,"column":25},"end":{"line":639,"column":37}},{"start":{"line":639,"column":41},"end":{"line":639,"column":55}}],"line":639},"55":{"loc":{"start":{"line":640,"column":25},"end":{"line":640,"column":44}},"type":"binary-expr","locations":[{"start":{"line":640,"column":25},"end":{"line":640,"column":39}},{"start":{"line":640,"column":43},"end":{"line":640,"column":44}}],"line":640},"56":{"loc":{"start":{"line":655,"column":41},"end":{"line":655,"column":76}},"type":"binary-expr","locations":[{"start":{"line":655,"column":41},"end":{"line":655,"column":66}},{"start":{"line":655,"column":70},"end":{"line":655,"column":76}}],"line":655},"57":{"loc":{"start":{"line":659,"column":42},"end":{"line":659,"column":81}},"type":"binary-expr","locations":[{"start":{"line":659,"column":42},"end":{"line":659,"column":66}},{"start":{"line":659,"column":70},"end":{"line":659,"column":81}}],"line":659},"58":{"loc":{"start":{"line":661,"column":14},"end":{"line":666,"column":18}},"type":"cond-expr","locations":[{"start":{"line":661,"column":44},"end":{"line":666,"column":13}},{"start":{"line":666,"column":16},"end":{"line":666,"column":18}}],"line":661},"59":{"loc":{"start":{"line":673,"column":50},"end":{"line":673,"column":87}},"type":"binary-expr","locations":[{"start":{"line":673,"column":50},"end":{"line":673,"column":67}},{"start":{"line":673,"column":71},"end":{"line":673,"column":87}}],"line":673},"60":{"loc":{"start":{"line":682,"column":4},"end":{"line":682,"column":45}},"type":"if","locations":[{"start":{"line":682,"column":4},"end":{"line":682,"column":45}},{"start":{},"end":{}}],"line":682},"61":{"loc":{"start":{"line":688,"column":4},"end":{"line":690,"column":5}},"type":"if","locations":[{"start":{"line":688,"column":4},"end":{"line":690,"column":5}},{"start":{},"end":{}}],"line":688},"62":{"loc":{"start":{"line":688,"column":8},"end":{"line":688,"column":83}},"type":"binary-expr","locations":[{"start":{"line":688,"column":8},"end":{"line":688,"column":21}},{"start":{"line":688,"column":26},"end":{"line":688,"column":41}},{"start":{"line":688,"column":45},"end":{"line":688,"column":82}}],"line":688},"63":{"loc":{"start":{"line":706,"column":11},"end":{"line":706,"column":29}},"type":"binary-expr","locations":[{"start":{"line":706,"column":11},"end":{"line":706,"column":23}},{"start":{"line":706,"column":27},"end":{"line":706,"column":29}}],"line":706}},"s":{"0":5,"1":5,"2":5,"3":5,"4":0,"5":0,"6":0,"7":0,"8":0,"9":0,"10":0,"11":0,"12":0,"13":0,"14":0,"15":0,"16":0,"17":0,"18":0,"19":0,"20":0,"21":0,"22":0,"23":0,"24":0,"25":0,"26":0,"27":0,"28":0,"29":0,"30":0,"31":0,"32":0,"33":0,"34":0,"35":0,"36":0,"37":0,"38":0,"39":0,"40":0,"41":0,"42":0,"43":0,"44":0,"45":0,"46":0,"47":5},"f":{"0":5,"1":0,"2":0,"3":0,"4":0,"5":0,"6":0,"7":0,"8":0,"9":0,"10":0,"11":0,"12":0,"13":0,"14":0},"b":{"0":[0,0],"1":[0,0],"2":[0,0],"3":[0,0],"4":[0,0],"5":[0,0],"6":[0,0],"7":[0,0],"8":[0,0],"9":[0,0],"10":[0,0],"11":[0,0],"12":[0,0],"13":[0,0],"14":[0,0],"15":[0,0],"16":[0,0],"17":[0,0],"18":[0,0],"19":[0,0],"20":[0,0],"21":[0,0],"22":[0,0],"23":[0,0],"24":[0,0],"25":[0,0],"26":[0,0],"27":[0,0],"28":[0,0],"29":[0,0],"30":[0,0],"31":[0,0],"32":[0,0],"33":[0,0],"34":[0,0],"35":[0,0],"36":[0,0],"37":[0,0],"38":[0,0],"39":[0,0],"40":[0,0],"41":[0,0],"42":[0,0],"43":[0,0],"44":[0,0],"45":[0,0],"46":[0,0],"47":[0,0],"48":[0,0],"49":[0,0],"50":[0,0],"51":[0,0],"52":[0,0],"53":[0,0],"54":[0,0],"55":[0,0],"56":[0,0],"57":[0,0],"58":[0,0],"59":[0,0],"60":[0,0],"61":[0,0],"62":[0,0,0],"63":[0,0]},"_coverageSchema":"1a1c01bbd47fc00a2c39e90264f33305004495a9","hash":"94a253bbcf27696bf7c128e86dfda724ee9a442b"}
,"C:\\Users\\ACER\\Documents\\final\\backend\\src\\services\\smsService.js": {"path":"C:\\Users\\ACER\\Documents\\final\\backend\\src\\services\\smsService.js","statementMap":{"0":{"start":{"line":11,"column":2},"end":{"line":11,"column":91}},"1":{"start":{"line":14,"column":2},"end":{"line":18,"column":4}},"2":{"start":{"line":21,"column":0},"end":{"line":23,"column":2}}},"fnMap":{"0":{"name":"sendSMS","decl":{"start":{"line":9,"column":15},"end":{"line":9,"column":22}},"loc":{"start":{"line":9,"column":39},"end":{"line":19,"column":1}},"line":9}},"branchMap":{},"s":{"0":0,"1":0,"2":0},"f":{"0":0},"b":{}}
,"C:\\Users\\ACER\\Documents\\final\\backend\\src\\services\\whatsappService.js": {"path":"C:\\Users\\ACER\\Documents\\final\\backend\\src\\services\\whatsappService.js","statementMap":{"0":{"start":{"line":1,"column":14},"end":{"line":1,"column":30}},"1":{"start":{"line":2,"column":12},"end":{"line":2,"column":36}},"2":{"start":{"line":5,"column":2},"end":{"line":7,"column":3}},"3":{"start":{"line":6,"column":4},"end":{"line":6,"column":61}},"4":{"start":{"line":9,"column":14},"end":{"line":9,"column":108}},"5":{"start":{"line":10,"column":18},"end":{"line":18,"column":3}},"6":{"start":{"line":20,"column":19},"end":{"line":25,"column":4}},"7":{"start":{"line":27,"column":2},"end":{"line":27,"column":23}},"8":{"start":{"line":30,"column":0},"end":{"line":30,"column":49}}},"fnMap":{"0":{"name":"sendWhatsAppTemplateMessage","decl":{"start":{"line":4,"column":15},"end":{"line":4,"column":42}},"loc":{"start":{"line":4,"column":89},"end":{"line":28,"column":1}},"line":4}},"branchMap":{"0":{"loc":{"start":{"line":4,"column":47},"end":{"line":4,"column":87}},"type":"default-arg","locations":[{"start":{"line":4,"column":62},"end":{"line":4,"column":87}}],"line":4},"1":{"loc":{"start":{"line":5,"column":2},"end":{"line":7,"column":3}},"type":"if","locations":[{"start":{"line":5,"column":2},"end":{"line":7,"column":3}},{"start":{},"end":{}}],"line":5},"2":{"loc":{"start":{"line":5,"column":6},"end":{"line":5,"column":62}},"type":"binary-expr","locations":[{"start":{"line":5,"column":6},"end":{"line":5,"column":31}},{"start":{"line":5,"column":35},"end":{"line":5,"column":62}}],"line":5}},"s":{"0":5,"1":5,"2":0,"3":0,"4":0,"5":0,"6":0,"7":0,"8":5},"f":{"0":0},"b":{"0":[0],"1":[0,0],"2":[0,0]},"_coverageSchema":"1a1c01bbd47fc00a2c39e90264f33305004495a9","hash":"08b5860bffe62aaa5c6456f99ad30af4bd798b38"}
,"C:\\Users\\ACER\\Documents\\final\\backend\\src\\utils\\encryption.js": {"path":"C:\\Users\\ACER\\Documents\\final\\backend\\src\\utils\\encryption.js","statementMap":{"0":{"start":{"line":1,"column":15},"end":{"line":1,"column":32}},"1":{"start":{"line":4,"column":23},"end":{"line":4,"column":91}},"2":{"start":{"line":5,"column":18},"end":{"line":5,"column":31}},"3":{"start":{"line":6,"column":18},"end":{"line":6,"column":20}},"4":{"start":{"line":7,"column":20},"end":{"line":7,"column":22}},"5":{"start":{"line":8,"column":19},"end":{"line":8,"column":21}},"6":{"start":{"line":9,"column":21},"end":{"line":9,"column":44}},"7":{"start":{"line":10,"column":27},"end":{"line":10,"column":52}},"8":{"start":{"line":16,"column":2},"end":{"line":16,"column":71}},"9":{"start":{"line":25,"column":2},"end":{"line":25,"column":25}},"10":{"start":{"line":25,"column":13},"end":{"line":25,"column":25}},"11":{"start":{"line":27,"column":2},"end":{"line":49,"column":3}},"12":{"start":{"line":28,"column":15},"end":{"line":28,"column":44}},"13":{"start":{"line":29,"column":17},"end":{"line":29,"column":48}},"14":{"start":{"line":30,"column":16},"end":{"line":30,"column":28}},"15":{"start":{"line":32,"column":19},"end":{"line":32,"column":60}},"16":{"start":{"line":33,"column":20},"end":{"line":33,"column":57}},"17":{"start":{"line":34,"column":4},"end":{"line":34,"column":40}},"18":{"start":{"line":35,"column":16},"end":{"line":35,"column":35}},"19":{"start":{"line":38,"column":21},"end":{"line":43,"column":6}},"20":{"start":{"line":45,"column":4},"end":{"line":45,"column":39}},"21":{"start":{"line":47,"column":4},"end":{"line":47,"column":46}},"22":{"start":{"line":48,"column":4},"end":{"line":48,"column":16}},"23":{"start":{"line":58,"column":2},"end":{"line":58,"column":34}},"24":{"start":{"line":58,"column":22},"end":{"line":58,"column":34}},"25":{"start":{"line":60,"column":2},"end":{"line":80,"column":3}},"26":{"start":{"line":61,"column":21},"end":{"line":61,"column":57}},"27":{"start":{"line":64,"column":17},"end":{"line":64,"column":47}},"28":{"start":{"line":65,"column":15},"end":{"line":65,"column":56}},"29":{"start":{"line":66,"column":16},"end":{"line":66,"column":64}},"30":{"start":{"line":67,"column":22},"end":{"line":67,"column":56}},"31":{"start":{"line":69,"column":16},"end":{"line":69,"column":28}},"32":{"start":{"line":70,"column":21},"end":{"line":70,"column":64}},"33":{"start":{"line":71,"column":4},"end":{"line":71,"column":29}},"34":{"start":{"line":73,"column":20},"end":{"line":73,"column":60}},"35":{"start":{"line":74,"column":4},"end":{"line":74,"column":40}},"36":{"start":{"line":76,"column":4},"end":{"line":76,"column":21}},"37":{"start":{"line":78,"column":4},"end":{"line":78,"column":46}},"38":{"start":{"line":79,"column":4},"end":{"line":79,"column":16}},"39":{"start":{"line":89,"column":2},"end":{"line":89,"column":25}},"40":{"start":{"line":89,"column":13},"end":{"line":89,"column":25}},"41":{"start":{"line":90,"column":2},"end":{"line":90,"column":64}},"42":{"start":{"line":100,"column":2},"end":{"line":100,"column":60}},"43":{"start":{"line":100,"column":49},"end":{"line":100,"column":60}},"44":{"start":{"line":102,"column":20},"end":{"line":102,"column":30}},"45":{"start":{"line":103,"column":2},"end":{"line":107,"column":5}},"46":{"start":{"line":104,"column":4},"end":{"line":106,"column":5}},"47":{"start":{"line":105,"column":6},"end":{"line":105,"column":51}},"48":{"start":{"line":109,"column":2},"end":{"line":109,"column":19}},"49":{"start":{"line":119,"column":2},"end":{"line":119,"column":60}},"50":{"start":{"line":119,"column":49},"end":{"line":119,"column":60}},"51":{"start":{"line":121,"column":20},"end":{"line":121,"column":30}},"52":{"start":{"line":122,"column":2},"end":{"line":126,"column":5}},"53":{"start":{"line":123,"column":4},"end":{"line":125,"column":5}},"54":{"start":{"line":124,"column":6},"end":{"line":124,"column":51}},"55":{"start":{"line":128,"column":2},"end":{"line":128,"column":19}},"56":{"start":{"line":131,"column":0},"end":{"line":137,"column":2}}},"fnMap":{"0":{"name":"getKey","decl":{"start":{"line":15,"column":9},"end":{"line":15,"column":15}},"loc":{"start":{"line":15,"column":22},"end":{"line":17,"column":1}},"line":15},"1":{"name":"encrypt","decl":{"start":{"line":24,"column":9},"end":{"line":24,"column":16}},"loc":{"start":{"line":24,"column":23},"end":{"line":50,"column":1}},"line":24},"2":{"name":"decrypt","decl":{"start":{"line":57,"column":9},"end":{"line":57,"column":16}},"loc":{"start":{"line":57,"column":32},"end":{"line":81,"column":1}},"line":57},"3":{"name":"hash","decl":{"start":{"line":88,"column":9},"end":{"line":88,"column":13}},"loc":{"start":{"line":88,"column":20},"end":{"line":91,"column":1}},"line":88},"4":{"name":"encryptFields","decl":{"start":{"line":99,"column":9},"end":{"line":99,"column":22}},"loc":{"start":{"line":99,"column":36},"end":{"line":110,"column":1}},"line":99},"5":{"name":"(anonymous_5)","decl":{"start":{"line":103,"column":17},"end":{"line":103,"column":18}},"loc":{"start":{"line":103,"column":26},"end":{"line":107,"column":3}},"line":103},"6":{"name":"decryptFields","decl":{"start":{"line":118,"column":9},"end":{"line":118,"column":22}},"loc":{"start":{"line":118,"column":36},"end":{"line":129,"column":1}},"line":118},"7":{"name":"(anonymous_7)","decl":{"start":{"line":122,"column":17},"end":{"line":122,"column":18}},"loc":{"start":{"line":122,"column":26},"end":{"line":126,"column":3}},"line":122}},"branchMap":{"0":{"loc":{"start":{"line":4,"column":23},"end":{"line":4,"column":91}},"type":"binary-expr","locations":[{"start":{"line":4,"column":23},"end":{"line":4,"column":49}},{"start":{"line":4,"column":53},"end":{"line":4,"column":91}}],"line":4},"1":{"loc":{"start":{"line":25,"column":2},"end":{"line":25,"column":25}},"type":"if","locations":[{"start":{"line":25,"column":2},"end":{"line":25,"column":25}},{"start":{},"end":{}}],"line":25},"2":{"loc":{"start":{"line":58,"column":2},"end":{"line":58,"column":34}},"type":"if","locations":[{"start":{"line":58,"column":2},"end":{"line":58,"column":34}},{"start":{},"end":{}}],"line":58},"3":{"loc":{"start":{"line":89,"column":2},"end":{"line":89,"column":25}},"type":"if","locations":[{"start":{"line":89,"column":2},"end":{"line":89,"column":25}},{"start":{},"end":{}}],"line":89},"4":{"loc":{"start":{"line":100,"column":2},"end":{"line":100,"column":60}},"type":"if","locations":[{"start":{"line":100,"column":2},"end":{"line":100,"column":60}},{"start":{},"end":{}}],"line":100},"5":{"loc":{"start":{"line":100,"column":6},"end":{"line":100,"column":47}},"type":"binary-expr","locations":[{"start":{"line":100,"column":6},"end":{"line":100,"column":10}},{"start":{"line":100,"column":14},"end":{"line":100,"column":21}},{"start":{"line":100,"column":25},"end":{"line":100,"column":47}}],"line":100},"6":{"loc":{"start":{"line":104,"column":4},"end":{"line":106,"column":5}},"type":"if","locations":[{"start":{"line":104,"column":4},"end":{"line":106,"column":5}},{"start":{},"end":{}}],"line":104},"7":{"loc":{"start":{"line":119,"column":2},"end":{"line":119,"column":60}},"type":"if","locations":[{"start":{"line":119,"column":2},"end":{"line":119,"column":60}},{"start":{},"end":{}}],"line":119},"8":{"loc":{"start":{"line":119,"column":6},"end":{"line":119,"column":47}},"type":"binary-expr","locations":[{"start":{"line":119,"column":6},"end":{"line":119,"column":10}},{"start":{"line":119,"column":14},"end":{"line":119,"column":21}},{"start":{"line":119,"column":25},"end":{"line":119,"column":47}}],"line":119},"9":{"loc":{"start":{"line":123,"column":4},"end":{"line":125,"column":5}},"type":"if","locations":[{"start":{"line":123,"column":4},"end":{"line":125,"column":5}},{"start":{},"end":{}}],"line":123}},"s":{"0":1,"1":1,"2":1,"3":1,"4":1,"5":1,"6":1,"7":1,"8":10,"9":9,"10":3,"11":6,"12":6,"13":6,"14":6,"15":6,"16":6,"17":6,"18":6,"19":6,"20":6,"21":0,"22":0,"23":4,"24":0,"25":4,"26":4,"27":4,"28":4,"29":4,"30":4,"31":4,"32":4,"33":4,"34":4,"35":4,"36":4,"37":0,"38":0,"39":4,"40":2,"41":2,"42":3,"43":0,"44":3,"45":3,"46":4,"47":4,"48":3,"49":1,"50":0,"51":1,"52":1,"53":2,"54":2,"55":1,"56":1},"f":{"0":10,"1":9,"2":4,"3":4,"4":3,"5":4,"6":1,"7":2},"b":{"0":[1,1],"1":[3,6],"2":[0,4],"3":[2,2],"4":[0,3],"5":[3,3,3],"6":[4,0],"7":[0,1],"8":[1,1,1],"9":[2,0]},"_coverageSchema":"1a1c01bbd47fc00a2c39e90264f33305004495a9","hash":"0fe21b79edfb21e8e9add22cb4081eaa7e64eb2a"}
}
