TN:
SF:src\app.js
FN:46,(anonymous_0)
FN:122,(anonymous_1)
FN:125,(anonymous_2)
FNF:3
FNH:1
FNDA:13,(anonymous_0)
FNDA:0,(anonymous_1)
FNDA:0,(anonymous_2)
DA:1,5
DA:2,5
DA:3,5
DA:4,5
DA:5,5
DA:6,5
DA:7,5
DA:9,5
DA:10,5
DA:11,5
DA:12,5
DA:13,5
DA:14,5
DA:15,5
DA:16,5
DA:17,5
DA:18,5
DA:19,5
DA:20,5
DA:21,5
DA:22,5
DA:23,5
DA:24,5
DA:25,5
DA:26,5
DA:27,5
DA:29,5
DA:32,5
DA:45,5
DA:48,13
DA:51,0
DA:55,0
DA:56,0
DA:58,0
DA:66,5
DA:69,5
DA:70,5
DA:71,5
DA:74,5
DA:75,5
DA:78,5
DA:85,5
DA:88,5
DA:91,5
DA:92,5
DA:93,5
DA:95,5
DA:102,5
DA:103,5
DA:104,5
DA:105,5
DA:106,5
DA:107,5
DA:108,5
DA:109,5
DA:110,5
DA:111,5
DA:112,5
DA:113,5
DA:114,5
DA:115,5
DA:116,5
DA:117,5
DA:118,5
DA:119,5
DA:120,5
DA:122,5
DA:125,5
DA:126,0
DA:130,5
DA:132,5
LF:71
LH:66
BRDA:48,0,0,13
BRDA:48,0,1,0
BRDA:51,1,0,0
BRDA:51,1,1,0
BRDA:55,2,0,0
BRDA:55,2,1,0
BRDA:55,3,0,0
BRDA:55,3,1,0
BRDA:91,4,0,5
BRDA:91,4,1,0
BRF:10
BRH:2
end_of_record
TN:
SF:src\controllers\abhaController.js
FN:5,enroll
FN:11,link
FN:18,unlink
FN:25,status
FNF:4
FNH:0
FNDA:0,enroll
FNDA:0,link
FNDA:0,unlink
FNDA:0,status
DA:3,5
DA:6,0
DA:7,0
DA:8,0
DA:12,0
DA:13,0
DA:14,0
DA:15,0
DA:19,0
DA:20,0
DA:21,0
DA:22,0
DA:26,0
DA:27,0
DA:28,0
DA:31,5
LF:16
LH:2
BRDA:7,0,0,0
BRDA:7,0,1,0
BRDA:13,1,0,0
BRDA:13,1,1,0
BRDA:20,2,0,0
BRDA:20,2,1,0
BRDA:27,3,0,0
BRDA:27,3,1,0
BRF:8
BRH:0
end_of_record
TN:
SF:src\controllers\analyticsController.js
FN:3,diagnosis
FN:50,diagnosisList
FN:76,diagnosisPatients
FN:117,status
FN:160,(anonymous_4)
FN:172,medicationList
FN:198,medicationPatients
FN:240,wow
FN:279,topSymptoms
FN:299,topMedications
FN:319,appointmentBreakdown
FN:395,labTestList
FN:422,labTestPatients
FN:464,(anonymous_13)
FNF:14
FNH:0
FNDA:0,diagnosis
FNDA:0,diagnosisList
FNDA:0,diagnosisPatients
FNDA:0,status
FNDA:0,(anonymous_4)
FNDA:0,medicationList
FNDA:0,medicationPatients
FNDA:0,wow
FNDA:0,topSymptoms
FNDA:0,topMedications
FNDA:0,appointmentBreakdown
FNDA:0,labTestList
FNDA:0,labTestPatients
FNDA:0,(anonymous_13)
DA:1,5
DA:4,0
DA:5,0
DA:6,0
DA:7,0
DA:10,0
DA:12,0
DA:13,0
DA:14,0
DA:16,0
DA:19,0
DA:20,0
DA:21,0
DA:23,0
DA:24,0
DA:25,0
DA:27,0
DA:28,0
DA:29,0
DA:31,0
DA:32,0
DA:33,0
DA:35,0
DA:36,0
DA:37,0
DA:40,0
DA:42,0
DA:43,0
DA:45,0
DA:46,0
DA:51,0
DA:52,0
DA:53,0
DA:54,0
DA:58,0
DA:60,0
DA:61,0
DA:62,0
DA:65,0
DA:66,0
DA:68,0
DA:69,0
DA:71,0
DA:72,0
DA:77,0
DA:78,0
DA:79,0
DA:80,0
DA:91,0
DA:93,0
DA:94,0
DA:95,0
DA:97,0
DA:98,0
DA:99,0
DA:101,0
DA:102,0
DA:103,0
DA:106,0
DA:107,0
DA:109,0
DA:110,0
DA:112,0
DA:113,0
DA:118,0
DA:119,0
DA:120,0
DA:121,0
DA:124,0
DA:126,0
DA:127,0
DA:128,0
DA:130,0
DA:131,0
DA:132,0
DA:134,0
DA:135,0
DA:136,0
DA:138,0
DA:139,0
DA:140,0
DA:142,0
DA:143,0
DA:144,0
DA:147,0
DA:149,0
DA:152,0
DA:160,0
DA:165,0
DA:167,0
DA:168,0
DA:173,0
DA:174,0
DA:175,0
DA:176,0
DA:180,0
DA:182,0
DA:183,0
DA:184,0
DA:187,0
DA:188,0
DA:190,0
DA:191,0
DA:193,0
DA:194,0
DA:199,0
DA:200,0
DA:201,0
DA:202,0
DA:214,0
DA:216,0
DA:217,0
DA:218,0
DA:220,0
DA:221,0
DA:222,0
DA:224,0
DA:225,0
DA:226,0
DA:229,0
DA:230,0
DA:232,0
DA:233,0
DA:235,0
DA:236,0
DA:241,0
DA:242,0
DA:243,0
DA:244,0
DA:250,0
DA:252,0
DA:253,0
DA:254,0
DA:256,0
DA:259,0
DA:260,0
DA:261,0
DA:264,0
DA:265,0
DA:266,0
DA:269,0
DA:271,0
DA:272,0
DA:274,0
DA:275,0
DA:280,0
DA:281,0
DA:282,0
DA:283,0
DA:292,0
DA:294,0
DA:295,0
DA:300,0
DA:301,0
DA:302,0
DA:303,0
DA:312,0
DA:314,0
DA:315,0
DA:320,0
DA:321,0
DA:322,0
DA:323,0
DA:338,0
DA:340,0
DA:341,0
DA:342,0
DA:344,0
DA:345,0
DA:346,0
DA:348,0
DA:349,0
DA:350,0
DA:352,0
DA:353,0
DA:354,0
DA:356,0
DA:357,0
DA:358,0
DA:361,0
DA:362,0
DA:365,0
DA:370,0
DA:376,0
DA:381,0
DA:390,0
DA:391,0
DA:396,0
DA:397,0
DA:398,0
DA:399,0
DA:404,0
DA:406,0
DA:407,0
DA:408,0
DA:411,0
DA:412,0
DA:414,0
DA:415,0
DA:417,0
DA:418,0
DA:423,0
DA:424,0
DA:425,0
DA:426,0
DA:439,0
DA:441,0
DA:442,0
DA:443,0
DA:445,0
DA:446,0
DA:447,0
DA:449,0
DA:450,0
DA:451,0
DA:454,0
DA:455,0
DA:457,0
DA:458,0
DA:460,0
DA:461,0
DA:464,5
DA:465,0
DA:466,0
DA:467,0
DA:468,0
DA:469,0
DA:471,0
DA:472,0
DA:473,0
DA:475,0
DA:476,0
DA:477,0
DA:481,0
DA:482,0
DA:485,0
DA:486,0
DA:489,0
DA:495,0
DA:498,0
DA:505,0
DA:507,0
DA:516,0
DA:517,0
DA:521,5
LF:245
LH:3
BRDA:12,0,0,0
BRDA:12,0,1,0
BRDA:19,1,0,0
BRDA:19,1,1,0
BRDA:23,2,0,0
BRDA:23,2,1,0
BRDA:27,3,0,0
BRDA:27,3,1,0
BRDA:31,4,0,0
BRDA:31,4,1,0
BRDA:35,5,0,0
BRDA:35,5,1,0
BRDA:52,6,0,0
BRDA:52,7,0,0
BRDA:60,8,0,0
BRDA:60,8,1,0
BRDA:78,9,0,0
BRDA:93,10,0,0
BRDA:93,10,1,0
BRDA:97,11,0,0
BRDA:97,11,1,0
BRDA:101,12,0,0
BRDA:101,12,1,0
BRDA:126,13,0,0
BRDA:126,13,1,0
BRDA:130,14,0,0
BRDA:130,14,1,0
BRDA:134,15,0,0
BRDA:134,15,1,0
BRDA:138,16,0,0
BRDA:138,16,1,0
BRDA:142,17,0,0
BRDA:142,17,1,0
BRDA:162,18,0,0
BRDA:162,18,1,0
BRDA:174,19,0,0
BRDA:174,20,0,0
BRDA:182,21,0,0
BRDA:182,21,1,0
BRDA:200,22,0,0
BRDA:216,23,0,0
BRDA:216,23,1,0
BRDA:220,24,0,0
BRDA:220,24,1,0
BRDA:224,25,0,0
BRDA:224,25,1,0
BRDA:252,26,0,0
BRDA:252,26,1,0
BRDA:259,27,0,0
BRDA:259,27,1,0
BRDA:264,28,0,0
BRDA:264,28,1,0
BRDA:281,29,0,0
BRDA:301,30,0,0
BRDA:340,31,0,0
BRDA:340,31,1,0
BRDA:344,32,0,0
BRDA:344,32,1,0
BRDA:348,33,0,0
BRDA:348,33,1,0
BRDA:352,34,0,0
BRDA:352,34,1,0
BRDA:356,35,0,0
BRDA:356,35,1,0
BRDA:362,36,0,0
BRDA:362,36,1,0
BRDA:366,37,0,0
BRDA:366,37,1,0
BRDA:367,38,0,0
BRDA:367,38,1,0
BRDA:371,39,0,0
BRDA:371,39,1,0
BRDA:372,40,0,0
BRDA:372,40,1,0
BRDA:373,41,0,0
BRDA:373,41,1,0
BRDA:377,42,0,0
BRDA:377,42,1,0
BRDA:378,43,0,0
BRDA:378,43,1,0
BRDA:397,44,0,0
BRDA:397,45,0,0
BRDA:406,46,0,0
BRDA:406,46,1,0
BRDA:424,47,0,0
BRDA:441,48,0,0
BRDA:441,48,1,0
BRDA:445,49,0,0
BRDA:445,49,1,0
BRDA:449,50,0,0
BRDA:449,50,1,0
BRDA:471,51,0,0
BRDA:471,51,1,0
BRDA:475,52,0,0
BRDA:475,52,1,0
BRDA:482,53,0,0
BRDA:482,53,1,0
BRDA:486,54,0,0
BRDA:486,54,1,0
BRDA:495,55,0,0
BRDA:495,55,1,0
BRDA:505,56,0,0
BRDA:505,56,1,0
BRF:103
BRH:0
end_of_record
TN:
SF:src\controllers\appointmentController.js
FN:3,listAppointments
FN:56,addAppointment
FNF:2
FNH:0
FNDA:0,listAppointments
FNDA:0,addAppointment
DA:1,5
DA:4,0
DA:6,0
DA:19,0
DA:21,0
DA:22,0
DA:23,0
DA:26,0
DA:27,0
DA:28,0
DA:31,0
DA:33,0
DA:34,0
DA:37,0
DA:38,0
DA:44,0
DA:46,0
DA:47,0
DA:48,0
DA:49,0
DA:53,0
DA:65,0
DA:67,0
DA:68,0
DA:77,0
DA:78,0
DA:79,0
DA:81,0
DA:84,0
DA:90,5
LF:30
LH:2
BRDA:21,0,0,0
BRDA:21,0,1,0
BRDA:26,1,0,0
BRDA:26,1,1,0
BRDA:44,2,0,0
BRDA:44,2,1,0
BRF:6
BRH:0
end_of_record
TN:
SF:src\controllers\appointmentIntentController.js
FN:3,addAppointmentIntent
FN:28,listAppointmentIntents
FN:52,getAppointmentIntent
FN:73,updateAppointmentIntentStatus
FN:104,convertToAppointment
FN:198,deleteAppointmentIntent
FNF:6
FNH:1
FNDA:3,addAppointmentIntent
FNDA:0,listAppointmentIntents
FNDA:0,getAppointmentIntent
FNDA:0,updateAppointmentIntentStatus
FNDA:0,convertToAppointment
FNDA:0,deleteAppointmentIntent
DA:1,5
DA:4,3
DA:5,3
DA:7,3
DA:8,0
DA:11,3
DA:12,3
DA:18,3
DA:23,0
DA:24,0
DA:29,0
DA:30,0
DA:31,0
DA:33,0
DA:34,0
DA:36,0
DA:37,0
DA:38,0
DA:41,0
DA:42,0
DA:44,0
DA:45,0
DA:47,0
DA:48,0
DA:53,0
DA:54,0
DA:55,0
DA:57,0
DA:62,0
DA:63,0
DA:66,0
DA:68,0
DA:69,0
DA:74,0
DA:75,0
DA:76,0
DA:77,0
DA:79,0
DA:80,0
DA:81,0
DA:84,0
DA:90,0
DA:91,0
DA:97,0
DA:99,0
DA:100,0
DA:105,0
DA:106,0
DA:107,0
DA:108,0
DA:111,0
DA:116,0
DA:117,0
DA:120,0
DA:121,0
DA:124,0
DA:126,0
DA:127,0
DA:130,0
DA:136,0
DA:139,0
DA:140,0
DA:147,0
DA:148,0
DA:152,0
DA:159,0
DA:165,0
DA:166,0
DA:167,0
DA:168,0
DA:170,0
DA:173,0
DA:176,0
DA:180,0
DA:181,0
DA:187,0
DA:193,0
DA:194,0
DA:199,0
DA:200,0
DA:201,0
DA:203,0
DA:206,0
DA:207,0
DA:213,0
DA:215,0
DA:216,0
DA:220,5
LF:88
LH:8
BRDA:7,0,0,0
BRDA:7,0,1,3
BRDA:7,1,0,3
BRDA:7,1,1,3
BRDA:15,2,0,3
BRDA:15,2,1,1
BRDA:15,3,0,3
BRDA:15,3,1,1
BRDA:15,4,0,3
BRDA:15,4,1,1
BRDA:30,5,0,0
BRDA:30,6,0,0
BRDA:36,7,0,0
BRDA:36,7,1,0
BRDA:62,8,0,0
BRDA:62,8,1,0
BRDA:80,9,0,0
BRDA:80,9,1,0
BRDA:90,10,0,0
BRDA:90,10,1,0
BRDA:116,11,0,0
BRDA:116,11,1,0
BRDA:124,12,0,0
BRDA:124,12,1,0
BRDA:124,13,0,0
BRDA:124,13,1,0
BRDA:139,14,0,0
BRDA:139,14,1,0
BRDA:147,15,0,0
BRDA:147,15,1,0
BRDA:147,16,0,0
BRDA:147,16,1,0
BRDA:147,16,2,0
BRDA:147,16,3,0
BRDA:155,17,0,0
BRDA:155,17,1,0
BRDA:170,18,0,0
BRDA:170,18,1,0
BRDA:170,19,0,0
BRDA:170,19,1,0
BRDA:180,20,0,0
BRDA:180,20,1,0
BRDA:206,21,0,0
BRDA:206,21,1,0
BRF:44
BRH:9
end_of_record
TN:
SF:src\controllers\authController.js
FN:6,login
FNF:1
FNH:1
FNDA:7,login
DA:1,5
DA:2,5
DA:3,5
DA:4,5
DA:7,7
DA:8,7
DA:9,1
DA:12,6
DA:13,6
DA:18,6
DA:19,0
DA:22,6
DA:23,6
DA:25,6
DA:26,6
DA:29,0
DA:35,0
DA:47,5
LF:18
LH:15
BRDA:8,0,0,1
BRDA:8,0,1,6
BRDA:8,1,0,7
BRDA:8,1,1,7
BRDA:18,2,0,0
BRDA:18,2,1,6
BRDA:25,3,0,6
BRDA:25,3,1,0
BRF:8
BRH:6
end_of_record
TN:
SF:src\controllers\backupController.js
FN:12,exportDatabase
FN:48,manualExport
FN:72,(anonymous_2)
FN:73,(anonymous_3)
FN:103,listBackups
FN:125,(anonymous_5)
FN:143,downloadBackup
FN:172,deleteBackup
FN:201,exportData
FN:226,(anonymous_9)
FN:226,(anonymous_10)
FNF:11
FNH:0
FNDA:0,exportDatabase
FNDA:0,manualExport
FNDA:0,(anonymous_2)
FNDA:0,(anonymous_3)
FNDA:0,listBackups
FNDA:0,(anonymous_5)
FNDA:0,downloadBackup
FNDA:0,deleteBackup
FNDA:0,exportData
FNDA:0,(anonymous_9)
FNDA:0,(anonymous_10)
DA:1,5
DA:2,5
DA:3,5
DA:4,5
DA:5,5
DA:6,5
DA:7,5
DA:13,0
DA:14,0
DA:15,0
DA:16,0
DA:17,0
DA:20,0
DA:23,0
DA:25,0
DA:26,0
DA:29,0
DA:30,0
DA:33,0
DA:40,0
DA:41,0
DA:49,0
DA:50,0
DA:51,0
DA:52,0
DA:53,0
DA:56,0
DA:57,0
DA:59,0
DA:60,0
DA:61,0
DA:62,0
DA:65,0
DA:66,0
DA:69,0
DA:70,0
DA:71,0
DA:72,0
DA:73,0
DA:74,0
DA:75,0
DA:76,0
DA:78,0
DA:80,0
DA:84,0
DA:86,0
DA:88,0
DA:95,0
DA:96,0
DA:104,0
DA:105,0
DA:107,0
DA:108,0
DA:109,0
DA:111,0
DA:112,0
DA:113,0
DA:114,0
DA:115,0
DA:125,0
DA:127,0
DA:129,0
DA:130,0
DA:132,0
DA:135,0
DA:136,0
DA:144,0
DA:145,0
DA:146,0
DA:147,0
DA:150,0
DA:151,0
DA:154,0
DA:155,0
DA:156,0
DA:158,0
DA:159,0
DA:161,0
DA:164,0
DA:165,0
DA:173,0
DA:174,0
DA:175,0
DA:176,0
DA:179,0
DA:180,0
DA:183,0
DA:184,0
DA:185,0
DA:187,0
DA:188,0
DA:190,0
DA:193,0
DA:194,0
DA:202,0
DA:203,0
DA:204,0
DA:206,0
DA:207,0
DA:211,0
DA:212,0
DA:213,0
DA:216,0
DA:218,0
DA:219,0
DA:220,0
DA:223,0
DA:224,0
DA:226,0
DA:227,0
DA:228,0
DA:229,0
DA:230,0
DA:234,0
DA:235,0
DA:236,0
DA:238,0
DA:245,0
DA:246,0
DA:250,5
LF:120
LH:8
BRDA:70,0,0,0
BRDA:70,0,1,0
BRDA:74,1,0,0
BRDA:74,1,1,0
BRDA:75,2,0,0
BRDA:75,2,1,0
BRDA:112,3,0,0
BRDA:112,3,1,0
BRDA:129,4,0,0
BRDA:129,4,1,0
BRDA:150,5,0,0
BRDA:150,5,1,0
BRDA:150,6,0,0
BRDA:150,6,1,0
BRDA:150,6,2,0
BRDA:158,7,0,0
BRDA:158,7,1,0
BRDA:179,8,0,0
BRDA:179,8,1,0
BRDA:179,9,0,0
BRDA:179,9,1,0
BRDA:179,9,2,0
BRDA:187,10,0,0
BRDA:187,10,1,0
BRDA:203,11,0,0
BRDA:206,12,0,0
BRDA:206,12,1,0
BRDA:212,13,0,0
BRDA:212,13,1,0
BRDA:218,14,0,0
BRDA:218,14,1,0
BRDA:219,15,0,0
BRDA:219,15,1,0
BRDA:228,16,0,0
BRDA:228,16,1,0
BRDA:229,17,0,0
BRDA:229,17,1,0
BRF:37
BRH:0
end_of_record
TN:
SF:src\controllers\billController.js
FN:4,listBills
FN:125,getBill
FN:157,addBill
FN:229,updateBillStatus
FN:262,getPaymentsSummary
FN:327,generateReceiptPDF
FN:362,(anonymous_6)
FNF:7
FNH:0
FNDA:0,listBills
FNDA:0,getBill
FNDA:0,addBill
FNDA:0,updateBillStatus
FNDA:0,getPaymentsSummary
FNDA:0,generateReceiptPDF
FNDA:0,(anonymous_6)
DA:1,5
DA:2,5
DA:5,0
DA:17,0
DA:19,0
DA:20,0
DA:22,0
DA:36,0
DA:43,0
DA:44,0
DA:46,0
DA:47,0
DA:48,0
DA:49,0
DA:50,0
DA:51,0
DA:54,0
DA:55,0
DA:56,0
DA:57,0
DA:58,0
DA:61,0
DA:62,0
DA:63,0
DA:64,0
DA:65,0
DA:68,0
DA:69,0
DA:70,0
DA:71,0
DA:72,0
DA:75,0
DA:76,0
DA:77,0
DA:78,0
DA:79,0
DA:82,0
DA:83,0
DA:84,0
DA:85,0
DA:86,0
DA:89,0
DA:90,0
DA:91,0
DA:92,0
DA:93,0
DA:96,0
DA:97,0
DA:98,0
DA:99,0
DA:100,0
DA:103,0
DA:104,0
DA:106,0
DA:107,0
DA:108,0
DA:110,0
DA:120,0
DA:121,0
DA:126,0
DA:127,0
DA:128,0
DA:130,0
DA:146,0
DA:147,0
DA:150,0
DA:152,0
DA:153,0
DA:158,0
DA:174,0
DA:176,0
DA:177,0
DA:180,0
DA:183,0
DA:185,0
DA:207,0
DA:212,0
DA:224,0
DA:225,0
DA:230,0
DA:231,0
DA:232,0
DA:234,0
DA:235,0
DA:238,0
DA:240,0
DA:241,0
DA:243,0
DA:244,0
DA:245,0
DA:248,0
DA:250,0
DA:255,0
DA:257,0
DA:258,0
DA:263,0
DA:264,0
DA:265,0
DA:267,0
DA:268,0
DA:270,0
DA:271,0
DA:272,0
DA:273,0
DA:274,0
DA:275,0
DA:276,0
DA:277,0
DA:278,0
DA:282,0
DA:288,0
DA:297,0
DA:305,0
DA:312,0
DA:322,0
DA:323,0
DA:328,0
DA:329,0
DA:330,0
DA:333,0
DA:343,0
DA:344,0
DA:347,0
DA:350,0
DA:357,0
DA:362,0
DA:370,0
DA:380,0
DA:387,0
DA:390,0
DA:391,0
DA:394,0
DA:397,0
DA:398,0
DA:402,5
LF:135
LH:3
BRDA:7,0,0,0
BRDA:8,1,0,0
BRDA:46,2,0,0
BRDA:46,2,1,0
BRDA:54,3,0,0
BRDA:54,3,1,0
BRDA:61,4,0,0
BRDA:61,4,1,0
BRDA:68,5,0,0
BRDA:68,5,1,0
BRDA:75,6,0,0
BRDA:75,6,1,0
BRDA:82,7,0,0
BRDA:82,7,1,0
BRDA:89,8,0,0
BRDA:89,8,1,0
BRDA:96,9,0,0
BRDA:96,9,1,0
BRDA:146,10,0,0
BRDA:146,10,1,0
BRDA:164,11,0,0
BRDA:165,12,0,0
BRDA:166,13,0,0
BRDA:168,14,0,0
BRDA:169,15,0,0
BRDA:173,16,0,0
BRDA:176,17,0,0
BRDA:176,17,1,0
BRDA:176,18,0,0
BRDA:176,18,1,0
BRDA:183,19,0,0
BRDA:183,19,1,0
BRDA:192,20,0,0
BRDA:192,20,1,0
BRDA:193,21,0,0
BRDA:193,21,1,0
BRDA:194,22,0,0
BRDA:194,22,1,0
BRDA:201,23,0,0
BRDA:201,23,1,0
BRDA:202,24,0,0
BRDA:202,24,1,0
BRDA:203,25,0,0
BRDA:203,25,1,0
BRDA:234,26,0,0
BRDA:234,26,1,0
BRDA:243,27,0,0
BRDA:243,27,1,0
BRDA:270,28,0,0
BRDA:270,28,1,0
BRDA:270,29,0,0
BRDA:270,29,1,0
BRDA:273,30,0,0
BRDA:273,30,1,0
BRDA:276,31,0,0
BRDA:276,31,1,0
BRDA:292,32,0,0
BRDA:292,32,1,0
BRDA:292,33,0,0
BRDA:292,33,1,0
BRDA:343,34,0,0
BRDA:343,34,1,0
BRDA:360,35,0,0
BRDA:360,35,1,0
BRDA:371,36,0,0
BRDA:371,36,1,0
BRF:66
BRH:0
end_of_record
TN:
SF:src\controllers\clinicController.js
FN:3,listClinics
FN:16,getClinic
FN:36,createClinic
FN:64,updateClinic
FN:100,switchClinic
FNF:5
FNH:0
FNDA:0,listClinics
FNDA:0,getClinic
FNDA:0,createClinic
FNDA:0,updateClinic
FNDA:0,switchClinic
DA:1,5
DA:4,0
DA:5,0
DA:6,0
DA:9,0
DA:11,0
DA:12,0
DA:17,0
DA:18,0
DA:19,0
DA:20,0
DA:25,0
DA:26,0
DA:29,0
DA:31,0
DA:32,0
DA:37,0
DA:38,0
DA:40,0
DA:41,0
DA:44,0
DA:45,0
DA:51,0
DA:56,0
DA:57,0
DA:58,0
DA:60,0
DA:65,0
DA:66,0
DA:67,0
DA:69,0
DA:70,0
DA:71,0
DA:73,0
DA:74,0
DA:75,0
DA:76,0
DA:77,0
DA:78,0
DA:79,0
DA:80,0
DA:81,0
DA:83,0
DA:84,0
DA:87,0
DA:88,0
DA:93,0
DA:95,0
DA:96,0
DA:101,0
DA:102,0
DA:103,0
DA:105,0
DA:106,0
DA:109,0
DA:112,0
DA:113,0
DA:114,0
DA:118,0
DA:119,0
DA:120,0
DA:121,0
DA:127,0
DA:129,0
DA:134,0
DA:135,0
DA:139,5
LF:67
LH:2
BRDA:25,0,0,0
BRDA:25,0,1,0
BRDA:40,1,0,0
BRDA:40,1,1,0
BRDA:48,2,0,0
BRDA:48,2,1,0
BRDA:48,3,0,0
BRDA:48,3,1,0
BRDA:48,4,0,0
BRDA:48,4,1,0
BRDA:48,5,0,0
BRDA:48,5,1,0
BRDA:48,6,0,0
BRDA:48,6,1,0
BRDA:48,7,0,0
BRDA:48,7,1,0
BRDA:48,8,0,0
BRDA:48,8,1,0
BRDA:57,9,0,0
BRDA:57,9,1,0
BRDA:73,10,0,0
BRDA:73,10,1,0
BRDA:74,11,0,0
BRDA:74,11,1,0
BRDA:75,12,0,0
BRDA:75,12,1,0
BRDA:76,13,0,0
BRDA:76,13,1,0
BRDA:77,14,0,0
BRDA:77,14,1,0
BRDA:78,15,0,0
BRDA:78,15,1,0
BRDA:79,16,0,0
BRDA:79,16,1,0
BRDA:80,17,0,0
BRDA:80,17,1,0
BRDA:81,18,0,0
BRDA:81,18,1,0
BRDA:83,19,0,0
BRDA:83,19,1,0
BRDA:105,20,0,0
BRDA:105,20,1,0
BRDA:113,21,0,0
BRDA:113,21,1,0
BRDA:118,22,0,0
BRDA:118,22,1,0
BRDA:120,23,0,0
BRDA:120,23,1,0
BRDA:120,24,0,0
BRDA:120,24,1,0
BRF:50
BRH:0
end_of_record
TN:
SF:src\controllers\doctorController.js
FN:3,listDoctors
FNF:1
FNH:0
FNDA:0,listDoctors
DA:1,5
DA:4,0
DA:5,0
DA:6,0
DA:8,0
DA:15,0
DA:17,0
DA:18,0
DA:19,0
DA:22,0
DA:23,0
DA:24,0
DA:27,0
DA:29,0
DA:30,0
DA:32,0
DA:33,0
DA:37,5
LF:18
LH:2
BRDA:5,0,0,0
BRDA:17,1,0,0
BRDA:17,1,1,0
BRDA:22,2,0,0
BRDA:22,2,1,0
BRF:5
BRH:0
end_of_record
TN:
SF:src\controllers\familyHistoryController.js
FN:3,getFamilyHistory
FN:20,addFamilyHistory
FN:46,updateFamilyHistory
FN:76,deleteFamilyHistory
FNF:4
FNH:0
FNDA:0,getFamilyHistory
FNDA:0,addFamilyHistory
FNDA:0,updateFamilyHistory
FNDA:0,deleteFamilyHistory
DA:1,5
DA:4,0
DA:5,0
DA:6,0
DA:8,0
DA:13,0
DA:15,0
DA:16,0
DA:21,0
DA:22,0
DA:23,0
DA:25,0
DA:26,0
DA:29,0
DA:30,0
DA:36,0
DA:41,0
DA:42,0
DA:47,0
DA:48,0
DA:49,0
DA:51,0
DA:52,0
DA:53,0
DA:55,0
DA:56,0
DA:57,0
DA:59,0
DA:60,0
DA:63,0
DA:64,0
DA:69,0
DA:71,0
DA:72,0
DA:77,0
DA:78,0
DA:79,0
DA:81,0
DA:83,0
DA:85,0
DA:86,0
DA:90,5
LF:42
LH:2
BRDA:25,0,0,0
BRDA:25,0,1,0
BRDA:25,1,0,0
BRDA:25,1,1,0
BRDA:33,2,0,0
BRDA:33,2,1,0
BRDA:55,3,0,0
BRDA:55,3,1,0
BRDA:56,4,0,0
BRDA:56,4,1,0
BRDA:57,5,0,0
BRDA:57,5,1,0
BRDA:59,6,0,0
BRDA:59,6,1,0
BRF:14
BRH:0
end_of_record
TN:
SF:src\controllers\insuranceController.js
FN:6,getPatientInsurance
FN:32,getInsurancePolicy
FN:61,createInsurancePolicy
FN:103,updateInsurancePolicy
FN:142,deleteInsurancePolicy
FNF:5
FNH:0
FNDA:0,getPatientInsurance
FNDA:0,getInsurancePolicy
FNDA:0,createInsurancePolicy
FNDA:0,updateInsurancePolicy
FNDA:0,deleteInsurancePolicy
DA:1,5
DA:7,0
DA:8,0
DA:9,0
DA:11,0
DA:23,0
DA:25,0
DA:33,0
DA:34,0
DA:35,0
DA:37,0
DA:48,0
DA:49,0
DA:52,0
DA:54,0
DA:62,0
DA:63,0
DA:64,0
DA:66,0
DA:67,0
DA:71,0
DA:72,0
DA:73,0
DA:76,0
DA:83,0
DA:94,0
DA:96,0
DA:104,0
DA:105,0
DA:106,0
DA:107,0
DA:110,0
DA:111,0
DA:112,0
DA:115,0
DA:122,0
DA:133,0
DA:135,0
DA:143,0
DA:144,0
DA:145,0
DA:148,0
DA:149,0
DA:150,0
DA:153,0
DA:155,0
DA:157,0
DA:161,5
LF:48
LH:2
BRDA:48,0,0,0
BRDA:48,0,1,0
BRDA:66,1,0,0
BRDA:66,1,1,0
BRDA:72,2,0,0
BRDA:72,2,1,0
BRDA:80,3,0,0
BRDA:80,3,1,0
BRDA:80,4,0,0
BRDA:80,4,1,0
BRDA:80,5,0,0
BRDA:80,5,1,0
BRDA:80,6,0,0
BRDA:80,6,1,0
BRDA:111,7,0,0
BRDA:111,7,1,0
BRDA:119,8,0,0
BRDA:119,8,1,0
BRDA:119,9,0,0
BRDA:119,9,1,0
BRDA:119,10,0,0
BRDA:119,10,1,0
BRDA:119,11,0,0
BRDA:119,11,1,0
BRDA:149,12,0,0
BRDA:149,12,1,0
BRF:26
BRH:0
end_of_record
TN:
SF:src\controllers\labController.js
FN:3,listLabs
FN:34,addLab
FN:69,updateLab
FN:88,deleteLab
FNF:4
FNH:0
FNDA:0,listLabs
FNDA:0,addLab
FNDA:0,updateLab
FNDA:0,deleteLab
DA:1,5
DA:4,0
DA:5,0
DA:6,0
DA:7,0
DA:12,0
DA:14,0
DA:15,0
DA:16,0
DA:19,0
DA:20,0
DA:21,0
DA:24,0
DA:26,0
DA:27,0
DA:29,0
DA:30,0
DA:35,0
DA:36,0
DA:37,0
DA:39,0
DA:40,0
DA:53,0
DA:62,0
DA:64,0
DA:65,0
DA:70,0
DA:71,0
DA:72,0
DA:73,0
DA:75,0
DA:81,0
DA:83,0
DA:84,0
DA:89,0
DA:90,0
DA:91,0
DA:92,0
DA:93,0
DA:95,0
DA:96,0
DA:100,5
LF:42
LH:2
BRDA:14,0,0,0
BRDA:14,0,1,0
BRDA:19,1,0,0
BRDA:19,1,1,0
BRDA:37,2,0,0
BRDA:37,2,1,0
BRDA:44,3,0,0
BRDA:44,3,1,0
BRDA:45,4,0,0
BRDA:45,4,1,0
BRDA:47,5,0,0
BRDA:47,5,1,0
BRDA:48,6,0,0
BRDA:48,6,1,0
BRDA:49,7,0,0
BRDA:49,7,1,0
BRDA:78,8,0,0
BRDA:78,8,1,0
BRDA:78,9,0,0
BRDA:78,9,1,0
BRF:20
BRH:0
end_of_record
TN:
SF:src\controllers\labTemplateController.js
FN:3,listLabTemplates
FN:37,getLabTemplate
FN:58,createLabTemplate
FN:106,updateLabTemplate
FN:152,deleteLabTemplate
FNF:5
FNH:0
FNDA:0,listLabTemplates
FNDA:0,getLabTemplate
FNDA:0,createLabTemplate
FNDA:0,updateLabTemplate
FNDA:0,deleteLabTemplate
DA:1,5
DA:4,0
DA:5,0
DA:6,0
DA:8,0
DA:9,0
DA:11,0
DA:12,0
DA:13,0
DA:16,0
DA:17,0
DA:18,0
DA:19,0
DA:22,0
DA:23,0
DA:24,0
DA:27,0
DA:29,0
DA:30,0
DA:32,0
DA:33,0
DA:38,0
DA:39,0
DA:40,0
DA:42,0
DA:47,0
DA:48,0
DA:51,0
DA:53,0
DA:54,0
DA:59,0
DA:69,0
DA:71,0
DA:72,0
DA:75,0
DA:76,0
DA:93,0
DA:98,0
DA:99,0
DA:100,0
DA:102,0
DA:107,0
DA:108,0
DA:119,0
DA:121,0
DA:122,0
DA:123,0
DA:125,0
DA:126,0
DA:127,0
DA:128,0
DA:129,0
DA:130,0
DA:131,0
DA:132,0
DA:133,0
DA:135,0
DA:136,0
DA:139,0
DA:140,0
DA:145,0
DA:147,0
DA:148,0
DA:153,0
DA:154,0
DA:155,0
DA:157,0
DA:159,0
DA:161,0
DA:162,0
DA:166,5
LF:71
LH:2
BRDA:11,0,0,0
BRDA:11,0,1,0
BRDA:16,1,0,0
BRDA:16,1,1,0
BRDA:22,2,0,0
BRDA:22,2,1,0
BRDA:24,3,0,0
BRDA:24,3,1,0
BRDA:47,4,0,0
BRDA:47,4,1,0
BRDA:71,5,0,0
BRDA:71,5,1,0
BRDA:83,6,0,0
BRDA:83,6,1,0
BRDA:84,7,0,0
BRDA:84,7,1,0
BRDA:85,8,0,0
BRDA:85,8,1,0
BRDA:86,9,0,0
BRDA:86,9,1,0
BRDA:87,10,0,0
BRDA:87,10,1,0
BRDA:88,11,0,0
BRDA:88,11,1,0
BRDA:89,12,0,0
BRDA:89,12,1,0
BRDA:99,13,0,0
BRDA:99,13,1,0
BRDA:125,14,0,0
BRDA:125,14,1,0
BRDA:126,15,0,0
BRDA:126,15,1,0
BRDA:127,16,0,0
BRDA:127,16,1,0
BRDA:128,17,0,0
BRDA:128,17,1,0
BRDA:129,18,0,0
BRDA:129,18,1,0
BRDA:130,19,0,0
BRDA:130,19,1,0
BRDA:131,20,0,0
BRDA:131,20,1,0
BRDA:132,21,0,0
BRDA:132,21,1,0
BRDA:133,22,0,0
BRDA:133,22,1,0
BRDA:135,23,0,0
BRDA:135,23,1,0
BRF:48
BRH:0
end_of_record
TN:
SF:src\controllers\notificationController.js
FN:10,(anonymous_0)
FN:19,(anonymous_1)
FN:21,(anonymous_2)
FN:26,(anonymous_3)
FN:32,(anonymous_4)
FN:37,(anonymous_5)
FN:37,(anonymous_6)
FN:39,(anonymous_7)
FN:39,(anonymous_8)
FN:44,(anonymous_9)
FN:53,(anonymous_10)
FN:55,(anonymous_11)
FN:60,(anonymous_12)
FN:68,(anonymous_13)
FN:70,(anonymous_14)
FN:71,(anonymous_15)
FN:75,sendEmailNotification
FN:107,sendWhatsAppNotification
FN:136,sendReceiptNotification
FN:193,listNotifications
FN:214,markNotificationAsRead
FN:232,markAllNotificationsAsRead
FN:249,sendSMSNotification
FN:258,sendAppointmentConfirmation
FN:317,(anonymous_24)
FNF:25
FNH:0
FNDA:0,(anonymous_0)
FNDA:0,(anonymous_1)
FNDA:0,(anonymous_2)
FNDA:0,(anonymous_3)
FNDA:0,(anonymous_4)
FNDA:0,(anonymous_5)
FNDA:0,(anonymous_6)
FNDA:0,(anonymous_7)
FNDA:0,(anonymous_8)
FNDA:0,(anonymous_9)
FNDA:0,(anonymous_10)
FNDA:0,(anonymous_11)
FNDA:0,(anonymous_12)
FNDA:0,(anonymous_13)
FNDA:0,(anonymous_14)
FNDA:0,(anonymous_15)
FNDA:0,sendEmailNotification
FNDA:0,sendWhatsAppNotification
FNDA:0,sendReceiptNotification
FNDA:0,listNotifications
FNDA:0,markNotificationAsRead
FNDA:0,markAllNotificationsAsRead
FNDA:0,sendSMSNotification
FNDA:0,sendAppointmentConfirmation
FNDA:0,(anonymous_24)
DA:1,5
DA:2,5
DA:3,5
DA:4,5
DA:6,5
DA:10,0
DA:19,0
DA:21,0
DA:26,0
DA:32,0
DA:37,0
DA:39,0
DA:44,0
DA:53,0
DA:55,0
DA:60,0
DA:68,0
DA:70,0
DA:71,0
DA:76,0
DA:77,0
DA:79,0
DA:80,0
DA:83,0
DA:84,0
DA:85,0
DA:88,0
DA:89,0
DA:90,0
DA:91,0
DA:92,0
DA:95,0
DA:96,0
DA:99,0
DA:100,0
DA:102,0
DA:103,0
DA:108,0
DA:109,0
DA:111,0
DA:112,0
DA:115,0
DA:118,0
DA:119,0
DA:122,0
DA:123,0
DA:127,0
DA:128,0
DA:129,0
DA:131,0
DA:132,0
DA:137,0
DA:138,0
DA:139,0
DA:142,0
DA:148,0
DA:149,0
DA:152,0
DA:153,0
DA:161,0
DA:163,0
DA:164,0
DA:165,0
DA:171,0
DA:173,0
DA:177,0
DA:178,0
DA:179,0
DA:180,0
DA:182,0
DA:186,0
DA:188,0
DA:189,0
DA:194,0
DA:195,0
DA:196,0
DA:198,0
DA:199,0
DA:202,0
DA:207,0
DA:209,0
DA:210,0
DA:215,0
DA:216,0
DA:217,0
DA:218,0
DA:220,0
DA:225,0
DA:227,0
DA:228,0
DA:233,0
DA:234,0
DA:235,0
DA:237,0
DA:242,0
DA:244,0
DA:245,0
DA:251,0
DA:259,0
DA:260,0
DA:261,0
DA:272,0
DA:274,0
DA:275,0
DA:284,0
DA:285,0
DA:286,0
DA:293,0
DA:301,0
DA:311,0
DA:316,5
DA:317,5
DA:320,5
LF:113
LH:8
BRDA:34,0,0,0
BRDA:34,0,1,0
BRDA:37,1,0,0
BRDA:37,1,1,0
BRDA:39,2,0,0
BRDA:39,2,1,0
BRDA:79,3,0,0
BRDA:79,3,1,0
BRDA:88,4,0,0
BRDA:88,4,1,0
BRDA:88,5,0,0
BRDA:88,5,1,0
BRDA:88,5,2,0
BRDA:95,6,0,0
BRDA:95,6,1,0
BRDA:95,7,0,0
BRDA:95,7,1,0
BRDA:95,7,2,0
BRDA:111,8,0,0
BRDA:111,8,1,0
BRDA:118,9,0,0
BRDA:118,9,1,0
BRDA:118,10,0,0
BRDA:118,10,1,0
BRDA:118,10,2,0
BRDA:122,11,0,0
BRDA:122,11,1,0
BRDA:127,12,0,0
BRDA:127,12,1,0
BRDA:138,13,0,0
BRDA:148,14,0,0
BRDA:148,14,1,0
BRDA:157,15,0,0
BRDA:157,15,1,0
BRDA:163,16,0,0
BRDA:163,16,1,0
BRDA:163,17,0,0
BRDA:163,17,1,0
BRDA:163,17,2,0
BRDA:163,17,3,0
BRDA:166,18,0,0
BRDA:166,18,1,0
BRDA:177,19,0,0
BRDA:177,19,1,0
BRDA:177,20,0,0
BRDA:177,20,1,0
BRDA:177,20,2,0
BRDA:177,20,3,0
BRDA:179,21,0,0
BRDA:179,21,1,0
BRDA:198,22,0,0
BRDA:198,22,1,0
BRDA:272,23,0,0
BRDA:272,23,1,0
BRDA:280,24,0,0
BRDA:280,24,1,0
BRDA:284,25,0,0
BRDA:284,25,1,0
BRDA:316,26,0,5
BRDA:316,26,1,0
BRF:60
BRH:1
end_of_record
TN:
SF:src\controllers\patientController.js
FN:3,listPatients
FN:92,getPatient
FN:102,addPatient
FN:143,updatePatient
FN:183,deletePatient
FN:190,mergePatients
FN:218,(anonymous_6)
FNF:7
FNH:0
FNDA:0,listPatients
FNDA:0,getPatient
FNDA:0,addPatient
FNDA:0,updatePatient
FNDA:0,deletePatient
FNDA:0,mergePatients
FNDA:0,(anonymous_6)
DA:1,5
DA:4,0
DA:5,0
DA:7,0
DA:8,0
DA:9,0
DA:10,0
DA:26,0
DA:27,0
DA:28,0
DA:29,0
DA:30,0
DA:31,0
DA:34,0
DA:35,0
DA:36,0
DA:37,0
DA:38,0
DA:41,0
DA:42,0
DA:43,0
DA:44,0
DA:45,0
DA:48,0
DA:49,0
DA:50,0
DA:51,0
DA:52,0
DA:55,0
DA:56,0
DA:57,0
DA:58,0
DA:59,0
DA:62,0
DA:63,0
DA:65,0
DA:66,0
DA:67,0
DA:70,0
DA:71,0
DA:76,0
DA:77,0
DA:78,0
DA:80,0
DA:93,0
DA:94,0
DA:95,0
DA:96,0
DA:97,0
DA:99,0
DA:120,0
DA:122,0
DA:124,0
DA:137,0
DA:144,0
DA:162,0
DA:164,0
DA:166,0
DA:180,0
DA:184,0
DA:185,0
DA:186,0
DA:187,0
DA:191,0
DA:193,0
DA:194,0
DA:197,0
DA:199,0
DA:201,0
DA:204,0
DA:205,0
DA:206,0
DA:207,0
DA:211,0
DA:214,0
DA:215,0
DA:218,0
DA:219,0
DA:220,0
DA:221,0
DA:222,0
DA:223,0
DA:224,0
DA:225,0
DA:226,0
DA:227,0
DA:228,0
DA:229,0
DA:233,0
DA:248,0
DA:249,0
DA:253,0
DA:255,0
DA:262,0
DA:263,0
DA:264,0
DA:268,5
LF:97
LH:2
BRDA:4,0,0,0
BRDA:4,1,0,0
BRDA:4,2,0,0
BRDA:26,3,0,0
BRDA:26,3,1,0
BRDA:34,4,0,0
BRDA:34,4,1,0
BRDA:41,5,0,0
BRDA:41,5,1,0
BRDA:48,6,0,0
BRDA:48,6,1,0
BRDA:55,7,0,0
BRDA:55,7,1,0
BRDA:96,8,0,0
BRDA:96,8,1,0
BRDA:131,9,0,0
BRDA:131,9,1,0
BRDA:131,10,0,0
BRDA:131,10,1,0
BRDA:131,11,0,0
BRDA:131,11,1,0
BRDA:131,12,0,0
BRDA:131,12,1,0
BRDA:131,13,0,0
BRDA:131,13,1,0
BRDA:131,14,0,0
BRDA:131,14,1,0
BRDA:131,15,0,0
BRDA:131,15,1,0
BRDA:132,16,0,0
BRDA:132,16,1,0
BRDA:132,17,0,0
BRDA:132,17,1,0
BRDA:132,18,0,0
BRDA:132,18,1,0
BRDA:132,19,0,0
BRDA:132,19,1,0
BRDA:132,20,0,0
BRDA:132,20,1,0
BRDA:132,21,0,0
BRDA:132,21,1,0
BRDA:133,22,0,0
BRDA:133,22,1,0
BRDA:133,23,0,0
BRDA:133,23,1,0
BRDA:133,24,0,0
BRDA:133,24,1,0
BRDA:174,25,0,0
BRDA:174,25,1,0
BRDA:174,26,0,0
BRDA:174,26,1,0
BRDA:174,27,0,0
BRDA:174,27,1,0
BRDA:174,28,0,0
BRDA:174,28,1,0
BRDA:174,29,0,0
BRDA:174,29,1,0
BRDA:174,30,0,0
BRDA:174,30,1,0
BRDA:174,31,0,0
BRDA:174,31,1,0
BRDA:175,32,0,0
BRDA:175,32,1,0
BRDA:175,33,0,0
BRDA:175,33,1,0
BRDA:175,34,0,0
BRDA:175,34,1,0
BRDA:175,35,0,0
BRDA:175,35,1,0
BRDA:175,36,0,0
BRDA:175,36,1,0
BRDA:175,37,0,0
BRDA:175,37,1,0
BRDA:176,38,0,0
BRDA:176,38,1,0
BRDA:176,39,0,0
BRDA:176,39,1,0
BRDA:176,40,0,0
BRDA:176,40,1,0
BRDA:193,41,0,0
BRDA:193,41,1,0
BRDA:193,42,0,0
BRDA:193,42,1,0
BRDA:193,42,2,0
BRDA:205,43,0,0
BRDA:205,43,1,0
BRDA:219,44,0,0
BRDA:219,44,1,0
BRDA:219,45,0,0
BRDA:219,45,1,0
BRDA:220,46,0,0
BRDA:220,46,1,0
BRDA:220,47,0,0
BRDA:220,47,1,0
BRDA:221,48,0,0
BRDA:221,48,1,0
BRDA:221,49,0,0
BRDA:221,49,1,0
BRDA:222,50,0,0
BRDA:222,50,1,0
BRDA:222,51,0,0
BRDA:222,51,1,0
BRDA:223,52,0,0
BRDA:223,52,1,0
BRDA:223,53,0,0
BRDA:223,53,1,0
BRDA:224,54,0,0
BRDA:224,54,1,0
BRDA:224,55,0,0
BRDA:224,55,1,0
BRDA:225,56,0,0
BRDA:225,56,1,0
BRDA:225,57,0,0
BRDA:225,57,1,0
BRDA:226,58,0,0
BRDA:226,58,1,0
BRDA:226,59,0,0
BRDA:226,59,1,0
BRDA:227,60,0,0
BRDA:227,60,1,0
BRDA:227,61,0,0
BRDA:227,61,1,0
BRDA:228,62,0,0
BRDA:228,62,1,0
BRDA:228,63,0,0
BRDA:228,63,1,0
BRDA:229,64,0,0
BRDA:229,64,1,0
BRDA:229,65,0,0
BRDA:229,65,1,0
BRDA:248,66,0,0
BRDA:248,66,1,0
BRF:132
BRH:0
end_of_record
TN:
SF:src\controllers\patientDataController.js
FN:9,(anonymous_0)
FN:17,(anonymous_1)
FN:24,listRecords
FN:40,addRecord
FN:68,listLabs
FN:84,addLab
FN:101,listVitals
FN:112,(anonymous_7)
FN:124,addVital
FN:154,listTimeline
FN:169,(anonymous_10)
FNF:11
FNH:0
FNDA:0,(anonymous_0)
FNDA:0,(anonymous_1)
FNDA:0,listRecords
FNDA:0,addRecord
FNDA:0,listLabs
FNDA:0,addLab
FNDA:0,listVitals
FNDA:0,(anonymous_7)
FNDA:0,addVital
FNDA:0,listTimeline
FNDA:0,(anonymous_10)
DA:1,5
DA:2,5
DA:3,5
DA:4,5
DA:7,5
DA:8,5
DA:10,0
DA:11,0
DA:12,0
DA:14,0
DA:18,0
DA:19,0
DA:22,5
DA:25,0
DA:26,0
DA:27,0
DA:28,0
DA:33,0
DA:35,0
DA:36,0
DA:41,0
DA:42,0
DA:43,0
DA:44,0
DA:45,0
DA:47,0
DA:61,0
DA:63,0
DA:64,0
DA:69,0
DA:70,0
DA:71,0
DA:72,0
DA:77,0
DA:79,0
DA:80,0
DA:85,0
DA:86,0
DA:87,0
DA:88,0
DA:89,0
DA:94,0
DA:96,0
DA:97,0
DA:102,0
DA:103,0
DA:104,0
DA:105,0
DA:112,0
DA:117,0
DA:119,0
DA:120,0
DA:125,0
DA:126,0
DA:127,0
DA:128,0
DA:129,0
DA:147,0
DA:149,0
DA:150,0
DA:155,0
DA:156,0
DA:157,0
DA:158,0
DA:169,0
DA:175,0
DA:177,0
DA:178,0
DA:182,5
LF:69
LH:8
BRDA:52,0,0,0
BRDA:52,0,1,0
BRDA:54,1,0,0
BRDA:54,1,1,0
BRDA:55,2,0,0
BRDA:55,2,1,0
BRDA:56,3,0,0
BRDA:56,3,1,0
BRDA:57,4,0,0
BRDA:57,4,1,0
BRDA:58,5,0,0
BRDA:58,5,1,0
BRDA:92,6,0,0
BRDA:92,6,1,0
BRDA:92,7,0,0
BRDA:92,7,1,0
BRDA:92,8,0,0
BRDA:92,8,1,0
BRDA:114,9,0,0
BRDA:114,9,1,0
BRDA:114,10,0,0
BRDA:114,10,1,0
BRDA:114,11,0,0
BRDA:114,11,1,0
BRDA:114,12,0,0
BRDA:114,12,1,0
BRDA:115,13,0,0
BRDA:115,13,1,0
BRDA:136,14,0,0
BRDA:136,14,1,0
BRDA:137,15,0,0
BRDA:137,15,1,0
BRDA:138,16,0,0
BRDA:138,16,1,0
BRDA:139,17,0,0
BRDA:139,17,1,0
BRDA:140,18,0,0
BRDA:140,18,1,0
BRDA:141,19,0,0
BRDA:141,19,1,0
BRDA:142,20,0,0
BRDA:142,20,1,0
BRDA:143,21,0,0
BRDA:143,21,1,0
BRDA:144,22,0,0
BRDA:144,22,1,0
BRDA:170,23,0,0
BRDA:170,23,1,0
BRDA:171,24,0,0
BRDA:171,24,1,0
BRDA:172,25,0,0
BRDA:172,25,1,0
BRDA:173,26,0,0
BRDA:173,26,1,0
BRF:54
BRH:0
end_of_record
TN:
SF:src\controllers\permissionController.js
FN:63,hasPermission
FN:74,getRolePermissions
FN:87,getAllPermissions
FN:89,(anonymous_3)
FN:104,getUserPermissions
FN:125,checkPermission
FN:126,(anonymous_6)
FNF:7
FNH:0
FNDA:0,hasPermission
FNDA:0,getRolePermissions
FNDA:0,getAllPermissions
FNDA:0,(anonymous_3)
FNDA:0,getUserPermissions
FNDA:0,checkPermission
FNDA:0,(anonymous_6)
DA:1,5
DA:4,5
DA:64,0
DA:65,0
DA:66,0
DA:68,0
DA:75,0
DA:76,0
DA:77,0
DA:78,0
DA:81,0
DA:88,0
DA:89,0
DA:94,0
DA:96,0
DA:97,0
DA:105,0
DA:106,0
DA:107,0
DA:108,0
DA:111,0
DA:112,0
DA:117,0
DA:118,0
DA:126,0
DA:127,0
DA:128,0
DA:129,0
DA:132,0
DA:133,0
DA:139,0
DA:143,5
LF:32
LH:3
BRDA:65,0,0,0
BRDA:65,0,1,0
BRDA:77,1,0,0
BRDA:77,1,1,0
BRDA:107,2,0,0
BRDA:107,2,1,0
BRDA:128,3,0,0
BRDA:128,3,1,0
BRDA:132,4,0,0
BRDA:132,4,1,0
BRF:10
BRH:0
end_of_record
TN:
SF:src\controllers\prescriptionController.js
FN:4,listPrescriptions
FN:35,addPrescription
FN:143,getPrescription
FN:190,generatePrescriptionPDF
FNF:4
FNH:0
FNDA:0,listPrescriptions
FNDA:0,addPrescription
FNDA:0,getPrescription
FNDA:0,generatePrescriptionPDF
DA:1,5
DA:2,5
DA:5,0
DA:6,0
DA:7,0
DA:8,0
DA:19,0
DA:20,0
DA:25,0
DA:28,0
DA:30,0
DA:31,0
DA:36,0
DA:49,0
DA:51,0
DA:52,0
DA:55,0
DA:58,0
DA:60,0
DA:62,0
DA:63,0
DA:81,0
DA:97,0
DA:100,0
DA:101,0
DA:102,0
DA:118,0
DA:119,0
DA:120,0
DA:121,0
DA:127,0
DA:129,0
DA:134,0
DA:135,0
DA:138,0
DA:139,0
DA:144,0
DA:145,0
DA:146,0
DA:147,0
DA:158,0
DA:159,0
DA:162,0
DA:165,0
DA:170,0
DA:173,0
DA:174,0
DA:180,0
DA:183,0
DA:185,0
DA:186,0
DA:191,0
DA:192,0
DA:193,0
DA:196,0
DA:213,0
DA:214,0
DA:217,0
DA:220,0
DA:226,0
DA:236,0
DA:246,0
DA:254,0
DA:263,0
DA:266,0
DA:267,0
DA:270,0
DA:273,0
DA:274,0
DA:278,5
LF:70
LH:3
BRDA:41,0,0,0
BRDA:42,1,0,0
BRDA:43,2,0,0
BRDA:44,3,0,0
BRDA:45,4,0,0
BRDA:46,5,0,0
BRDA:47,6,0,0
BRDA:48,7,0,0
BRDA:51,8,0,0
BRDA:51,8,1,0
BRDA:51,9,0,0
BRDA:51,9,1,0
BRDA:62,10,0,0
BRDA:62,10,1,0
BRDA:62,11,0,0
BRDA:62,11,1,0
BRDA:62,11,2,0
BRDA:62,11,3,0
BRDA:71,12,0,0
BRDA:71,12,1,0
BRDA:72,13,0,0
BRDA:72,13,1,0
BRDA:73,14,0,0
BRDA:73,14,1,0
BRDA:74,15,0,0
BRDA:74,15,1,0
BRDA:75,16,0,0
BRDA:75,16,1,0
BRDA:89,17,0,0
BRDA:89,17,1,0
BRDA:90,18,0,0
BRDA:90,18,1,0
BRDA:91,19,0,0
BRDA:91,19,1,0
BRDA:92,20,0,0
BRDA:92,20,1,0
BRDA:93,21,0,0
BRDA:93,21,1,0
BRDA:100,22,0,0
BRDA:100,22,1,0
BRDA:100,23,0,0
BRDA:100,23,1,0
BRDA:108,24,0,0
BRDA:108,24,1,0
BRDA:108,24,2,0
BRDA:109,25,0,0
BRDA:109,25,1,0
BRDA:110,26,0,0
BRDA:110,26,1,0
BRDA:111,27,0,0
BRDA:111,27,1,0
BRDA:111,27,2,0
BRDA:118,28,0,0
BRDA:118,28,1,0
BRDA:119,29,0,0
BRDA:119,29,1,0
BRDA:120,30,0,0
BRDA:120,30,1,0
BRDA:158,31,0,0
BRDA:158,31,1,0
BRDA:173,32,0,0
BRDA:173,32,1,0
BRDA:180,33,0,0
BRDA:180,33,1,0
BRDA:213,34,0,0
BRDA:213,34,1,0
BRDA:228,35,0,0
BRDA:228,35,1,0
BRDA:229,36,0,0
BRDA:229,36,1,0
BRDA:230,37,0,0
BRDA:230,37,1,0
BRDA:233,38,0,0
BRDA:233,38,1,0
BRF:74
BRH:0
end_of_record
TN:
SF:src\middleware\auditLogger.js
FN:7,auditLogger
FN:8,(anonymous_1)
FN:44,(anonymous_2)
FN:59,(anonymous_3)
FN:68,(anonymous_4)
FN:75,(anonymous_5)
FN:87,sanitizeBody
FN:91,(anonymous_7)
FN:103,logAction
FNF:9
FNH:1
FNDA:70,auditLogger
FNDA:0,(anonymous_1)
FNDA:0,(anonymous_2)
FNDA:0,(anonymous_3)
FNDA:0,(anonymous_4)
FNDA:0,(anonymous_5)
FNDA:0,sanitizeBody
FNDA:0,(anonymous_7)
FNDA:0,logAction
DA:1,5
DA:8,70
DA:10,0
DA:11,0
DA:12,0
DA:15,0
DA:16,0
DA:17,0
DA:20,0
DA:22,0
DA:23,0
DA:26,0
DA:27,0
DA:29,0
DA:30,0
DA:33,0
DA:34,0
DA:36,0
DA:38,0
DA:40,0
DA:44,0
DA:45,0
DA:46,0
DA:49,0
DA:50,0
DA:51,0
DA:59,0
DA:60,0
DA:64,0
DA:68,0
DA:69,0
DA:70,0
DA:71,0
DA:75,0
DA:76,0
DA:77,0
DA:80,0
DA:88,0
DA:89,0
DA:91,0
DA:92,0
DA:93,0
DA:97,0
DA:104,0
DA:105,0
DA:107,0
DA:111,5
LF:47
LH:3
BRDA:7,0,0,70
BRDA:20,1,0,0
BRDA:20,1,1,0
BRDA:20,1,2,0
BRDA:20,1,3,0
BRDA:20,1,4,0
BRDA:20,1,5,0
BRDA:33,2,0,0
BRDA:33,2,1,0
BRDA:46,3,0,0
BRDA:46,3,1,0
BRDA:49,4,0,0
BRDA:49,4,1,0
BRDA:49,5,0,0
BRDA:49,5,1,0
BRDA:50,6,0,0
BRDA:50,6,1,0
BRDA:50,6,2,0
BRDA:50,6,3,0
BRDA:50,6,4,0
BRDA:55,7,0,0
BRDA:55,7,1,0
BRDA:55,8,0,0
BRDA:55,8,1,0
BRDA:55,8,2,0
BRDA:70,9,0,0
BRDA:70,9,1,0
BRDA:92,10,0,0
BRDA:92,10,1,0
BRDA:103,11,0,0
BRF:30
BRH:1
end_of_record
TN:
SF:src\middleware\auth.js
FN:4,(anonymous_0)
FN:12,(anonymous_1)
FN:21,(anonymous_2)
FN:22,(anonymous_3)
FNF:4
FNH:2
FNDA:2,(anonymous_0)
FNDA:0,(anonymous_1)
FNDA:55,(anonymous_2)
FNDA:0,(anonymous_3)
DA:1,5
DA:2,5
DA:4,5
DA:5,2
DA:6,2
DA:8,2
DA:9,2
DA:12,0
DA:13,0
DA:14,0
DA:16,0
DA:17,0
DA:21,5
DA:22,55
DA:23,0
DA:24,0
DA:27,0
DA:28,0
DA:31,0
DA:35,5
DA:36,5
LF:21
LH:11
BRDA:6,0,0,2
BRDA:6,0,1,0
BRDA:8,1,0,2
BRDA:8,1,1,0
BRDA:13,2,0,0
BRDA:13,2,1,0
BRDA:23,3,0,0
BRDA:23,3,1,0
BRDA:27,4,0,0
BRDA:27,4,1,0
BRF:10
BRH:2
end_of_record
TN:
SF:src\middleware\cache.js
FN:9,cacheMiddleware
FN:10,(anonymous_1)
FN:28,(anonymous_2)
FN:55,clearCache
FN:70,clearAllCache
FNF:5
FNH:1
FNDA:35,cacheMiddleware
FNDA:0,(anonymous_1)
FNDA:0,(anonymous_2)
FNDA:0,clearCache
FNDA:0,clearAllCache
DA:2,5
DA:3,5
DA:10,35
DA:12,0
DA:13,0
DA:16,0
DA:17,0
DA:19,0
DA:21,0
DA:25,0
DA:28,0
DA:30,0
DA:36,0
DA:37,0
DA:38,0
DA:39,0
DA:40,0
DA:45,0
DA:48,0
DA:56,0
DA:57,0
DA:58,0
DA:59,0
DA:63,0
DA:71,0
DA:74,5
LF:26
LH:4
BRDA:9,0,0,0
BRDA:12,1,0,0
BRDA:12,1,1,0
BRDA:16,2,0,0
BRDA:16,2,1,0
BRDA:19,3,0,0
BRDA:19,3,1,0
BRDA:19,4,0,0
BRDA:19,4,1,0
BRDA:36,5,0,0
BRDA:36,5,1,0
BRDA:39,6,0,0
BRDA:39,6,1,0
BRDA:56,7,0,0
BRDA:56,7,1,0
BRDA:58,8,0,0
BRDA:58,8,1,0
BRF:17
BRH:0
end_of_record
TN:
SF:src\middleware\dataEncryption.js
FN:7,encryptDataMiddleware
FN:8,(anonymous_1)
FN:20,decryptDataMiddleware
FN:21,(anonymous_3)
FN:26,(anonymous_4)
FN:29,(anonymous_5)
FN:56,getSensitiveFields
FNF:7
FNH:0
FNDA:0,encryptDataMiddleware
FNDA:0,(anonymous_1)
FNDA:0,decryptDataMiddleware
FNDA:0,(anonymous_3)
FNDA:0,(anonymous_4)
FNDA:0,(anonymous_5)
FNDA:0,getSensitiveFields
DA:1,0
DA:8,0
DA:9,0
DA:10,0
DA:12,0
DA:21,0
DA:23,0
DA:26,0
DA:27,0
DA:28,0
DA:29,0
DA:30,0
DA:31,0
DA:34,0
DA:37,0
DA:45,0
DA:57,0
DA:60,0
LF:18
LH:0
BRDA:7,0,0,0
BRDA:9,1,0,0
BRDA:9,1,1,0
BRDA:9,2,0,0
BRDA:9,2,1,0
BRDA:20,3,0,0
BRDA:27,4,0,0
BRDA:27,4,1,0
BRDA:27,5,0,0
BRDA:27,5,1,0
BRDA:28,6,0,0
BRDA:28,6,1,0
BRDA:30,7,0,0
BRDA:30,7,1,0
BRDA:57,8,0,0
BRDA:57,8,1,0
BRF:16
BRH:0
end_of_record
TN:
SF:src\middleware\errorHandler.js
FN:2,errorHandler
FNF:1
FNH:0
FNDA:0,errorHandler
DA:4,0
DA:14,0
DA:15,0
DA:21,0
DA:22,0
DA:28,0
DA:29,0
DA:36,0
DA:37,0
DA:43,0
DA:44,0
DA:51,0
DA:52,0
DA:59,0
DA:60,0
DA:67,0
DA:68,0
DA:75,0
DA:76,0
DA:81,0
DA:82,0
DA:83,0
DA:86,0
DA:89,5
LF:24
LH:1
BRDA:6,0,0,0
BRDA:6,0,1,0
BRDA:10,1,0,0
BRDA:10,1,1,0
BRDA:14,2,0,0
BRDA:14,2,1,0
BRDA:21,3,0,0
BRDA:21,3,1,0
BRDA:28,4,0,0
BRDA:28,4,1,0
BRDA:36,5,0,0
BRDA:36,5,1,0
BRDA:43,6,0,0
BRDA:43,6,1,0
BRDA:51,7,0,0
BRDA:51,7,1,0
BRDA:51,8,0,0
BRDA:51,8,1,0
BRDA:53,9,0,0
BRDA:53,9,1,0
BRDA:54,10,0,0
BRDA:54,10,1,0
BRDA:59,11,0,0
BRDA:59,11,1,0
BRDA:59,12,0,0
BRDA:59,12,1,0
BRDA:61,13,0,0
BRDA:61,13,1,0
BRDA:62,14,0,0
BRDA:62,14,1,0
BRDA:67,15,0,0
BRDA:67,15,1,0
BRDA:70,16,0,0
BRDA:70,16,1,0
BRDA:75,17,0,0
BRDA:75,17,1,0
BRDA:75,17,2,0
BRDA:77,18,0,0
BRDA:77,18,1,0
BRDA:81,19,0,0
BRDA:81,19,1,0
BRF:41
BRH:0
end_of_record
TN:
SF:src\middleware\imageOptimizer.js
FN:9,optimizeImage
FN:80,imageOptimizationMiddleware
FN:81,(anonymous_2)
FN:122,(anonymous_3)
FN:122,(anonymous_4)
FNF:5
FNH:1
FNDA:0,optimizeImage
FNDA:5,imageOptimizationMiddleware
FNDA:0,(anonymous_2)
FNDA:0,(anonymous_3)
FNDA:0,(anonymous_4)
DA:1,5
DA:2,5
DA:3,5
DA:10,0
DA:16,0
DA:18,0
DA:19,0
DA:22,0
DA:23,0
DA:24,0
DA:26,0
DA:27,0
DA:28,0
DA:29,0
DA:30,0
DA:34,0
DA:36,0
DA:37,0
DA:44,0
DA:45,0
DA:46,0
DA:47,0
DA:48,0
DA:49,0
DA:53,0
DA:56,0
DA:57,0
DA:58,0
DA:60,0
DA:68,0
DA:69,0
DA:81,5
DA:82,0
DA:83,0
DA:87,0
DA:88,0
DA:89,0
DA:92,0
DA:93,0
DA:94,0
DA:95,0
DA:98,0
DA:105,0
DA:107,0
DA:108,0
DA:111,0
DA:112,0
DA:119,0
DA:122,0
DA:123,0
DA:127,0
DA:131,0
DA:135,5
LF:53
LH:5
BRDA:9,0,0,0
BRDA:12,1,0,0
BRDA:13,2,0,0
BRDA:14,3,0,0
BRDA:15,4,0,0
BRDA:26,5,0,0
BRDA:26,5,1,0
BRDA:26,6,0,0
BRDA:26,6,1,0
BRDA:36,7,0,0
BRDA:36,7,1,0
BRDA:44,8,0,0
BRDA:44,8,1,0
BRDA:44,9,0,0
BRDA:44,9,1,0
BRDA:46,10,0,0
BRDA:46,10,1,0
BRDA:48,11,0,0
BRDA:48,11,1,0
BRDA:80,12,0,5
BRDA:82,13,0,0
BRDA:82,13,1,0
BRDA:88,14,0,0
BRDA:88,14,1,0
BRDA:99,15,0,0
BRDA:99,15,1,0
BRDA:100,16,0,0
BRDA:100,16,1,0
BRDA:101,17,0,0
BRDA:101,17,1,0
BRDA:102,18,0,0
BRDA:102,18,1,0
BRDA:105,19,0,0
BRDA:105,19,1,0
BRDA:122,20,0,0
BRDA:122,20,1,0
BRF:36
BRH:1
end_of_record
TN:
SF:src\middleware\validator.js
FN:7,validateRequired
FN:8,(anonymous_1)
FN:31,validateEmail
FN:32,(anonymous_3)
FN:49,validatePhone
FN:50,(anonymous_5)
FN:68,validateDate
FN:69,(anonymous_7)
FN:94,validateTime
FN:95,(anonymous_9)
FN:112,validateId
FN:113,(anonymous_11)
FN:128,validateLength
FN:129,(anonymous_13)
FN:146,sanitizeInput
FN:147,(anonymous_15)
FNF:16
FNH:14
FNDA:52,validateRequired
FNDA:6,(anonymous_1)
FNDA:13,validateEmail
FNDA:3,(anonymous_3)
FNDA:17,validatePhone
FNDA:5,(anonymous_5)
FNDA:14,validateDate
FNDA:4,(anonymous_7)
FNDA:7,validateTime
FNDA:2,(anonymous_9)
FNDA:92,validateId
FNDA:2,(anonymous_11)
FNDA:0,validateLength
FNDA:0,(anonymous_13)
FNDA:13,sanitizeInput
FNDA:50,(anonymous_15)
DA:8,52
DA:9,6
DA:11,6
DA:12,12
DA:13,2
DA:17,6
DA:18,2
DA:24,4
DA:32,13
DA:33,3
DA:34,2
DA:35,2
DA:36,1
DA:42,2
DA:50,17
DA:51,5
DA:52,5
DA:53,5
DA:54,5
DA:55,1
DA:61,4
DA:69,14
DA:70,4
DA:71,4
DA:72,4
DA:73,1
DA:79,3
DA:80,3
DA:81,0
DA:87,3
DA:95,7
DA:96,2
DA:97,2
DA:98,2
DA:99,1
DA:105,1
DA:113,92
DA:114,2
DA:115,2
DA:116,1
DA:121,1
DA:129,0
DA:130,0
DA:131,0
DA:132,0
DA:133,0
DA:139,0
DA:147,13
DA:148,50
DA:149,26
DA:151,24
DA:152,0
DA:154,24
DA:155,24
DA:156,24
DA:157,26
DA:159,24
DA:161,0
DA:164,13
DA:165,11
DA:167,13
DA:168,13
DA:171,13
DA:174,6
LF:64
LH:55
BRDA:12,0,0,2
BRDA:12,0,1,10
BRDA:12,1,0,12
BRDA:12,1,1,10
BRDA:12,1,2,10
BRDA:17,2,0,2
BRDA:17,2,1,4
BRDA:31,3,0,0
BRDA:33,4,0,2
BRDA:33,4,1,1
BRDA:35,5,0,1
BRDA:35,5,1,1
BRDA:49,6,0,0
BRDA:51,7,0,5
BRDA:51,7,1,0
BRDA:54,8,0,1
BRDA:54,8,1,4
BRDA:54,9,0,5
BRDA:54,9,1,1
BRDA:68,10,0,0
BRDA:70,11,0,4
BRDA:70,11,1,0
BRDA:72,12,0,1
BRDA:72,12,1,3
BRDA:80,13,0,0
BRDA:80,13,1,3
BRDA:94,14,0,0
BRDA:96,15,0,2
BRDA:96,15,1,0
BRDA:98,16,0,1
BRDA:98,16,1,1
BRDA:112,17,0,0
BRDA:114,18,0,2
BRDA:114,18,1,0
BRDA:115,19,0,1
BRDA:115,19,1,1
BRDA:115,20,0,2
BRDA:115,20,1,2
BRDA:115,20,2,1
BRDA:128,21,0,0
BRDA:128,22,0,0
BRDA:130,23,0,0
BRDA:130,23,1,0
BRDA:132,24,0,0
BRDA:132,24,1,0
BRDA:132,25,0,0
BRDA:132,25,1,0
BRDA:148,26,0,26
BRDA:148,26,1,24
BRDA:151,27,0,0
BRDA:151,27,1,24
BRDA:154,28,0,24
BRDA:154,28,1,0
BRDA:154,29,0,24
BRDA:154,29,1,24
BRDA:164,30,0,11
BRDA:164,30,1,2
BRDA:167,31,0,13
BRDA:167,31,1,0
BRF:59
BRH:38
end_of_record
TN:
SF:src\routes\abhaRoutes.js
FNF:0
FNH:0
DA:1,5
DA:2,5
DA:3,5
DA:5,5
DA:7,5
DA:8,5
DA:9,5
DA:10,5
DA:12,5
LF:9
LH:9
BRF:0
BRH:0
end_of_record
TN:
SF:src\routes\analyticsRoutes.js
FNF:0
FNH:0
DA:1,5
DA:16,5
DA:17,5
DA:19,5
DA:21,5
DA:22,5
DA:23,5
DA:24,5
DA:25,5
DA:26,5
DA:27,5
DA:28,5
DA:29,5
DA:30,5
DA:31,5
DA:32,5
DA:33,5
DA:35,5
LF:18
LH:18
BRF:0
BRH:0
end_of_record
TN:
SF:src\routes\appointmentIntentRoutes.js
FN:21,(anonymous_0)
FNF:1
FNH:1
FNDA:3,(anonymous_0)
DA:1,5
DA:9,5
DA:10,5
DA:11,5
DA:12,5
DA:14,5
DA:17,5
DA:22,3
DA:23,2
DA:25,1
DA:31,5
DA:32,5
DA:33,5
DA:34,5
DA:41,5
DA:43,5
LF:16
LH:16
BRDA:22,0,0,2
BRDA:22,0,1,1
BRF:2
BRH:2
end_of_record
TN:
SF:src\routes\appointmentRoutes.js
FNF:0
FNH:0
DA:1,5
DA:2,5
DA:3,5
DA:4,5
DA:5,5
DA:6,5
DA:8,5
DA:10,5
DA:11,5
DA:20,5
LF:10
LH:10
BRF:0
BRH:0
end_of_record
TN:
SF:src\routes\auditRoutes.js
FN:8,(anonymous_0)
FN:46,(anonymous_1)
FNF:2
FNH:0
FNDA:0,(anonymous_0)
FNDA:0,(anonymous_1)
DA:1,5
DA:2,5
DA:3,5
DA:5,5
DA:8,5
DA:9,0
DA:19,0
DA:22,0
DA:23,0
DA:26,0
DA:37,0
DA:38,0
DA:40,0
DA:41,0
DA:46,5
DA:47,0
DA:48,0
DA:51,0
DA:52,0
DA:55,0
DA:56,0
DA:61,0
DA:62,0
DA:65,0
DA:67,0
DA:68,0
DA:72,5
LF:27
LH:7
BRDA:17,0,0,0
BRDA:18,1,0,0
BRDA:22,2,0,0
BRDA:22,2,1,0
BRDA:27,3,0,0
BRDA:27,3,1,0
BRDA:51,4,0,0
BRDA:51,4,1,0
BRDA:61,5,0,0
BRDA:61,5,1,0
BRF:10
BRH:0
end_of_record
TN:
SF:src\routes\authRoutes.js
FNF:0
FNH:0
DA:1,5
DA:2,5
DA:4,5
DA:6,5
DA:8,5
LF:5
LH:5
BRF:0
BRH:0
end_of_record
TN:
SF:src\routes\backupRoutes.js
FNF:0
FNH:0
DA:1,5
DA:8,5
DA:9,5
DA:10,5
DA:12,5
DA:15,5
DA:16,5
DA:17,5
DA:18,5
DA:19,5
DA:21,5
LF:11
LH:11
BRF:0
BRH:0
end_of_record
TN:
SF:src\routes\billRoutes.js
FNF:0
FNH:0
DA:1,5
DA:2,5
DA:3,5
DA:4,5
DA:6,5
DA:8,5
DA:9,5
DA:10,5
DA:11,5
DA:12,5
DA:13,5
DA:15,5
LF:12
LH:12
BRF:0
BRH:0
end_of_record
TN:
SF:src\routes\clinicRoutes.js
FNF:0
FNH:0
DA:1,5
DA:8,5
DA:9,5
DA:10,5
DA:11,5
DA:13,5
DA:15,5
DA:16,5
DA:17,5
DA:18,5
DA:19,5
DA:21,5
LF:12
LH:12
BRF:0
BRH:0
end_of_record
TN:
SF:src\routes\doctorRoutes.js
FNF:0
FNH:0
DA:1,5
DA:2,5
DA:3,5
DA:5,5
DA:7,5
DA:9,5
LF:6
LH:6
BRF:0
BRH:0
end_of_record
TN:
SF:src\routes\familyHistoryRoutes.js
FNF:0
FNH:0
DA:1,5
DA:7,5
DA:8,5
DA:9,5
DA:11,5
DA:13,5
DA:14,5
DA:19,5
DA:24,5
DA:26,5
LF:10
LH:10
BRF:0
BRH:0
end_of_record
TN:
SF:src\routes\insuranceRoutes.js
FNF:0
FNH:0
DA:1,5
DA:8,5
DA:9,5
DA:10,5
DA:11,5
DA:13,5
DA:43,5
DA:46,5
DA:82,5
DA:91,5
DA:100,5
DA:108,5
LF:12
LH:12
BRF:0
BRH:0
end_of_record
TN:
SF:src\routes\labRoutes.js
FNF:0
FNH:0
DA:1,5
DA:2,5
DA:3,5
DA:4,5
DA:6,5
DA:8,5
DA:9,5
DA:10,5
DA:11,5
DA:13,5
LF:10
LH:10
BRF:0
BRH:0
end_of_record
TN:
SF:src\routes\labTemplateRoutes.js
FNF:0
FNH:0
DA:1,5
DA:8,5
DA:9,5
DA:10,5
DA:11,5
DA:12,5
DA:14,5
DA:16,5
DA:17,5
DA:18,5
DA:24,5
DA:30,5
DA:37,5
LF:13
LH:13
BRF:0
BRH:0
end_of_record
TN:
SF:src\routes\notificationRoutes.js
FNF:0
FNH:0
DA:1,5
DA:10,5
DA:11,5
DA:13,5
DA:15,5
DA:16,5
DA:17,5
DA:18,5
DA:19,5
DA:20,5
DA:21,5
DA:23,5
LF:12
LH:12
BRF:0
BRH:0
end_of_record
TN:
SF:src\routes\patientDataRoutes.js
FNF:0
FNH:0
DA:1,5
DA:2,5
DA:3,5
DA:13,5
DA:15,5
DA:17,5
DA:18,5
DA:19,5
DA:20,5
DA:21,5
DA:22,5
DA:23,5
DA:25,5
LF:13
LH:13
BRF:0
BRH:0
end_of_record
TN:
SF:src\routes\patientRoutes.js
FNF:0
FNH:0
DA:1,5
DA:2,5
DA:3,5
DA:4,5
DA:5,5
DA:6,5
DA:8,5
DA:40,5
DA:63,5
DA:100,5
DA:108,5
DA:116,5
DA:117,5
DA:119,5
LF:14
LH:14
BRF:0
BRH:0
end_of_record
TN:
SF:src\routes\permissionRoutes.js
FNF:0
FNH:0
DA:1,5
DA:5,5
DA:6,5
DA:7,5
DA:9,5
DA:11,5
DA:12,5
DA:14,5
LF:8
LH:8
BRF:0
BRH:0
end_of_record
TN:
SF:src\routes\prescriptionRoutes.js
FNF:0
FNH:0
DA:1,5
DA:2,5
DA:3,5
DA:4,5
DA:6,5
DA:8,5
DA:9,5
DA:10,5
DA:11,5
DA:13,5
LF:10
LH:10
BRF:0
BRH:0
end_of_record
TN:
SF:src\services\auditService.js
FN:4,(anonymous_0)
FN:46,(anonymous_1)
FN:53,(anonymous_2)
FNF:3
FNH:0
FNDA:0,(anonymous_0)
FNDA:0,(anonymous_1)
FNDA:0,(anonymous_2)
DA:1,5
DA:5,0
DA:6,0
DA:9,0
DA:10,0
DA:12,0
DA:13,0
DA:14,0
DA:17,0
DA:27,0
DA:41,0
DA:47,0
DA:48,0
DA:50,0
DA:54,0
DA:55,0
DA:56,0
DA:57,0
DA:59,0
DA:60,0
DA:61,0
DA:64,0
DA:65,0
DA:66,0
DA:69,0
DA:70,0
DA:71,0
DA:74,0
DA:75,0
DA:76,0
DA:79,0
DA:80,0
DA:81,0
DA:84,0
DA:85,0
DA:86,0
DA:89,0
DA:90,0
DA:92,0
DA:93,0
DA:95,0
DA:96,0
DA:101,5
LF:43
LH:2
BRDA:4,0,0,0
BRDA:4,1,0,0
BRDA:12,2,0,0
BRDA:12,2,1,0
BRDA:13,3,0,0
BRDA:13,3,1,0
BRDA:21,4,0,0
BRDA:21,4,1,0
BRDA:22,5,0,0
BRDA:22,5,1,0
BRDA:22,6,0,0
BRDA:22,6,1,0
BRDA:46,7,0,0
BRDA:48,8,0,0
BRDA:48,8,1,0
BRDA:53,9,0,0
BRDA:59,10,0,0
BRDA:59,10,1,0
BRDA:64,11,0,0
BRDA:64,11,1,0
BRDA:69,12,0,0
BRDA:69,12,1,0
BRDA:74,13,0,0
BRDA:74,13,1,0
BRDA:79,14,0,0
BRDA:79,14,1,0
BRDA:84,15,0,0
BRDA:84,15,1,0
BRDA:90,16,0,0
BRDA:90,16,1,0
BRDA:90,17,0,0
BRDA:90,17,1,0
BRF:32
BRH:0
end_of_record
TN:
SF:src\services\emailService.js
FN:14,sendEmail
FNF:1
FNH:0
FNDA:0,sendEmail
DA:1,5
DA:2,5
DA:4,5
DA:15,0
DA:16,0
DA:19,0
DA:27,0
DA:30,5
LF:8
LH:4
BRDA:15,0,0,0
BRDA:15,0,1,0
BRDA:15,1,0,0
BRDA:15,1,1,0
BRF:4
BRH:0
end_of_record
TN:
SF:src\services\pdfService.js
FN:6,(anonymous_0)
FN:10,(anonymous_1)
FN:19,(anonymous_2)
FN:26,(anonymous_3)
FN:55,(anonymous_4)
FN:80,(anonymous_5)
FN:344,(anonymous_6)
FN:361,(anonymous_7)
FN:377,(anonymous_8)
FN:403,(anonymous_9)
FN:455,(anonymous_10)
FN:462,(anonymous_11)
FN:635,(anonymous_12)
FN:681,(anonymous_13)
FN:695,(anonymous_14)
FNF:15
FNH:1
FNDA:5,(anonymous_0)
FNDA:0,(anonymous_1)
FNDA:0,(anonymous_2)
FNDA:0,(anonymous_3)
FNDA:0,(anonymous_4)
FNDA:0,(anonymous_5)
FNDA:0,(anonymous_6)
FNDA:0,(anonymous_7)
FNDA:0,(anonymous_8)
FNDA:0,(anonymous_9)
FNDA:0,(anonymous_10)
FNDA:0,(anonymous_11)
FNDA:0,(anonymous_12)
FNDA:0,(anonymous_13)
FNDA:0,(anonymous_14)
DA:1,5
DA:2,5
DA:3,5
DA:7,5
DA:11,0
DA:12,0
DA:20,0
DA:21,0
DA:22,0
DA:27,0
DA:29,0
DA:32,0
DA:35,0
DA:37,0
DA:40,0
DA:51,0
DA:52,0
DA:56,0
DA:58,0
DA:59,0
DA:61,0
DA:63,0
DA:65,0
DA:76,0
DA:77,0
DA:81,0
DA:87,0
DA:344,0
DA:361,0
DA:377,0
DA:403,0
DA:456,0
DA:462,0
DA:464,0
DA:635,0
DA:682,0
DA:683,0
DA:684,0
DA:685,0
DA:686,0
DA:688,0
DA:689,0
DA:692,0
DA:696,0
DA:706,0
DA:710,5
LF:46
LH:5
BRDA:11,0,0,0
BRDA:11,0,1,0
BRDA:20,1,0,0
BRDA:20,1,1,0
BRDA:282,2,0,0
BRDA:282,2,1,0
BRDA:284,3,0,0
BRDA:284,3,1,0
BRDA:285,4,0,0
BRDA:285,4,1,0
BRDA:285,5,0,0
BRDA:285,5,1,0
BRDA:285,6,0,0
BRDA:285,6,1,0
BRDA:286,7,0,0
BRDA:286,7,1,0
BRDA:286,8,0,0
BRDA:286,8,1,0
BRDA:292,9,0,0
BRDA:292,9,1,0
BRDA:294,10,0,0
BRDA:294,10,1,0
BRDA:294,11,0,0
BRDA:294,11,1,0
BRDA:295,12,0,0
BRDA:295,12,1,0
BRDA:295,13,0,0
BRDA:295,13,1,0
BRDA:304,14,0,0
BRDA:304,14,1,0
BRDA:308,15,0,0
BRDA:308,15,1,0
BRDA:312,16,0,0
BRDA:312,16,1,0
BRDA:316,17,0,0
BRDA:316,17,1,0
BRDA:326,18,0,0
BRDA:326,18,1,0
BRDA:332,19,0,0
BRDA:332,19,1,0
BRDA:347,20,0,0
BRDA:347,20,1,0
BRDA:357,21,0,0
BRDA:357,21,1,0
BRDA:357,22,0,0
BRDA:357,22,1,0
BRDA:363,23,0,0
BRDA:363,23,1,0
BRDA:363,24,0,0
BRDA:363,24,1,0
BRDA:364,25,0,0
BRDA:364,25,1,0
BRDA:365,26,0,0
BRDA:365,26,1,0
BRDA:373,27,0,0
BRDA:373,27,1,0
BRDA:373,28,0,0
BRDA:373,28,1,0
BRDA:379,29,0,0
BRDA:379,29,1,0
BRDA:379,30,0,0
BRDA:379,30,1,0
BRDA:380,31,0,0
BRDA:380,31,1,0
BRDA:381,32,0,0
BRDA:381,32,1,0
BRDA:389,33,0,0
BRDA:389,33,1,0
BRDA:389,34,0,0
BRDA:389,34,1,0
BRDA:405,35,0,0
BRDA:405,35,1,0
BRDA:406,36,0,0
BRDA:406,36,1,0
BRDA:407,37,0,0
BRDA:407,37,1,0
BRDA:408,38,0,0
BRDA:408,38,1,0
BRDA:409,39,0,0
BRDA:409,39,1,0
BRDA:418,40,0,0
BRDA:418,40,1,0
BRDA:428,41,0,0
BRDA:428,41,1,0
BRDA:439,42,0,0
BRDA:439,42,1,0
BRDA:462,43,0,0
BRDA:462,43,1,0
BRDA:462,44,0,0
BRDA:462,44,1,0
BRDA:591,45,0,0
BRDA:591,45,1,0
BRDA:600,46,0,0
BRDA:600,46,1,0
BRDA:608,47,0,0
BRDA:608,47,1,0
BRDA:612,48,0,0
BRDA:612,48,1,0
BRDA:618,49,0,0
BRDA:618,49,1,0
BRDA:624,50,0,0
BRDA:624,50,1,0
BRDA:624,51,0,0
BRDA:624,51,1,0
BRDA:637,52,0,0
BRDA:637,52,1,0
BRDA:638,53,0,0
BRDA:638,53,1,0
BRDA:639,54,0,0
BRDA:639,54,1,0
BRDA:640,55,0,0
BRDA:640,55,1,0
BRDA:655,56,0,0
BRDA:655,56,1,0
BRDA:659,57,0,0
BRDA:659,57,1,0
BRDA:661,58,0,0
BRDA:661,58,1,0
BRDA:673,59,0,0
BRDA:673,59,1,0
BRDA:682,60,0,0
BRDA:682,60,1,0
BRDA:688,61,0,0
BRDA:688,61,1,0
BRDA:688,62,0,0
BRDA:688,62,1,0
BRDA:688,62,2,0
BRDA:706,63,0,0
BRDA:706,63,1,0
BRF:129
BRH:0
end_of_record
TN:
SF:src\services\smsService.js
FN:9,sendSMS
FNF:1
FNH:0
FNDA:0,sendSMS
DA:11,0
DA:14,0
DA:21,0
LF:3
LH:0
BRF:0
BRH:0
end_of_record
TN:
SF:src\services\whatsappService.js
FN:4,sendWhatsAppTemplateMessage
FNF:1
FNH:0
FNDA:0,sendWhatsAppTemplateMessage
DA:1,5
DA:2,5
DA:5,0
DA:6,0
DA:9,0
DA:10,0
DA:20,0
DA:27,0
DA:30,5
LF:9
LH:3
BRDA:4,0,0,0
BRDA:5,1,0,0
BRDA:5,1,1,0
BRDA:5,2,0,0
BRDA:5,2,1,0
BRF:5
BRH:0
end_of_record
TN:
SF:src\utils\encryption.js
FN:15,getKey
FN:24,encrypt
FN:57,decrypt
FN:88,hash
FN:99,encryptFields
FN:103,(anonymous_5)
FN:118,decryptFields
FN:122,(anonymous_7)
FNF:8
FNH:8
FNDA:10,getKey
FNDA:9,encrypt
FNDA:4,decrypt
FNDA:4,hash
FNDA:3,encryptFields
FNDA:4,(anonymous_5)
FNDA:1,decryptFields
FNDA:2,(anonymous_7)
DA:1,1
DA:4,1
DA:5,1
DA:6,1
DA:7,1
DA:8,1
DA:9,1
DA:10,1
DA:16,10
DA:25,9
DA:27,6
DA:28,6
DA:29,6
DA:30,6
DA:32,6
DA:33,6
DA:34,6
DA:35,6
DA:38,6
DA:45,6
DA:47,0
DA:48,0
DA:58,4
DA:60,4
DA:61,4
DA:64,4
DA:65,4
DA:66,4
DA:67,4
DA:69,4
DA:70,4
DA:71,4
DA:73,4
DA:74,4
DA:76,4
DA:78,0
DA:79,0
DA:89,4
DA:90,2
DA:100,3
DA:102,3
DA:103,3
DA:104,4
DA:105,4
DA:109,3
DA:119,1
DA:121,1
DA:122,1
DA:123,2
DA:124,2
DA:128,1
DA:131,1
LF:52
LH:48
BRDA:4,0,0,1
BRDA:4,0,1,1
BRDA:25,1,0,3
BRDA:25,1,1,6
BRDA:58,2,0,0
BRDA:58,2,1,4
BRDA:89,3,0,2
BRDA:89,3,1,2
BRDA:100,4,0,0
BRDA:100,4,1,3
BRDA:100,5,0,3
BRDA:100,5,1,3
BRDA:100,5,2,3
BRDA:104,6,0,4
BRDA:104,6,1,0
BRDA:119,7,0,0
BRDA:119,7,1,1
BRDA:119,8,0,1
BRDA:119,8,1,1
BRDA:119,8,2,1
BRDA:123,9,0,2
BRDA:123,9,1,0
BRF:22
BRH:17
end_of_record
